#
# There is insufficient memory for the Java Runtime Environment to continue.
# Native memory allocation (malloc) failed to allocate 1026896 bytes for Chunk::new
# Possible reasons:
#   The system is out of physical RAM or swap space
#   The process is running with CompressedOops enabled, and the Java Heap may be blocking the growth of the native heap
# Possible solutions:
#   Reduce memory load on the system
#   Increase physical memory or swap space
#   Check if swap backing store is full
#   Decrease Java heap size (-Xmx/-Xms)
#   Decrease number of Java threads
#   Decrease Java thread stack sizes (-Xss)
#   Set larger code cache with -XX:ReservedCodeCacheSize=
#   JVM is running with Unscaled Compressed Oops mode in which the Java heap is
#     placed in the first 4GB address space. The Java Heap base address is the
#     maximum limit for the native heap growth. Please use -XX:HeapBaseMinAddress
#     to set the Java Heap base and to place the Java Heap above 4GB virtual address.
# This output file may be truncated or incomplete.
#
#  Out of Memory Error (./src/hotspot/share/memory/arena.cpp:197), pid=10856, tid=19044
#
# JRE version: OpenJDK Runtime Environment (11.0.12+7) (build 11.0.12+7-b1504.28-7817840)
# Java VM: OpenJDK 64-Bit Server VM (11.0.12+7-b1504.28-7817840, mixed mode, tiered, compressed oops, g1 gc, windows-amd64)
# No core dump will be written. Minidumps are not enabled by default on client versions of Windows
#

---------------  S U M M A R Y ------------

Command Line: --add-opens=java.base/java.util=ALL-UNNAMED --add-opens=java.base/java.lang=ALL-UNNAMED --add-opens=java.base/java.lang.invoke=ALL-UNNAMED --add-opens=java.base/java.util=ALL-UNNAMED --add-opens=java.prefs/java.util.prefs=ALL-UNNAMED --add-opens=java.prefs/java.util.prefs=ALL-UNNAMED --add-opens=java.base/java.nio.charset=ALL-UNNAMED --add-opens=java.base/java.net=ALL-UNNAMED --add-opens=java.base/java.util.concurrent.atomic=ALL-UNNAMED -Xmx2048m -Dfile.encoding=UTF-8 -Duser.country=RU -Duser.language=ru -Duser.variant org.gradle.launcher.daemon.bootstrap.GradleDaemon 7.3.3

Host: Intel(R) Core(TM) i7-4720HQ CPU @ 2.60GHz, 8 cores, 15G,  Windows 10 , 64 bit Build 19041 (10.0.19041.2251)
Time: Mon Dec 12 16:41:37 2022 RTZ 2 (зима) elapsed time: 530.501035 seconds (0d 0h 8m 50s)

---------------  T H R E A D  ---------------

Current thread (0x0000011e950d5800):  JavaThread "C2 CompilerThread0" daemon [_thread_in_native, id=19044, stack(0x00000008d4300000,0x00000008d4400000)]


Current CompileTask:
C2: 530501 17341 %     4       com.android.tools.r8.dex.j::m @ 64 (2094 bytes)

Stack: [0x00000008d4300000,0x00000008d4400000]
Native frames: (J=compiled Java code, j=interpreted, Vv=VM code, C=native code)
V  [jvm.dll+0x5fbcea]
V  [jvm.dll+0x731905]
V  [jvm.dll+0x732f1d]
V  [jvm.dll+0x7335d3]
V  [jvm.dll+0x247bf8]
V  [jvm.dll+0xc018c]
V  [jvm.dll+0xc06cc]
V  [jvm.dll+0x35b31d]
V  [jvm.dll+0x19cebc]
V  [jvm.dll+0x20070e]
V  [jvm.dll+0x1ff794]
V  [jvm.dll+0x18868c]
V  [jvm.dll+0x20e0d7]
V  [jvm.dll+0x20c901]
V  [jvm.dll+0x6f9b7f]
V  [jvm.dll+0x6f26a5]
V  [jvm.dll+0x5fabf6]
C  [ucrtbase.dll+0x21bb2]
C  [KERNEL32.DLL+0x174b4]
C  [ntdll.dll+0x526a1]


---------------  P R O C E S S  ---------------

Threads class SMR info:
_java_thread_list=0x0000011e9ae56830, length=154, elements={
0x0000011ef98bb800, 0x0000011e95065800, 0x0000011e95071000, 0x0000011e9508d800,
0x0000011e9508e800, 0x0000011e9508f800, 0x0000011e950d5800, 0x0000011e950dd800,
0x0000011e950e2000, 0x0000011e9524b800, 0x0000011e97546800, 0x0000011e96aea000,
0x0000011e957f7000, 0x0000011e972e1000, 0x0000011e972e3800, 0x0000011e972e5000,
0x0000011e972e2800, 0x0000011e972e2000, 0x0000011e987b6000, 0x0000011e987b7800,
0x0000011e987b5000, 0x0000011e987b2000, 0x0000011e987b2800, 0x0000011e98830800,
0x0000011e98837000, 0x0000011e98832000, 0x0000011e98833800, 0x0000011e98f0f800,
0x0000011e98f12800, 0x0000011e98f12000, 0x0000011e98f14000, 0x0000011e9882a800,
0x0000011e9882b800, 0x0000011e9882e000, 0x0000011e98828000, 0x0000011e9882c800,
0x0000011e9882e800, 0x0000011e9882d000, 0x0000011e98829000, 0x0000011e9882f800,
0x0000011e9882a000, 0x0000011e98831000, 0x0000011e98834800, 0x0000011e98833000,
0x0000011e98835800, 0x0000011e98836000, 0x0000011e98f10000, 0x0000011e98f13800,
0x0000011e98f0e800, 0x0000011e98f1a000, 0x0000011e98f16000, 0x0000011e98f19000,
0x0000011e98f16800, 0x0000011e98f1b000, 0x0000011e98f15000, 0x0000011e98f1b800,
0x0000011e98f1c800, 0x0000011e98f1d000, 0x0000011e98f17800, 0x0000011e98f18800,
0x0000011e972e0000, 0x0000011e972e4800, 0x0000011e972e6000, 0x0000011e972e7000,
0x0000011e987b8800, 0x0000011e987b3800, 0x0000011e9d0da000, 0x0000011e9d0dd000,
0x0000011e9d0da800, 0x0000011e9d0d9000, 0x0000011e9d0dc000, 0x0000011e9d0de000,
0x0000011e9d0db800, 0x0000011e9d0d8000, 0x0000011e9d0df800, 0x0000011e9d0e3000,
0x0000011e9d0de800, 0x0000011e9d0e0800, 0x0000011e9d0e2000, 0x0000011e9d0e1000,
0x0000011e9d0e5000, 0x0000011e9d0e3800, 0x0000011e9d0e6000, 0x0000011e9d0e4800,
0x0000011e9d0e7000, 0x0000011e9cb68000, 0x0000011e9cb68800, 0x0000011e9cb6b000,
0x0000011e9cb69800, 0x0000011e9cb65800, 0x0000011e9cb6a000, 0x0000011e9cb6c000,
0x0000011e9cb66000, 0x0000011e9cb67000, 0x0000011e97577800, 0x0000011e9757e000,
0x0000011e9757c000, 0x0000011e9757a800, 0x0000011e97579000, 0x0000011e9757b800,
0x0000011e9757d000, 0x0000011e97578000, 0x0000011e97579800, 0x0000011e9c716800,
0x0000011e9c716000, 0x0000011e9c718800, 0x0000011e9c71a000, 0x0000011e9c719000,
0x0000011e9c71b000, 0x0000011e9c717800, 0x0000011e9c715000, 0x0000011e9c71b800,
0x0000011e9cd5f800, 0x0000011e9cd61000, 0x0000011e9cd62000, 0x0000011e9cd62800,
0x0000011e9cd65000, 0x0000011e9cd66000, 0x0000011e9cd63800, 0x0000011e9cd64800,
0x0000011e9cd60000, 0x0000011e9cd69000, 0x0000011e98302800, 0x0000011e9cd6a000,
0x0000011e9cd67000, 0x0000011e9cd6b000, 0x0000011e9cd6b800, 0x0000011e9cd67800,
0x0000011e9cd6c800, 0x0000011e9cd6d800, 0x0000011e9cd6e000, 0x0000011e9cd68800,
0x0000011e9d126800, 0x0000011e9d125800, 0x0000011e9d123000, 0x0000011e9cc12800,
0x0000011e9d122800, 0x0000011e9d129800, 0x0000011e9d124000, 0x0000011e9d12a800,
0x0000011e9d125000, 0x0000011e9d12b800, 0x0000011e9d12c000, 0x0000011e9d12d000,
0x0000011e9d127000, 0x0000011e9d12e000, 0x0000011e9d128000, 0x0000011e9d129000,
0x0000011e9d130000, 0x0000011e9d12e800, 0x0000011e9d131000, 0x0000011e9d12f800,
0x0000011e9ff3d800, 0x0000011e9ff3d000
}

Java Threads: ( => current thread )
  0x0000011ef98bb800 JavaThread "main" [_thread_blocked, id=14696, stack(0x00000008d3700000,0x00000008d3800000)]
  0x0000011e95065800 JavaThread "Reference Handler" daemon [_thread_blocked, id=17568, stack(0x00000008d3e00000,0x00000008d3f00000)]
  0x0000011e95071000 JavaThread "Finalizer" daemon [_thread_blocked, id=14948, stack(0x00000008d3f00000,0x00000008d4000000)]
  0x0000011e9508d800 JavaThread "Signal Dispatcher" daemon [_thread_blocked, id=13092, stack(0x00000008d4000000,0x00000008d4100000)]
  0x0000011e9508e800 JavaThread "Attach Listener" daemon [_thread_blocked, id=15448, stack(0x00000008d4100000,0x00000008d4200000)]
  0x0000011e9508f800 JavaThread "Service Thread" daemon [_thread_blocked, id=13292, stack(0x00000008d4200000,0x00000008d4300000)]
=>0x0000011e950d5800 JavaThread "C2 CompilerThread0" daemon [_thread_in_native, id=19044, stack(0x00000008d4300000,0x00000008d4400000)]
  0x0000011e950dd800 JavaThread "C1 CompilerThread0" daemon [_thread_in_native, id=1704, stack(0x00000008d4400000,0x00000008d4500000)]
  0x0000011e950e2000 JavaThread "Sweeper thread" daemon [_thread_blocked, id=2612, stack(0x00000008d4500000,0x00000008d4600000)]
  0x0000011e9524b800 JavaThread "Common-Cleaner" daemon [_thread_blocked, id=1464, stack(0x00000008d4600000,0x00000008d4700000)]
  0x0000011e97546800 JavaThread "Daemon health stats" [_thread_blocked, id=11792, stack(0x00000008d4f00000,0x00000008d5000000)]
  0x0000011e96aea000 JavaThread "Incoming local TCP Connector on port 52226" [_thread_in_native, id=10544, stack(0x00000008d4e00000,0x00000008d4f00000)]
  0x0000011e957f7000 JavaThread "Daemon periodic checks" [_thread_blocked, id=2336, stack(0x00000008d5000000,0x00000008d5100000)]
  0x0000011e972e1000 JavaThread "Cache worker for journal cache (C:\Users\user\.gradle\caches\journal-1)" [_thread_blocked, id=5468, stack(0x00000008d5a00000,0x00000008d5b00000)]
  0x0000011e972e3800 JavaThread "File lock request listener" [_thread_in_native, id=4460, stack(0x00000008d5b00000,0x00000008d5c00000)]
  0x0000011e972e5000 JavaThread "Cache worker for file hash cache (C:\Users\user\.gradle\caches\7.3.3\fileHashes)" [_thread_blocked, id=10664, stack(0x00000008d5c00000,0x00000008d5d00000)]
  0x0000011e972e2800 JavaThread "File watcher server" daemon [_thread_in_native, id=11700, stack(0x00000008d5f00000,0x00000008d6000000)]
  0x0000011e972e2000 JavaThread "File watcher consumer" daemon [_thread_blocked, id=11900, stack(0x00000008d6000000,0x00000008d6100000)]
  0x0000011e987b6000 JavaThread "Cache worker for execution history cache (C:\Users\user\.gradle\caches\7.3.3\executionHistory)" [_thread_blocked, id=11004, stack(0x00000008d6400000,0x00000008d6500000)]
  0x0000011e987b7800 JavaThread "jar transforms" [_thread_blocked, id=5216, stack(0x00000008d6600000,0x00000008d6700000)]
  0x0000011e987b5000 JavaThread "Cache worker for file content cache (C:\Users\user\.gradle\caches\7.3.3\fileContent)" [_thread_blocked, id=18448, stack(0x00000008d6700000,0x00000008d6800000)]
  0x0000011e987b2000 JavaThread "jar transforms Thread 2" [_thread_blocked, id=13956, stack(0x00000008d6800000,0x00000008d6900000)]
  0x0000011e987b2800 JavaThread "jar transforms Thread 3" [_thread_blocked, id=11872, stack(0x00000008d6500000,0x00000008d6600000)]
  0x0000011e98830800 JavaThread "jar transforms Thread 4" [_thread_blocked, id=19144, stack(0x00000008dbc00000,0x00000008dbd00000)]
  0x0000011e98837000 JavaThread "jar transforms Thread 5" [_thread_blocked, id=2128, stack(0x00000008dbd00000,0x00000008dbe00000)]
  0x0000011e98832000 JavaThread "jar transforms Thread 6" [_thread_blocked, id=9600, stack(0x00000008dbe00000,0x00000008dbf00000)]
  0x0000011e98833800 JavaThread "jar transforms Thread 7" [_thread_blocked, id=11080, stack(0x00000008dbf00000,0x00000008dc000000)]
  0x0000011e98f0f800 JavaThread "jar transforms Thread 8" [_thread_blocked, id=4516, stack(0x00000008dc000000,0x00000008dc100000)]
  0x0000011e98f12800 JavaThread "Memory manager" [_thread_blocked, id=1684, stack(0x00000008dc100000,0x00000008dc200000)]
  0x0000011e98f12000 JavaThread "Daemon Thread 2" [_thread_blocked, id=16820, stack(0x00000008d3400000,0x00000008d3500000)]
  0x0000011e98f14000 JavaThread "Daemon worker Thread 2" [_thread_blocked, id=1280, stack(0x00000008d4800000,0x00000008d4900000)]
  0x0000011e9882a800 JavaThread "Handler for socket connection from /127.0.0.1:52226 to /127.0.0.1:52575" [_thread_in_native, id=13488, stack(0x00000008d3500000,0x00000008d3600000)]
  0x0000011e9882b800 JavaThread "Cancel handler" [_thread_blocked, id=11212, stack(0x00000008d3600000,0x00000008d3700000)]
  0x0000011e9882e000 JavaThread "Asynchronous log dispatcher for DefaultDaemonConnection: socket connection from /127.0.0.1:52226 to /127.0.0.1:52575" [_thread_blocked, id=16008, stack(0x00000008d5100000,0x00000008d5200000)]
  0x0000011e98828000 JavaThread "Stdin handler" [_thread_blocked, id=4312, stack(0x00000008d5200000,0x00000008d5300000)]
  0x0000011e9882c800 JavaThread "Daemon client event forwarder" [_thread_blocked, id=8864, stack(0x00000008d5300000,0x00000008d5400000)]
  0x0000011e9882e800 JavaThread "Cache worker for file hash cache (C:\Users\user\AndroidStudioProjects\WorkTPP7\.gradle\7.3.3\fileHashes)" [_thread_blocked, id=6252, stack(0x00000008d5400000,0x00000008d5500000)]
  0x0000011e9882d000 JavaThread "Cache worker for checksums cache (C:\Users\user\AndroidStudioProjects\WorkTPP7\.gradle\7.3.3\checksums)" [_thread_blocked, id=14192, stack(0x00000008d5500000,0x00000008d5600000)]
  0x0000011e98829000 JavaThread "Cache worker for cache directory md-supplier (C:\Users\user\.gradle\caches\7.3.3\md-supplier)" [_thread_blocked, id=9464, stack(0x00000008d5600000,0x00000008d5700000)]
  0x0000011e9882f800 JavaThread "Cache worker for cache directory md-rule (C:\Users\user\.gradle\caches\7.3.3\md-rule)" [_thread_blocked, id=14640, stack(0x00000008d5700000,0x00000008d5800000)]
  0x0000011e9882a000 JavaThread "Cache worker for dependencies-accessors (C:\Users\user\AndroidStudioProjects\WorkTPP7\.gradle\7.3.3\dependencies-accessors)" [_thread_blocked, id=15552, stack(0x00000008d5e00000,0x00000008d5f00000)]
  0x0000011e98831000 JavaThread "Cache worker for Build Output Cleanup Cache (C:\Users\user\AndroidStudioProjects\WorkTPP7\.gradle\buildOutputCleanup)" [_thread_blocked, id=14820, stack(0x00000008d6100000,0x00000008d6200000)]
  0x0000011e98834800 JavaThread "Unconstrained build operations" [_thread_blocked, id=4628, stack(0x00000008d6200000,0x00000008d6300000)]
  0x0000011e98833000 JavaThread "Unconstrained build operations Thread 2" [_thread_blocked, id=19352, stack(0x00000008d6300000,0x00000008d6400000)]
  0x0000011e98835800 JavaThread "Unconstrained build operations Thread 3" [_thread_blocked, id=16388, stack(0x00000008d6900000,0x00000008d6a00000)]
  0x0000011e98836000 JavaThread "Unconstrained build operations Thread 4" [_thread_blocked, id=15188, stack(0x00000008d6b00000,0x00000008d6c00000)]
  0x0000011e98f10000 JavaThread "Unconstrained build operations Thread 5" [_thread_blocked, id=11312, stack(0x00000008d6c00000,0x00000008d6d00000)]
  0x0000011e98f13800 JavaThread "Unconstrained build operations Thread 6" [_thread_blocked, id=1484, stack(0x00000008d6d00000,0x00000008d6e00000)]
  0x0000011e98f0e800 JavaThread "Unconstrained build operations Thread 7" [_thread_blocked, id=5168, stack(0x00000008d6e00000,0x00000008d6f00000)]
  0x0000011e98f1a000 JavaThread "Unconstrained build operations Thread 8" [_thread_blocked, id=14740, stack(0x00000008d6f00000,0x00000008d7000000)]
  0x0000011e98f16000 JavaThread "Unconstrained build operations Thread 9" [_thread_blocked, id=12788, stack(0x00000008d7000000,0x00000008d7100000)]
  0x0000011e98f19000 JavaThread "Unconstrained build operations Thread 10" [_thread_blocked, id=13268, stack(0x00000008d7100000,0x00000008d7200000)]
  0x0000011e98f16800 JavaThread "Unconstrained build operations Thread 11" [_thread_blocked, id=2652, stack(0x00000008d7200000,0x00000008d7300000)]
  0x0000011e98f1b000 JavaThread "Unconstrained build operations Thread 12" [_thread_blocked, id=15924, stack(0x00000008d7300000,0x00000008d7400000)]
  0x0000011e98f15000 JavaThread "Unconstrained build operations Thread 13" [_thread_blocked, id=13596, stack(0x00000008d7400000,0x00000008d7500000)]
  0x0000011e98f1b800 JavaThread "Unconstrained build operations Thread 14" [_thread_blocked, id=14128, stack(0x00000008d7500000,0x00000008d7600000)]
  0x0000011e98f1c800 JavaThread "Unconstrained build operations Thread 15" [_thread_blocked, id=14196, stack(0x00000008d7600000,0x00000008d7700000)]
  0x0000011e98f1d000 JavaThread "Unconstrained build operations Thread 16" [_thread_blocked, id=17644, stack(0x00000008d7700000,0x00000008d7800000)]
  0x0000011e98f17800 JavaThread "Unconstrained build operations Thread 17" [_thread_blocked, id=1416, stack(0x00000008d7800000,0x00000008d7900000)]
  0x0000011e98f18800 JavaThread "Unconstrained build operations Thread 18" [_thread_blocked, id=19316, stack(0x00000008d7900000,0x00000008d7a00000)]
  0x0000011e972e0000 JavaThread "Unconstrained build operations Thread 19" [_thread_blocked, id=6752, stack(0x00000008d7a00000,0x00000008d7b00000)]
  0x0000011e972e4800 JavaThread "Unconstrained build operations Thread 20" [_thread_blocked, id=664, stack(0x00000008d7b00000,0x00000008d7c00000)]
  0x0000011e972e6000 JavaThread "Unconstrained build operations Thread 21" [_thread_blocked, id=11684, stack(0x00000008d7c00000,0x00000008d7d00000)]
  0x0000011e972e7000 JavaThread "Unconstrained build operations Thread 22" [_thread_blocked, id=11560, stack(0x00000008d7d00000,0x00000008d7e00000)]
  0x0000011e987b8800 JavaThread "Unconstrained build operations Thread 23" [_thread_blocked, id=17960, stack(0x00000008d7e00000,0x00000008d7f00000)]
  0x0000011e987b3800 JavaThread "Unconstrained build operations Thread 24" [_thread_blocked, id=12896, stack(0x00000008d7f00000,0x00000008d8000000)]
  0x0000011e9d0da000 JavaThread "Unconstrained build operations Thread 25" [_thread_blocked, id=16412, stack(0x00000008d8000000,0x00000008d8100000)]
  0x0000011e9d0dd000 JavaThread "Unconstrained build operations Thread 26" [_thread_blocked, id=10432, stack(0x00000008d8100000,0x00000008d8200000)]
  0x0000011e9d0da800 JavaThread "Unconstrained build operations Thread 27" [_thread_blocked, id=4064, stack(0x00000008d8200000,0x00000008d8300000)]
  0x0000011e9d0d9000 JavaThread "Unconstrained build operations Thread 28" [_thread_blocked, id=2268, stack(0x00000008d8300000,0x00000008d8400000)]
  0x0000011e9d0dc000 JavaThread "Unconstrained build operations Thread 29" [_thread_blocked, id=10952, stack(0x00000008d8400000,0x00000008d8500000)]
  0x0000011e9d0de000 JavaThread "Unconstrained build operations Thread 30" [_thread_blocked, id=3084, stack(0x00000008d8500000,0x00000008d8600000)]
  0x0000011e9d0db800 JavaThread "Unconstrained build operations Thread 31" [_thread_blocked, id=10356, stack(0x00000008d8600000,0x00000008d8700000)]
  0x0000011e9d0d8000 JavaThread "Unconstrained build operations Thread 32" [_thread_blocked, id=10456, stack(0x00000008d8700000,0x00000008d8800000)]
  0x0000011e9d0df800 JavaThread "Unconstrained build operations Thread 33" [_thread_blocked, id=12520, stack(0x00000008d8800000,0x00000008d8900000)]
  0x0000011e9d0e3000 JavaThread "Unconstrained build operations Thread 34" [_thread_blocked, id=4564, stack(0x00000008d8900000,0x00000008d8a00000)]
  0x0000011e9d0de800 JavaThread "Unconstrained build operations Thread 35" [_thread_blocked, id=9272, stack(0x00000008d8a00000,0x00000008d8b00000)]
  0x0000011e9d0e0800 JavaThread "Unconstrained build operations Thread 36" [_thread_blocked, id=10868, stack(0x00000008d8b00000,0x00000008d8c00000)]
  0x0000011e9d0e2000 JavaThread "Unconstrained build operations Thread 37" [_thread_blocked, id=10424, stack(0x00000008d8c00000,0x00000008d8d00000)]
  0x0000011e9d0e1000 JavaThread "Unconstrained build operations Thread 38" [_thread_blocked, id=3272, stack(0x00000008d8d00000,0x00000008d8e00000)]
  0x0000011e9d0e5000 JavaThread "Unconstrained build operations Thread 39" [_thread_blocked, id=868, stack(0x00000008d8e00000,0x00000008d8f00000)]
  0x0000011e9d0e3800 JavaThread "Unconstrained build operations Thread 40" [_thread_blocked, id=9228, stack(0x00000008d8f00000,0x00000008d9000000)]
  0x0000011e9d0e6000 JavaThread "Unconstrained build operations Thread 41" [_thread_blocked, id=7588, stack(0x00000008d9000000,0x00000008d9100000)]
  0x0000011e9d0e4800 JavaThread "Unconstrained build operations Thread 42" [_thread_blocked, id=284, stack(0x00000008d9100000,0x00000008d9200000)]
  0x0000011e9d0e7000 JavaThread "Unconstrained build operations Thread 43" [_thread_blocked, id=12192, stack(0x00000008d9200000,0x00000008d9300000)]
  0x0000011e9cb68000 JavaThread "Unconstrained build operations Thread 44" [_thread_blocked, id=17984, stack(0x00000008d9300000,0x00000008d9400000)]
  0x0000011e9cb68800 JavaThread "Unconstrained build operations Thread 45" [_thread_blocked, id=6156, stack(0x00000008d9400000,0x00000008d9500000)]
  0x0000011e9cb6b000 JavaThread "Unconstrained build operations Thread 46" [_thread_blocked, id=10960, stack(0x00000008d9500000,0x00000008d9600000)]
  0x0000011e9cb69800 JavaThread "Unconstrained build operations Thread 47" [_thread_blocked, id=15928, stack(0x00000008d9600000,0x00000008d9700000)]
  0x0000011e9cb65800 JavaThread "Unconstrained build operations Thread 48" [_thread_blocked, id=13208, stack(0x00000008d9700000,0x00000008d9800000)]
  0x0000011e9cb6a000 JavaThread "Unconstrained build operations Thread 49" [_thread_blocked, id=10264, stack(0x00000008d9800000,0x00000008d9900000)]
  0x0000011e9cb6c000 JavaThread "Unconstrained build operations Thread 50" [_thread_blocked, id=16432, stack(0x00000008d9900000,0x00000008d9a00000)]
  0x0000011e9cb66000 JavaThread "Unconstrained build operations Thread 51" [_thread_blocked, id=18168, stack(0x00000008d9a00000,0x00000008d9b00000)]
  0x0000011e9cb67000 JavaThread "Unconstrained build operations Thread 52" [_thread_blocked, id=1192, stack(0x00000008d9b00000,0x00000008d9c00000)]
  0x0000011e97577800 JavaThread "Unconstrained build operations Thread 53" [_thread_blocked, id=17132, stack(0x00000008d9c00000,0x00000008d9d00000)]
  0x0000011e9757e000 JavaThread "Unconstrained build operations Thread 54" [_thread_blocked, id=18032, stack(0x00000008d9d00000,0x00000008d9e00000)]
  0x0000011e9757c000 JavaThread "Unconstrained build operations Thread 55" [_thread_blocked, id=2532, stack(0x00000008d9e00000,0x00000008d9f00000)]
  0x0000011e9757a800 JavaThread "Unconstrained build operations Thread 56" [_thread_blocked, id=2544, stack(0x00000008d9f00000,0x00000008da000000)]
  0x0000011e97579000 JavaThread "Unconstrained build operations Thread 57" [_thread_blocked, id=8008, stack(0x00000008da000000,0x00000008da100000)]
  0x0000011e9757b800 JavaThread "Unconstrained build operations Thread 58" [_thread_blocked, id=6020, stack(0x00000008da100000,0x00000008da200000)]
  0x0000011e9757d000 JavaThread "Unconstrained build operations Thread 59" [_thread_blocked, id=12436, stack(0x00000008da200000,0x00000008da300000)]
  0x0000011e97578000 JavaThread "Unconstrained build operations Thread 60" [_thread_blocked, id=5408, stack(0x00000008da300000,0x00000008da400000)]
  0x0000011e97579800 JavaThread "Unconstrained build operations Thread 61" [_thread_blocked, id=12612, stack(0x00000008da400000,0x00000008da500000)]
  0x0000011e9c716800 JavaThread "Unconstrained build operations Thread 62" [_thread_blocked, id=17092, stack(0x00000008da500000,0x00000008da600000)]
  0x0000011e9c716000 JavaThread "Unconstrained build operations Thread 63" [_thread_blocked, id=2112, stack(0x00000008da600000,0x00000008da700000)]
  0x0000011e9c718800 JavaThread "Unconstrained build operations Thread 64" [_thread_blocked, id=12064, stack(0x00000008da700000,0x00000008da800000)]
  0x0000011e9c71a000 JavaThread "Unconstrained build operations Thread 65" [_thread_blocked, id=15980, stack(0x00000008da800000,0x00000008da900000)]
  0x0000011e9c719000 JavaThread "Unconstrained build operations Thread 66" [_thread_blocked, id=8208, stack(0x00000008da900000,0x00000008daa00000)]
  0x0000011e9c71b000 JavaThread "Unconstrained build operations Thread 67" [_thread_blocked, id=3724, stack(0x00000008daa00000,0x00000008dab00000)]
  0x0000011e9c717800 JavaThread "Unconstrained build operations Thread 68" [_thread_blocked, id=18220, stack(0x00000008dab00000,0x00000008dac00000)]
  0x0000011e9c715000 JavaThread "Unconstrained build operations Thread 69" [_thread_blocked, id=17316, stack(0x00000008dac00000,0x00000008dad00000)]
  0x0000011e9c71b800 JavaThread "Unconstrained build operations Thread 70" [_thread_blocked, id=12744, stack(0x00000008dad00000,0x00000008dae00000)]
  0x0000011e9cd5f800 JavaThread "Unconstrained build operations Thread 71" [_thread_blocked, id=13980, stack(0x00000008dae00000,0x00000008daf00000)]
  0x0000011e9cd61000 JavaThread "Unconstrained build operations Thread 72" [_thread_blocked, id=19000, stack(0x00000008daf00000,0x00000008db000000)]
  0x0000011e9cd62000 JavaThread "Unconstrained build operations Thread 73" [_thread_blocked, id=15940, stack(0x00000008db000000,0x00000008db100000)]
  0x0000011e9cd62800 JavaThread "Unconstrained build operations Thread 74" [_thread_blocked, id=14208, stack(0x00000008db100000,0x00000008db200000)]
  0x0000011e9cd65000 JavaThread "Unconstrained build operations Thread 75" [_thread_blocked, id=16120, stack(0x00000008db200000,0x00000008db300000)]
  0x0000011e9cd66000 JavaThread "Unconstrained build operations Thread 76" [_thread_blocked, id=17484, stack(0x00000008db300000,0x00000008db400000)]
  0x0000011e9cd63800 JavaThread "Unconstrained build operations Thread 77" [_thread_blocked, id=5636, stack(0x00000008db400000,0x00000008db500000)]
  0x0000011e9cd64800 JavaThread "Unconstrained build operations Thread 78" [_thread_blocked, id=15764, stack(0x00000008db500000,0x00000008db600000)]
  0x0000011e9cd60000 JavaThread "Unconstrained build operations Thread 79" [_thread_blocked, id=11732, stack(0x00000008db600000,0x00000008db700000)]
  0x0000011e9cd69000 JavaThread "Unconstrained build operations Thread 80" [_thread_blocked, id=19312, stack(0x00000008db700000,0x00000008db800000)]
  0x0000011e98302800 JavaThread "C2 CompilerThread1" daemon [_thread_in_native, id=12428, stack(0x00000008db800000,0x00000008db900000)]
  0x0000011e9cd6a000 JavaThread "build event listener" [_thread_blocked, id=19052, stack(0x00000008dba00000,0x00000008dbb00000)]
  0x0000011e9cd67000 JavaThread "build event listener" [_thread_blocked, id=15152, stack(0x00000008dbb00000,0x00000008dbc00000)]
  0x0000011e9cd6b000 JavaThread "Execution worker for ':'" [_thread_blocked, id=9592, stack(0x00000008dc200000,0x00000008dc300000)]
  0x0000011e9cd6b800 JavaThread "Execution worker for ':' Thread 2" [_thread_blocked, id=18364, stack(0x00000008dc300000,0x00000008dc400000)]
  0x0000011e9cd67800 JavaThread "Execution worker for ':' Thread 3" [_thread_blocked, id=15308, stack(0x00000008dc400000,0x00000008dc500000)]
  0x0000011e9cd6c800 JavaThread "Execution worker for ':' Thread 4" [_thread_blocked, id=18776, stack(0x00000008dc500000,0x00000008dc600000)]
  0x0000011e9cd6d800 JavaThread "Execution worker for ':' Thread 5" [_thread_blocked, id=9416, stack(0x00000008dc600000,0x00000008dc700000)]
  0x0000011e9cd6e000 JavaThread "Execution worker for ':' Thread 6" [_thread_blocked, id=13920, stack(0x00000008dc700000,0x00000008dc800000)]
  0x0000011e9cd68800 JavaThread "Execution worker for ':' Thread 7" [_thread_blocked, id=11304, stack(0x00000008dc800000,0x00000008dc900000)]
  0x0000011e9d126800 JavaThread "Cache worker for execution history cache (C:\Users\user\AndroidStudioProjects\WorkTPP7\.gradle\7.3.3\executionHistory)" [_thread_blocked, id=3600, stack(0x00000008dc900000,0x00000008dca00000)]
  0x0000011e9d125800 JavaThread "WorkerExecutor Queue" [_thread_blocked, id=7072, stack(0x00000008dca00000,0x00000008dcb00000)]
  0x0000011e9d123000 JavaThread "WorkerExecutor Queue Thread 2" [_thread_blocked, id=12828, stack(0x00000008dcb00000,0x00000008dcc00000)]
  0x0000011e9cc12800 JavaThread "C2 CompilerThread2" daemon [_thread_in_native, id=14412, stack(0x00000008db900000,0x00000008dba00000)]
  0x0000011e9d122800 JavaThread "WorkerExecutor Queue Thread 3" [_thread_blocked, id=17800, stack(0x00000008dcc00000,0x00000008dcd00000)]
  0x0000011e9d129800 JavaThread "WorkerExecutor Queue Thread 4" [_thread_blocked, id=17372, stack(0x00000008dcd00000,0x00000008dce00000)]
  0x0000011e9d124000 JavaThread "WorkerExecutor Queue Thread 5" [_thread_blocked, id=16188, stack(0x00000008dce00000,0x00000008dcf00000)]
  0x0000011e9d12a800 JavaThread "WorkerExecutor Queue Thread 6" [_thread_blocked, id=15600, stack(0x00000008dcf00000,0x00000008dd000000)]
  0x0000011e9d125000 JavaThread "WorkerExecutor Queue Thread 7" [_thread_blocked, id=12112, stack(0x00000008dd000000,0x00000008dd100000)]
  0x0000011e9d12b800 JavaThread "WorkerExecutor Queue Thread 8" [_thread_blocked, id=13320, stack(0x00000008dd100000,0x00000008dd200000)]
  0x0000011e9d12c000 JavaThread "WorkerExecutor Queue Thread 9" [_thread_blocked, id=8868, stack(0x00000008dd200000,0x00000008dd300000)]
  0x0000011e9d12d000 JavaThread "pool-10-thread-1" [_thread_blocked, id=1228, stack(0x00000008dd300000,0x00000008dd400000)]
  0x0000011e9d127000 JavaThread "stderr" [_thread_in_native, id=13844, stack(0x00000008dd400000,0x00000008dd500000)]
  0x0000011e9d12e000 JavaThread "stdout" [_thread_in_native, id=14032, stack(0x00000008dd500000,0x00000008dd600000)]
  0x0000011e9d128000 JavaThread "ForkJoinPool-1-worker-3" daemon [_thread_in_Java, id=13008, stack(0x00000008dd600000,0x00000008dd700000)]
  0x0000011e9d129000 JavaThread "ForkJoinPool-1-worker-5" daemon [_thread_in_Java, id=12684, stack(0x00000008dd700000,0x00000008dd800000)]
  0x0000011e9d130000 JavaThread "ForkJoinPool-1-worker-7" daemon [_thread_in_Java, id=9596, stack(0x00000008dd800000,0x00000008dd900000)]
  0x0000011e9d12e800 JavaThread "ForkJoinPool-1-worker-9" daemon [_thread_in_Java, id=18528, stack(0x00000008dd900000,0x00000008dda00000)]
  0x0000011e9d131000 JavaThread "ForkJoinPool-1-worker-11" daemon [_thread_in_Java, id=2080, stack(0x00000008dda00000,0x00000008ddb00000)]
  0x0000011e9d12f800 JavaThread "ForkJoinPool-1-worker-13" daemon [_thread_in_Java, id=5724, stack(0x00000008ddb00000,0x00000008ddc00000)]
  0x0000011e9ff3d800 JavaThread "ForkJoinPool-1-worker-15" daemon [_thread_in_Java, id=3632, stack(0x00000008ddc00000,0x00000008ddd00000)]
  0x0000011e9ff3d000 JavaThread "ForkJoinPool-1-worker-1" daemon [_thread_blocked, id=2932, stack(0x00000008ddd00000,0x00000008dde00000)]

Other Threads:
  0x0000011e95063800 VMThread "VM Thread" [stack: 0x00000008d3d00000,0x00000008d3e00000] [id=11528]
  0x0000011e95298000 WatcherThread [stack: 0x00000008d4700000,0x00000008d4800000] [id=10140]
  0x0000011ef98d6000 GCTaskThread "GC Thread#0" [stack: 0x00000008d3800000,0x00000008d3900000] [id=13360]
  0x0000011e956f2800 GCTaskThread "GC Thread#1" [stack: 0x00000008d4900000,0x00000008d4a00000] [id=4288]
  0x0000011e95c47800 GCTaskThread "GC Thread#2" [stack: 0x00000008d4a00000,0x00000008d4b00000] [id=14844]
  0x0000011e95ce9800 GCTaskThread "GC Thread#3" [stack: 0x00000008d4b00000,0x00000008d4c00000] [id=2820]
  0x0000011e956fd800 GCTaskThread "GC Thread#4" [stack: 0x00000008d4c00000,0x00000008d4d00000] [id=14536]
  0x0000011e95ac6000 GCTaskThread "GC Thread#5" [stack: 0x00000008d4d00000,0x00000008d4e00000] [id=6616]
  0x0000011e96634000 GCTaskThread "GC Thread#6" [stack: 0x00000008d5800000,0x00000008d5900000] [id=5300]
  0x0000011e96634800 GCTaskThread "GC Thread#7" [stack: 0x00000008d5900000,0x00000008d5a00000] [id=17196]
  0x0000011ef9907000 ConcurrentGCThread "G1 Main Marker" [stack: 0x00000008d3900000,0x00000008d3a00000] [id=312]
  0x0000011ef9908800 ConcurrentGCThread "G1 Conc#0" [stack: 0x00000008d3a00000,0x00000008d3b00000] [id=16368]
  0x0000011e97368800 ConcurrentGCThread "G1 Conc#1" [stack: 0x00000008d5d00000,0x00000008d5e00000] [id=2228]
  0x0000011eff40a800 ConcurrentGCThread "G1 Refine#0" [stack: 0x00000008d3b00000,0x00000008d3c00000] [id=16956]
  0x0000011e9a41a000 ConcurrentGCThread "G1 Refine#1" [stack: 0x00000008d6a00000,0x00000008d6b00000] [id=8248]
  0x0000011eff40b000 ConcurrentGCThread "G1 Young RemSet Sampling" [stack: 0x00000008d3c00000,0x00000008d3d00000] [id=15276]

Threads with active compile tasks:
C2 CompilerThread0 530558 17341 %     4       com.android.tools.r8.dex.j::m @ 64 (2094 bytes)
C1 CompilerThread0 530559 17941       2       com.android.tools.r8.graph.O$b::hashCode (15 bytes)
C2 CompilerThread1 530559 17197       4       org.gradle.internal.instantiation.generator.AbstractClassGenerator::inspectType (560 bytes)
C2 CompilerThread2 530559 17719       4       com.android.tools.r8.code.y1::a (4129 bytes)

VM state:not at safepoint (normal execution)

VM Mutex/Monitor currently owned by a thread: None

Heap address: 0x0000000080000000, size: 2048 MB, Compressed Oops mode: 32-bit
Narrow klass base: 0x0000000000000000, Narrow klass shift: 3
Compressed class space size: 1073741824 Address: 0x0000000100000000

Heap:
 garbage-first heap   total 262144K, used 191333K [0x0000000080000000, 0x0000000100000000)
  region size 1024K, 38 young (38912K), 2 survivors (2048K)
 Metaspace       used 111023K, capacity 113840K, committed 113964K, reserved 1148928K
  class space    used 14137K, capacity 15135K, committed 15232K, reserved 1048576K
Heap Regions: E=young(eden), S=young(survivor), O=old, HS=humongous(starts), HC=humongous(continues), CS=collection set, F=free, A=archive, TAMS=top-at-mark-start (previous, next)
|   0|0x0000000080000000, 0x0000000080100000, 0x0000000080100000|100%| O|  |TAMS 0x0000000080100000, 0x0000000080000000| Untracked 
|   1|0x0000000080100000, 0x0000000080200000, 0x0000000080200000|100%| O|  |TAMS 0x0000000080200000, 0x0000000080100000| Untracked 
|   2|0x0000000080200000, 0x0000000080300000, 0x0000000080300000|100%| O|  |TAMS 0x0000000080300000, 0x0000000080200000| Untracked 
|   3|0x0000000080300000, 0x0000000080400000, 0x0000000080400000|100%|HS|  |TAMS 0x0000000080400000, 0x0000000080300000| Complete 
|   4|0x0000000080400000, 0x0000000080500000, 0x0000000080500000|100%|HC|  |TAMS 0x0000000080500000, 0x0000000080400000| Complete 
|   5|0x0000000080500000, 0x0000000080600000, 0x0000000080600000|100%|HC|  |TAMS 0x0000000080600000, 0x0000000080500000| Complete 
|   6|0x0000000080600000, 0x0000000080700000, 0x0000000080700000|100%| O|  |TAMS 0x0000000080700000, 0x0000000080600000| Untracked 
|   7|0x0000000080700000, 0x0000000080800000, 0x0000000080800000|100%| O|  |TAMS 0x0000000080800000, 0x0000000080700000| Untracked 
|   8|0x0000000080800000, 0x0000000080900000, 0x0000000080900000|100%| O|  |TAMS 0x0000000080900000, 0x0000000080800000| Untracked 
|   9|0x0000000080900000, 0x0000000080a00000, 0x0000000080a00000|100%| O|  |TAMS 0x0000000080a00000, 0x0000000080900000| Untracked 
|  10|0x0000000080a00000, 0x0000000080b00000, 0x0000000080b00000|100%| O|  |TAMS 0x0000000080b00000, 0x0000000080a00000| Untracked 
|  11|0x0000000080b00000, 0x0000000080c00000, 0x0000000080c00000|100%| O|  |TAMS 0x0000000080c00000, 0x0000000080b00000| Untracked 
|  12|0x0000000080c00000, 0x0000000080c00000, 0x0000000080d00000|  0%| F|  |TAMS 0x0000000080c00000, 0x0000000080c00000| Untracked 
|  13|0x0000000080d00000, 0x0000000080e00000, 0x0000000080e00000|100%| O|  |TAMS 0x0000000080e00000, 0x0000000080d00000| Untracked 
|  14|0x0000000080e00000, 0x0000000080f00000, 0x0000000080f00000|100%| O|  |TAMS 0x0000000080f00000, 0x0000000080e00000| Untracked 
|  15|0x0000000080f00000, 0x0000000081000000, 0x0000000081000000|100%| O|  |TAMS 0x0000000081000000, 0x0000000080f00000| Untracked 
|  16|0x0000000081000000, 0x0000000081100000, 0x0000000081100000|100%| O|  |TAMS 0x0000000081100000, 0x0000000081000000| Untracked 
|  17|0x0000000081100000, 0x0000000081200000, 0x0000000081200000|100%|HS|  |TAMS 0x0000000081200000, 0x0000000081100000| Complete 
|  18|0x0000000081200000, 0x0000000081300000, 0x0000000081300000|100%|HS|  |TAMS 0x0000000081300000, 0x0000000081200000| Complete 
|  19|0x0000000081300000, 0x0000000081400000, 0x0000000081400000|100%|HS|  |TAMS 0x0000000081400000, 0x0000000081300000| Complete 
|  20|0x0000000081400000, 0x0000000081500000, 0x0000000081500000|100%|HS|  |TAMS 0x0000000081500000, 0x0000000081400000| Complete 
|  21|0x0000000081500000, 0x0000000081600000, 0x0000000081600000|100%|HC|  |TAMS 0x0000000081600000, 0x0000000081500000| Complete 
|  22|0x0000000081600000, 0x0000000081700000, 0x0000000081700000|100%|HC|  |TAMS 0x0000000081700000, 0x0000000081600000| Complete 
|  23|0x0000000081700000, 0x0000000081800000, 0x0000000081800000|100%|HS|  |TAMS 0x0000000081800000, 0x0000000081700000| Complete 
|  24|0x0000000081800000, 0x0000000081900000, 0x0000000081900000|100%|HC|  |TAMS 0x0000000081900000, 0x0000000081800000| Complete 
|  25|0x0000000081900000, 0x0000000081a00000, 0x0000000081a00000|100%| O|  |TAMS 0x0000000081a00000, 0x0000000081900000| Untracked 
|  26|0x0000000081a00000, 0x0000000081b00000, 0x0000000081b00000|100%| O|  |TAMS 0x0000000081b00000, 0x0000000081a00000| Untracked 
|  27|0x0000000081b00000, 0x0000000081c00000, 0x0000000081c00000|100%| O|  |TAMS 0x0000000081c00000, 0x0000000081b00000| Untracked 
|  28|0x0000000081c00000, 0x0000000081d00000, 0x0000000081d00000|100%| O|  |TAMS 0x0000000081d00000, 0x0000000081c00000| Untracked 
|  29|0x0000000081d00000, 0x0000000081e00000, 0x0000000081e00000|100%| O|  |TAMS 0x0000000081e00000, 0x0000000081d00000| Untracked 
|  30|0x0000000081e00000, 0x0000000081f00000, 0x0000000081f00000|100%| O|  |TAMS 0x0000000081f00000, 0x0000000081e00000| Untracked 
|  31|0x0000000081f00000, 0x0000000082000000, 0x0000000082000000|100%| O|  |TAMS 0x0000000082000000, 0x0000000081f00000| Untracked 
|  32|0x0000000082000000, 0x0000000082100000, 0x0000000082100000|100%| O|  |TAMS 0x0000000082100000, 0x0000000082000000| Untracked 
|  33|0x0000000082100000, 0x0000000082200000, 0x0000000082200000|100%| O|  |TAMS 0x0000000082200000, 0x0000000082100000| Untracked 
|  34|0x0000000082200000, 0x0000000082300000, 0x0000000082300000|100%| O|  |TAMS 0x0000000082300000, 0x0000000082200000| Untracked 
|  35|0x0000000082300000, 0x0000000082400000, 0x0000000082400000|100%| O|  |TAMS 0x0000000082400000, 0x0000000082300000| Untracked 
|  36|0x0000000082400000, 0x0000000082500000, 0x0000000082500000|100%| O|  |TAMS 0x0000000082500000, 0x0000000082400000| Untracked 
|  37|0x0000000082500000, 0x0000000082600000, 0x0000000082600000|100%| O|  |TAMS 0x0000000082600000, 0x0000000082500000| Untracked 
|  38|0x0000000082600000, 0x0000000082700000, 0x0000000082700000|100%| O|  |TAMS 0x0000000082700000, 0x0000000082600000| Untracked 
|  39|0x0000000082700000, 0x0000000082800000, 0x0000000082800000|100%| O|  |TAMS 0x0000000082800000, 0x0000000082700000| Untracked 
|  40|0x0000000082800000, 0x0000000082900000, 0x0000000082900000|100%| O|  |TAMS 0x0000000082900000, 0x0000000082800000| Untracked 
|  41|0x0000000082900000, 0x0000000082a00000, 0x0000000082a00000|100%| O|  |TAMS 0x0000000082a00000, 0x0000000082900000| Untracked 
|  42|0x0000000082a00000, 0x0000000082b00000, 0x0000000082b00000|100%| O|  |TAMS 0x0000000082b00000, 0x0000000082a00000| Untracked 
|  43|0x0000000082b00000, 0x0000000082c00000, 0x0000000082c00000|100%| O|  |TAMS 0x0000000082c00000, 0x0000000082b00000| Untracked 
|  44|0x0000000082c00000, 0x0000000082d00000, 0x0000000082d00000|100%| O|  |TAMS 0x0000000082d00000, 0x0000000082c00000| Untracked 
|  45|0x0000000082d00000, 0x0000000082e00000, 0x0000000082e00000|100%| O|  |TAMS 0x0000000082e00000, 0x0000000082d00000| Untracked 
|  46|0x0000000082e00000, 0x0000000082f00000, 0x0000000082f00000|100%| O|  |TAMS 0x0000000082f00000, 0x0000000082e00000| Untracked 
|  47|0x0000000082f00000, 0x0000000083000000, 0x0000000083000000|100%| O|  |TAMS 0x0000000083000000, 0x0000000082f00000| Untracked 
|  48|0x0000000083000000, 0x0000000083100000, 0x0000000083100000|100%| O|  |TAMS 0x0000000083100000, 0x0000000083000000| Untracked 
|  49|0x0000000083100000, 0x0000000083200000, 0x0000000083200000|100%| O|  |TAMS 0x0000000083200000, 0x0000000083100000| Untracked 
|  50|0x0000000083200000, 0x0000000083300000, 0x0000000083300000|100%| O|  |TAMS 0x0000000083300000, 0x0000000083200000| Untracked 
|  51|0x0000000083300000, 0x0000000083400000, 0x0000000083400000|100%| O|  |TAMS 0x0000000083400000, 0x0000000083300000| Untracked 
|  52|0x0000000083400000, 0x0000000083500000, 0x0000000083500000|100%| O|  |TAMS 0x0000000083500000, 0x0000000083400000| Untracked 
|  53|0x0000000083500000, 0x0000000083600000, 0x0000000083600000|100%| O|  |TAMS 0x0000000083600000, 0x0000000083500000| Untracked 
|  54|0x0000000083600000, 0x0000000083700000, 0x0000000083700000|100%| O|  |TAMS 0x0000000083700000, 0x0000000083600000| Untracked 
|  55|0x0000000083700000, 0x0000000083800000, 0x0000000083800000|100%| O|  |TAMS 0x0000000083800000, 0x0000000083700000| Untracked 
|  56|0x0000000083800000, 0x0000000083900000, 0x0000000083900000|100%| O|  |TAMS 0x0000000083900000, 0x0000000083800000| Untracked 
|  57|0x0000000083900000, 0x0000000083a00000, 0x0000000083a00000|100%| O|  |TAMS 0x0000000083a00000, 0x0000000083900000| Untracked 
|  58|0x0000000083a00000, 0x0000000083b00000, 0x0000000083b00000|100%| O|  |TAMS 0x0000000083b00000, 0x0000000083a00000| Untracked 
|  59|0x0000000083b00000, 0x0000000083c00000, 0x0000000083c00000|100%| O|  |TAMS 0x0000000083c00000, 0x0000000083b00000| Untracked 
|  60|0x0000000083c00000, 0x0000000083d00000, 0x0000000083d00000|100%| O|  |TAMS 0x0000000083d00000, 0x0000000083c00000| Untracked 
|  61|0x0000000083d00000, 0x0000000083e00000, 0x0000000083e00000|100%| O|  |TAMS 0x0000000083e00000, 0x0000000083d00000| Untracked 
|  62|0x0000000083e00000, 0x0000000083f00000, 0x0000000083f00000|100%| O|  |TAMS 0x0000000083f00000, 0x0000000083e00000| Untracked 
|  63|0x0000000083f00000, 0x0000000084000000, 0x0000000084000000|100%| O|  |TAMS 0x0000000084000000, 0x0000000083f00000| Untracked 
|  64|0x0000000084000000, 0x0000000084100000, 0x0000000084100000|100%| O|  |TAMS 0x0000000084100000, 0x0000000084000000| Untracked 
|  65|0x0000000084100000, 0x0000000084200000, 0x0000000084200000|100%| O|  |TAMS 0x0000000084200000, 0x0000000084100000| Untracked 
|  66|0x0000000084200000, 0x0000000084300000, 0x0000000084300000|100%| O|  |TAMS 0x0000000084300000, 0x0000000084200000| Untracked 
|  67|0x0000000084300000, 0x0000000084400000, 0x0000000084400000|100%| O|  |TAMS 0x0000000084400000, 0x0000000084300000| Untracked 
|  68|0x0000000084400000, 0x0000000084400000, 0x0000000084500000|  0%| F|  |TAMS 0x0000000084400000, 0x0000000084400000| Untracked 
|  69|0x0000000084500000, 0x0000000084600000, 0x0000000084600000|100%| O|  |TAMS 0x0000000084600000, 0x0000000084500000| Untracked 
|  70|0x0000000084600000, 0x0000000084700000, 0x0000000084700000|100%| O|  |TAMS 0x0000000084700000, 0x0000000084600000| Untracked 
|  71|0x0000000084700000, 0x0000000084800000, 0x0000000084800000|100%| O|  |TAMS 0x0000000084800000, 0x0000000084700000| Untracked 
|  72|0x0000000084800000, 0x0000000084900000, 0x0000000084900000|100%| O|  |TAMS 0x0000000084900000, 0x0000000084800000| Untracked 
|  73|0x0000000084900000, 0x0000000084a00000, 0x0000000084a00000|100%| O|  |TAMS 0x0000000084a00000, 0x0000000084900000| Untracked 
|  74|0x0000000084a00000, 0x0000000084b00000, 0x0000000084b00000|100%| O|  |TAMS 0x0000000084b00000, 0x0000000084a00000| Untracked 
|  75|0x0000000084b00000, 0x0000000084c00000, 0x0000000084c00000|100%| O|  |TAMS 0x0000000084c00000, 0x0000000084b00000| Untracked 
|  76|0x0000000084c00000, 0x0000000084d00000, 0x0000000084d00000|100%| O|  |TAMS 0x0000000084d00000, 0x0000000084c00000| Untracked 
|  77|0x0000000084d00000, 0x0000000084e00000, 0x0000000084e00000|100%| O|  |TAMS 0x0000000084e00000, 0x0000000084d00000| Untracked 
|  78|0x0000000084e00000, 0x0000000084f00000, 0x0000000084f00000|100%| O|  |TAMS 0x0000000084f00000, 0x0000000084e00000| Untracked 
|  79|0x0000000084f00000, 0x0000000085000000, 0x0000000085000000|100%| O|  |TAMS 0x0000000085000000, 0x0000000084f00000| Untracked 
|  80|0x0000000085000000, 0x0000000085100000, 0x0000000085100000|100%| O|  |TAMS 0x0000000085100000, 0x0000000085000000| Untracked 
|  81|0x0000000085100000, 0x0000000085200000, 0x0000000085200000|100%| O|  |TAMS 0x0000000085200000, 0x0000000085100000| Untracked 
|  82|0x0000000085200000, 0x0000000085300000, 0x0000000085300000|100%| O|  |TAMS 0x0000000085300000, 0x0000000085200000| Untracked 
|  83|0x0000000085300000, 0x0000000085400000, 0x0000000085400000|100%|HS|  |TAMS 0x0000000085400000, 0x0000000085300000| Complete 
|  84|0x0000000085400000, 0x0000000085500000, 0x0000000085500000|100%| O|  |TAMS 0x0000000085500000, 0x0000000085400000| Untracked 
|  85|0x0000000085500000, 0x0000000085600000, 0x0000000085600000|100%| O|  |TAMS 0x0000000085600000, 0x0000000085500000| Untracked 
|  86|0x0000000085600000, 0x0000000085700000, 0x0000000085700000|100%|HS|  |TAMS 0x0000000085700000, 0x0000000085600000| Complete 
|  87|0x0000000085700000, 0x0000000085800000, 0x0000000085800000|100%| O|  |TAMS 0x0000000085800000, 0x0000000085700000| Untracked 
|  88|0x0000000085800000, 0x0000000085900000, 0x0000000085900000|100%| O|  |TAMS 0x0000000085900000, 0x0000000085800000| Untracked 
|  89|0x0000000085900000, 0x0000000085a00000, 0x0000000085a00000|100%| O|  |TAMS 0x0000000085a00000, 0x0000000085900000| Untracked 
|  90|0x0000000085a00000, 0x0000000085b00000, 0x0000000085b00000|100%|HS|  |TAMS 0x0000000085b00000, 0x0000000085a00000| Complete 
|  91|0x0000000085b00000, 0x0000000085c00000, 0x0000000085c00000|100%|HC|  |TAMS 0x0000000085c00000, 0x0000000085b00000| Complete 
|  92|0x0000000085c00000, 0x0000000085d00000, 0x0000000085d00000|100%|HS|  |TAMS 0x0000000085d00000, 0x0000000085c00000| Complete 
|  93|0x0000000085d00000, 0x0000000085e00000, 0x0000000085e00000|100%|HC|  |TAMS 0x0000000085e00000, 0x0000000085d00000| Complete 
|  94|0x0000000085e00000, 0x0000000085f00000, 0x0000000085f00000|100%|HS|  |TAMS 0x0000000085f00000, 0x0000000085e00000| Complete 
|  95|0x0000000085f00000, 0x0000000086000000, 0x0000000086000000|100%|HC|  |TAMS 0x0000000086000000, 0x0000000085f00000| Complete 
|  96|0x0000000086000000, 0x0000000086100000, 0x0000000086100000|100%|HC|  |TAMS 0x0000000086100000, 0x0000000086000000| Complete 
|  97|0x0000000086100000, 0x0000000086200000, 0x0000000086200000|100%|HS|  |TAMS 0x0000000086100000, 0x0000000086100000| Complete 
|  98|0x0000000086200000, 0x0000000086300000, 0x0000000086300000|100%| O|  |TAMS 0x0000000086300000, 0x0000000086200000| Untracked 
|  99|0x0000000086300000, 0x0000000086400000, 0x0000000086400000|100%| O|  |TAMS 0x0000000086400000, 0x0000000086300000| Untracked 
| 100|0x0000000086400000, 0x0000000086500000, 0x0000000086500000|100%| O|  |TAMS 0x0000000086400000, 0x0000000086400000| Untracked 
| 101|0x0000000086500000, 0x0000000086600000, 0x0000000086600000|100%| O|  |TAMS 0x0000000086600000, 0x0000000086500000| Untracked 
| 102|0x0000000086600000, 0x0000000086700000, 0x0000000086700000|100%| O|  |TAMS 0x0000000086700000, 0x0000000086600000| Untracked 
| 103|0x0000000086700000, 0x0000000086800000, 0x0000000086800000|100%| O|  |TAMS 0x0000000086800000, 0x0000000086700000| Untracked 
| 104|0x0000000086800000, 0x0000000086900000, 0x0000000086900000|100%| O|  |TAMS 0x0000000086900000, 0x0000000086800000| Untracked 
| 105|0x0000000086900000, 0x0000000086a00000, 0x0000000086a00000|100%| O|  |TAMS 0x0000000086a00000, 0x0000000086900000| Untracked 
| 106|0x0000000086a00000, 0x0000000086b00000, 0x0000000086b00000|100%| O|  |TAMS 0x0000000086b00000, 0x0000000086a00000| Untracked 
| 107|0x0000000086b00000, 0x0000000086c00000, 0x0000000086c00000|100%| O|  |TAMS 0x0000000086c00000, 0x0000000086b00000| Untracked 
| 108|0x0000000086c00000, 0x0000000086d00000, 0x0000000086d00000|100%| O|  |TAMS 0x0000000086caae00, 0x0000000086c00000| Untracked 
| 109|0x0000000086d00000, 0x0000000086e00000, 0x0000000086e00000|100%|HS|  |TAMS 0x0000000086d00000, 0x0000000086d00000| Complete 
| 110|0x0000000086e00000, 0x0000000086f00000, 0x0000000086f00000|100%|HC|  |TAMS 0x0000000086e00000, 0x0000000086e00000| Complete 
| 111|0x0000000086f00000, 0x0000000087000000, 0x0000000087000000|100%| O|  |TAMS 0x0000000086f00000, 0x0000000086f00000| Untracked 
| 112|0x0000000087000000, 0x0000000087100000, 0x0000000087100000|100%| O|  |TAMS 0x0000000087000000, 0x0000000087000000| Untracked 
| 113|0x0000000087100000, 0x0000000087200000, 0x0000000087200000|100%|HS|  |TAMS 0x0000000087100000, 0x0000000087100000| Complete 
| 114|0x0000000087200000, 0x0000000087300000, 0x0000000087300000|100%|HC|  |TAMS 0x0000000087200000, 0x0000000087200000| Complete 
| 115|0x0000000087300000, 0x0000000087400000, 0x0000000087400000|100%|HS|  |TAMS 0x0000000087300000, 0x0000000087300000| Complete 
| 116|0x0000000087400000, 0x0000000087500000, 0x0000000087500000|100%| O|  |TAMS 0x0000000087500000, 0x0000000087400000| Untracked 
| 117|0x0000000087500000, 0x0000000087600000, 0x0000000087600000|100%| O|  |TAMS 0x0000000087600000, 0x0000000087500000| Untracked 
| 118|0x0000000087600000, 0x0000000087700000, 0x0000000087700000|100%| O|  |TAMS 0x0000000087700000, 0x0000000087600000| Untracked 
| 119|0x0000000087700000, 0x0000000087800000, 0x0000000087800000|100%| O|  |TAMS 0x0000000087800000, 0x0000000087700000| Untracked 
| 120|0x0000000087800000, 0x0000000087800000, 0x0000000087900000|  0%| F|  |TAMS 0x0000000087800000, 0x0000000087800000| Untracked 
| 121|0x0000000087900000, 0x0000000087a00000, 0x0000000087a00000|100%| O|  |TAMS 0x0000000087900000, 0x0000000087900000| Untracked 
| 122|0x0000000087a00000, 0x0000000087b00000, 0x0000000087b00000|100%|HS|  |TAMS 0x0000000087a00000, 0x0000000087a00000| Complete 
| 123|0x0000000087b00000, 0x0000000087c00000, 0x0000000087c00000|100%| O|  |TAMS 0x0000000087b00000, 0x0000000087b00000| Untracked 
| 124|0x0000000087c00000, 0x0000000087d00000, 0x0000000087d00000|100%| O|  |TAMS 0x0000000087d00000, 0x0000000087c00000| Untracked 
| 125|0x0000000087d00000, 0x0000000087e00000, 0x0000000087e00000|100%| O|  |TAMS 0x0000000087e00000, 0x0000000087d00000| Untracked 
| 126|0x0000000087e00000, 0x0000000087f00000, 0x0000000087f00000|100%| O|  |TAMS 0x0000000087f00000, 0x0000000087e00000| Untracked 
| 127|0x0000000087f00000, 0x0000000088000000, 0x0000000088000000|100%| O|  |TAMS 0x0000000087f00000, 0x0000000087f00000| Untracked 
| 128|0x0000000088000000, 0x0000000088100000, 0x0000000088100000|100%| O|  |TAMS 0x0000000088000000, 0x0000000088000000| Untracked 
| 129|0x0000000088100000, 0x0000000088200000, 0x0000000088200000|100%|HS|  |TAMS 0x0000000088100000, 0x0000000088100000| Complete 
| 130|0x0000000088200000, 0x0000000088300000, 0x0000000088300000|100%|HC|  |TAMS 0x0000000088200000, 0x0000000088200000| Complete 
| 131|0x0000000088300000, 0x0000000088400000, 0x0000000088400000|100%| O|  |TAMS 0x0000000088300000, 0x0000000088300000| Untracked 
| 132|0x0000000088400000, 0x0000000088500000, 0x0000000088500000|100%| O|  |TAMS 0x0000000088400000, 0x0000000088400000| Untracked 
| 133|0x0000000088500000, 0x00000000885e4600, 0x0000000088600000| 89%| O|  |TAMS 0x0000000088500000, 0x0000000088500000| Untracked 
| 134|0x0000000088600000, 0x0000000088600000, 0x0000000088700000|  0%| F|  |TAMS 0x0000000088600000, 0x0000000088600000| Untracked 
| 135|0x0000000088700000, 0x0000000088700000, 0x0000000088800000|  0%| F|  |TAMS 0x0000000088700000, 0x0000000088700000| Untracked 
| 136|0x0000000088800000, 0x0000000088800000, 0x0000000088900000|  0%| F|  |TAMS 0x0000000088800000, 0x0000000088800000| Untracked 
| 137|0x0000000088900000, 0x0000000088a00000, 0x0000000088a00000|100%|HS|  |TAMS 0x0000000088900000, 0x0000000088900000| Complete 
| 138|0x0000000088a00000, 0x0000000088b00000, 0x0000000088b00000|100%|HC|  |TAMS 0x0000000088a00000, 0x0000000088a00000| Complete 
| 139|0x0000000088b00000, 0x0000000088c00000, 0x0000000088c00000|100%|HC|  |TAMS 0x0000000088b00000, 0x0000000088b00000| Complete 
| 140|0x0000000088c00000, 0x0000000088c00000, 0x0000000088d00000|  0%| F|  |TAMS 0x0000000088c00000, 0x0000000088c00000| Untracked 
| 141|0x0000000088d00000, 0x0000000088d00000, 0x0000000088e00000|  0%| F|  |TAMS 0x0000000088d00000, 0x0000000088d00000| Untracked 
| 142|0x0000000088e00000, 0x0000000088e00000, 0x0000000088f00000|  0%| F|  |TAMS 0x0000000088e00000, 0x0000000088e00000| Untracked 
| 143|0x0000000088f00000, 0x0000000089000000, 0x0000000089000000|100%|HS|  |TAMS 0x0000000088f00000, 0x0000000088f00000| Complete 
| 144|0x0000000089000000, 0x0000000089100000, 0x0000000089100000|100%|HC|  |TAMS 0x0000000089000000, 0x0000000089000000| Complete 
| 145|0x0000000089100000, 0x0000000089200000, 0x0000000089200000|100%|HS|  |TAMS 0x0000000089100000, 0x0000000089100000| Complete 
| 146|0x0000000089200000, 0x0000000089300000, 0x0000000089300000|100%| O|  |TAMS 0x0000000089200000, 0x0000000089200000| Untracked 
| 147|0x0000000089300000, 0x0000000089400000, 0x0000000089400000|100%| O|  |TAMS 0x0000000089300000, 0x0000000089300000| Untracked 
| 148|0x0000000089400000, 0x0000000089500000, 0x0000000089500000|100%| O|  |TAMS 0x0000000089400000, 0x0000000089400000| Untracked 
| 149|0x0000000089500000, 0x0000000089600000, 0x0000000089600000|100%| O|  |TAMS 0x0000000089500000, 0x0000000089500000| Untracked 
| 150|0x0000000089600000, 0x0000000089700000, 0x0000000089700000|100%| O|  |TAMS 0x0000000089600000, 0x0000000089600000| Untracked 
| 151|0x0000000089700000, 0x0000000089800000, 0x0000000089800000|100%| O|  |TAMS 0x0000000089700000, 0x0000000089700000| Untracked 
| 152|0x0000000089800000, 0x0000000089900000, 0x0000000089900000|100%| O|  |TAMS 0x0000000089800000, 0x0000000089800000| Untracked 
| 153|0x0000000089900000, 0x0000000089a00000, 0x0000000089a00000|100%| O|  |TAMS 0x0000000089900000, 0x0000000089900000| Untracked 
| 154|0x0000000089a00000, 0x0000000089b00000, 0x0000000089b00000|100%| O|  |TAMS 0x0000000089a00000, 0x0000000089a00000| Untracked 
| 155|0x0000000089b00000, 0x0000000089c00000, 0x0000000089c00000|100%| O|  |TAMS 0x0000000089b00000, 0x0000000089b00000| Untracked 
| 156|0x0000000089c00000, 0x0000000089d00000, 0x0000000089d00000|100%| O|  |TAMS 0x0000000089c00000, 0x0000000089c00000| Untracked 
| 157|0x0000000089d00000, 0x0000000089e00000, 0x0000000089e00000|100%| O|  |TAMS 0x0000000089d00000, 0x0000000089d00000| Untracked 
| 158|0x0000000089e00000, 0x0000000089f00000, 0x0000000089f00000|100%| O|  |TAMS 0x0000000089e00000, 0x0000000089e00000| Untracked 
| 159|0x0000000089f00000, 0x000000008a000000, 0x000000008a000000|100%| O|  |TAMS 0x0000000089f00000, 0x0000000089f00000| Untracked 
| 160|0x000000008a000000, 0x000000008a000000, 0x000000008a100000|  0%| F|  |TAMS 0x000000008a000000, 0x000000008a000000| Untracked 
| 161|0x000000008a100000, 0x000000008a100000, 0x000000008a200000|  0%| F|  |TAMS 0x000000008a100000, 0x000000008a100000| Untracked 
| 162|0x000000008a200000, 0x000000008a200000, 0x000000008a300000|  0%| F|  |TAMS 0x000000008a200000, 0x000000008a200000| Untracked 
| 163|0x000000008a300000, 0x000000008a300000, 0x000000008a400000|  0%| F|  |TAMS 0x000000008a300000, 0x000000008a300000| Untracked 
| 164|0x000000008a400000, 0x000000008a400000, 0x000000008a500000|  0%| F|  |TAMS 0x000000008a400000, 0x000000008a400000| Untracked 
| 165|0x000000008a500000, 0x000000008a500000, 0x000000008a600000|  0%| F|  |TAMS 0x000000008a500000, 0x000000008a500000| Untracked 
| 166|0x000000008a600000, 0x000000008a600000, 0x000000008a700000|  0%| F|  |TAMS 0x000000008a600000, 0x000000008a600000| Untracked 
| 167|0x000000008a700000, 0x000000008a700000, 0x000000008a800000|  0%| F|  |TAMS 0x000000008a700000, 0x000000008a700000| Untracked 
| 168|0x000000008a800000, 0x000000008a800000, 0x000000008a900000|  0%| F|  |TAMS 0x000000008a800000, 0x000000008a800000| Untracked 
| 169|0x000000008a900000, 0x000000008a900000, 0x000000008aa00000|  0%| F|  |TAMS 0x000000008a900000, 0x000000008a900000| Untracked 
| 170|0x000000008aa00000, 0x000000008aa00000, 0x000000008ab00000|  0%| F|  |TAMS 0x000000008aa00000, 0x000000008aa00000| Untracked 
| 171|0x000000008ab00000, 0x000000008ab00000, 0x000000008ac00000|  0%| F|  |TAMS 0x000000008ab00000, 0x000000008ab00000| Untracked 
| 172|0x000000008ac00000, 0x000000008ac00000, 0x000000008ad00000|  0%| F|  |TAMS 0x000000008ac00000, 0x000000008ac00000| Untracked 
| 173|0x000000008ad00000, 0x000000008ad00000, 0x000000008ae00000|  0%| F|  |TAMS 0x000000008ad00000, 0x000000008ad00000| Untracked 
| 174|0x000000008ae00000, 0x000000008ae00000, 0x000000008af00000|  0%| F|  |TAMS 0x000000008ae00000, 0x000000008ae00000| Untracked 
| 175|0x000000008af00000, 0x000000008af00000, 0x000000008b000000|  0%| F|  |TAMS 0x000000008af00000, 0x000000008af00000| Untracked 
| 176|0x000000008b000000, 0x000000008b000000, 0x000000008b100000|  0%| F|  |TAMS 0x000000008b000000, 0x000000008b000000| Untracked 
| 177|0x000000008b100000, 0x000000008b100000, 0x000000008b200000|  0%| F|  |TAMS 0x000000008b100000, 0x000000008b100000| Untracked 
| 178|0x000000008b200000, 0x000000008b200000, 0x000000008b300000|  0%| F|  |TAMS 0x000000008b200000, 0x000000008b200000| Untracked 
| 179|0x000000008b300000, 0x000000008b300000, 0x000000008b400000|  0%| F|  |TAMS 0x000000008b300000, 0x000000008b300000| Untracked 
| 180|0x000000008b400000, 0x000000008b400000, 0x000000008b500000|  0%| F|  |TAMS 0x000000008b400000, 0x000000008b400000| Untracked 
| 181|0x000000008b500000, 0x000000008b500000, 0x000000008b600000|  0%| F|  |TAMS 0x000000008b500000, 0x000000008b500000| Untracked 
| 182|0x000000008b600000, 0x000000008b600000, 0x000000008b700000|  0%| F|  |TAMS 0x000000008b600000, 0x000000008b600000| Untracked 
| 183|0x000000008b700000, 0x000000008b700000, 0x000000008b800000|  0%| F|  |TAMS 0x000000008b700000, 0x000000008b700000| Untracked 
| 184|0x000000008b800000, 0x000000008b800000, 0x000000008b900000|  0%| F|  |TAMS 0x000000008b800000, 0x000000008b800000| Untracked 
| 185|0x000000008b900000, 0x000000008b900000, 0x000000008ba00000|  0%| F|  |TAMS 0x000000008b900000, 0x000000008b900000| Untracked 
| 186|0x000000008ba00000, 0x000000008ba00000, 0x000000008bb00000|  0%| F|  |TAMS 0x000000008ba00000, 0x000000008ba00000| Untracked 
| 187|0x000000008bb00000, 0x000000008bb00000, 0x000000008bc00000|  0%| F|  |TAMS 0x000000008bb00000, 0x000000008bb00000| Untracked 
| 188|0x000000008bc00000, 0x000000008bc00000, 0x000000008bd00000|  0%| F|  |TAMS 0x000000008bc00000, 0x000000008bc00000| Untracked 
| 189|0x000000008bd00000, 0x000000008bd00000, 0x000000008be00000|  0%| F|  |TAMS 0x000000008bd00000, 0x000000008bd00000| Untracked 
| 190|0x000000008be00000, 0x000000008be00000, 0x000000008bf00000|  0%| F|  |TAMS 0x000000008be00000, 0x000000008be00000| Untracked 
| 191|0x000000008bf00000, 0x000000008bf00000, 0x000000008c000000|  0%| F|  |TAMS 0x000000008bf00000, 0x000000008bf00000| Untracked 
| 192|0x000000008c000000, 0x000000008c000000, 0x000000008c100000|  0%| F|  |TAMS 0x000000008c000000, 0x000000008c000000| Untracked 
| 193|0x000000008c100000, 0x000000008c100000, 0x000000008c200000|  0%| F|  |TAMS 0x000000008c100000, 0x000000008c100000| Untracked 
| 194|0x000000008c200000, 0x000000008c200000, 0x000000008c300000|  0%| F|  |TAMS 0x000000008c200000, 0x000000008c200000| Untracked 
| 195|0x000000008c300000, 0x000000008c300000, 0x000000008c400000|  0%| F|  |TAMS 0x000000008c300000, 0x000000008c300000| Untracked 
| 196|0x000000008c400000, 0x000000008c400000, 0x000000008c500000|  0%| F|  |TAMS 0x000000008c400000, 0x000000008c400000| Untracked 
| 197|0x000000008c500000, 0x000000008c500000, 0x000000008c600000|  0%| F|  |TAMS 0x000000008c500000, 0x000000008c500000| Untracked 
| 198|0x000000008c600000, 0x000000008c600000, 0x000000008c700000|  0%| F|  |TAMS 0x000000008c600000, 0x000000008c600000| Untracked 
| 199|0x000000008c700000, 0x000000008c700000, 0x000000008c800000|  0%| F|  |TAMS 0x000000008c700000, 0x000000008c700000| Untracked 
| 200|0x000000008c800000, 0x000000008c800000, 0x000000008c900000|  0%| F|  |TAMS 0x000000008c800000, 0x000000008c800000| Untracked 
| 201|0x000000008c900000, 0x000000008c900000, 0x000000008ca00000|  0%| F|  |TAMS 0x000000008c900000, 0x000000008c900000| Untracked 
| 202|0x000000008ca00000, 0x000000008ca00000, 0x000000008cb00000|  0%| F|  |TAMS 0x000000008ca00000, 0x000000008ca00000| Untracked 
| 203|0x000000008cb00000, 0x000000008cb00000, 0x000000008cc00000|  0%| F|  |TAMS 0x000000008cb00000, 0x000000008cb00000| Untracked 
| 204|0x000000008cc00000, 0x000000008cc00000, 0x000000008cd00000|  0%| F|  |TAMS 0x000000008cc00000, 0x000000008cc00000| Untracked 
| 205|0x000000008cd00000, 0x000000008cd00000, 0x000000008ce00000|  0%| F|  |TAMS 0x000000008cd00000, 0x000000008cd00000| Untracked 
| 206|0x000000008ce00000, 0x000000008ce00000, 0x000000008cf00000|  0%| F|  |TAMS 0x000000008ce00000, 0x000000008ce00000| Untracked 
| 207|0x000000008cf00000, 0x000000008cf00000, 0x000000008d000000|  0%| F|  |TAMS 0x000000008cf00000, 0x000000008cf00000| Untracked 
| 208|0x000000008d000000, 0x000000008d000000, 0x000000008d100000|  0%| F|  |TAMS 0x000000008d000000, 0x000000008d000000| Untracked 
| 209|0x000000008d100000, 0x000000008d100000, 0x000000008d200000|  0%| F|  |TAMS 0x000000008d100000, 0x000000008d100000| Untracked 
| 210|0x000000008d200000, 0x000000008d200000, 0x000000008d300000|  0%| F|  |TAMS 0x000000008d200000, 0x000000008d200000| Untracked 
| 211|0x000000008d300000, 0x000000008d300000, 0x000000008d400000|  0%| F|  |TAMS 0x000000008d300000, 0x000000008d300000| Untracked 
| 212|0x000000008d400000, 0x000000008d400000, 0x000000008d500000|  0%| F|  |TAMS 0x000000008d400000, 0x000000008d400000| Untracked 
| 213|0x000000008d500000, 0x000000008d500000, 0x000000008d600000|  0%| F|  |TAMS 0x000000008d500000, 0x000000008d500000| Untracked 
| 214|0x000000008d600000, 0x000000008d600000, 0x000000008d700000|  0%| F|  |TAMS 0x000000008d600000, 0x000000008d600000| Untracked 
| 215|0x000000008d700000, 0x000000008d731c30, 0x000000008d800000| 19%| E|  |TAMS 0x000000008d700000, 0x000000008d700000| Complete 
| 216|0x000000008d800000, 0x000000008d900000, 0x000000008d900000|100%| E|CS|TAMS 0x000000008d800000, 0x000000008d800000| Complete 
| 217|0x000000008d900000, 0x000000008da00000, 0x000000008da00000|100%| E|CS|TAMS 0x000000008d900000, 0x000000008d900000| Complete 
| 218|0x000000008da00000, 0x000000008db00000, 0x000000008db00000|100%| E|CS|TAMS 0x000000008da00000, 0x000000008da00000| Complete 
| 219|0x000000008db00000, 0x000000008dc00000, 0x000000008dc00000|100%| E|CS|TAMS 0x000000008db00000, 0x000000008db00000| Complete 
| 220|0x000000008dc00000, 0x000000008dd00000, 0x000000008dd00000|100%| E|CS|TAMS 0x000000008dc00000, 0x000000008dc00000| Complete 
| 221|0x000000008dd00000, 0x000000008de00000, 0x000000008de00000|100%| E|CS|TAMS 0x000000008dd00000, 0x000000008dd00000| Complete 
| 222|0x000000008de00000, 0x000000008df00000, 0x000000008df00000|100%| E|CS|TAMS 0x000000008de00000, 0x000000008de00000| Complete 
| 223|0x000000008df00000, 0x000000008e000000, 0x000000008e000000|100%| E|CS|TAMS 0x000000008df00000, 0x000000008df00000| Complete 
| 224|0x000000008e000000, 0x000000008e100000, 0x000000008e100000|100%| E|CS|TAMS 0x000000008e000000, 0x000000008e000000| Complete 
| 225|0x000000008e100000, 0x000000008e200000, 0x000000008e200000|100%| E|CS|TAMS 0x000000008e100000, 0x000000008e100000| Complete 
| 226|0x000000008e200000, 0x000000008e300000, 0x000000008e300000|100%| E|CS|TAMS 0x000000008e200000, 0x000000008e200000| Complete 
| 227|0x000000008e300000, 0x000000008e400000, 0x000000008e400000|100%| E|  |TAMS 0x000000008e300000, 0x000000008e300000| Complete 
| 228|0x000000008e400000, 0x000000008e500000, 0x000000008e500000|100%| E|CS|TAMS 0x000000008e400000, 0x000000008e400000| Complete 
| 229|0x000000008e500000, 0x000000008e600000, 0x000000008e600000|100%| E|CS|TAMS 0x000000008e500000, 0x000000008e500000| Complete 
| 230|0x000000008e600000, 0x000000008e700000, 0x000000008e700000|100%| E|CS|TAMS 0x000000008e600000, 0x000000008e600000| Complete 
| 231|0x000000008e700000, 0x000000008e800000, 0x000000008e800000|100%| E|CS|TAMS 0x000000008e700000, 0x000000008e700000| Complete 
| 232|0x000000008e800000, 0x000000008e900000, 0x000000008e900000|100%| E|CS|TAMS 0x000000008e800000, 0x000000008e800000| Complete 
| 233|0x000000008e900000, 0x000000008ea00000, 0x000000008ea00000|100%| E|CS|TAMS 0x000000008e900000, 0x000000008e900000| Complete 
| 234|0x000000008ea00000, 0x000000008eb00000, 0x000000008eb00000|100%| E|CS|TAMS 0x000000008ea00000, 0x000000008ea00000| Complete 
| 235|0x000000008eb00000, 0x000000008ec00000, 0x000000008ec00000|100%| E|CS|TAMS 0x000000008eb00000, 0x000000008eb00000| Complete 
| 236|0x000000008ec00000, 0x000000008ed00000, 0x000000008ed00000|100%| E|CS|TAMS 0x000000008ec00000, 0x000000008ec00000| Complete 
| 237|0x000000008ed00000, 0x000000008ee00000, 0x000000008ee00000|100%| E|CS|TAMS 0x000000008ed00000, 0x000000008ed00000| Complete 
| 238|0x000000008ee00000, 0x000000008ef00000, 0x000000008ef00000|100%| E|CS|TAMS 0x000000008ee00000, 0x000000008ee00000| Complete 
| 239|0x000000008ef00000, 0x000000008f000000, 0x000000008f000000|100%| E|CS|TAMS 0x000000008ef00000, 0x000000008ef00000| Complete 
| 240|0x000000008f000000, 0x000000008f100000, 0x000000008f100000|100%| E|CS|TAMS 0x000000008f000000, 0x000000008f000000| Complete 
| 241|0x000000008f100000, 0x000000008f200000, 0x000000008f200000|100%| E|CS|TAMS 0x000000008f100000, 0x000000008f100000| Complete 
| 242|0x000000008f200000, 0x000000008f300000, 0x000000008f300000|100%| E|CS|TAMS 0x000000008f200000, 0x000000008f200000| Complete 
| 243|0x000000008f300000, 0x000000008f400000, 0x000000008f400000|100%| E|CS|TAMS 0x000000008f300000, 0x000000008f300000| Complete 
| 244|0x000000008f400000, 0x000000008f500000, 0x000000008f500000|100%| E|CS|TAMS 0x000000008f400000, 0x000000008f400000| Complete 
| 245|0x000000008f500000, 0x000000008f600000, 0x000000008f600000|100%| E|CS|TAMS 0x000000008f500000, 0x000000008f500000| Complete 
| 246|0x000000008f600000, 0x000000008f700000, 0x000000008f700000|100%| E|CS|TAMS 0x000000008f600000, 0x000000008f600000| Complete 
| 247|0x000000008f700000, 0x000000008f800000, 0x000000008f800000|100%| E|CS|TAMS 0x000000008f700000, 0x000000008f700000| Complete 
| 248|0x000000008f800000, 0x000000008f900000, 0x000000008f900000|100%| E|CS|TAMS 0x000000008f800000, 0x000000008f800000| Complete 
| 249|0x000000008f900000, 0x000000008fa00000, 0x000000008fa00000|100%| E|CS|TAMS 0x000000008f900000, 0x000000008f900000| Complete 
| 250|0x000000008fa00000, 0x000000008fb00000, 0x000000008fb00000|100%| E|CS|TAMS 0x000000008fa00000, 0x000000008fa00000| Complete 
| 251|0x000000008fb00000, 0x000000008fbf5010, 0x000000008fc00000| 95%| S|CS|TAMS 0x000000008fb00000, 0x000000008fb00000| Complete 
| 252|0x000000008fc00000, 0x000000008fd00000, 0x000000008fd00000|100%| S|CS|TAMS 0x000000008fc00000, 0x000000008fc00000| Complete 
| 253|0x000000008fd00000, 0x000000008fe00000, 0x000000008fe00000|100%| E|CS|TAMS 0x000000008fd00000, 0x000000008fd00000| Complete 
| 254|0x000000008fe00000, 0x000000008ff00000, 0x000000008ff00000|100%| E|CS|TAMS 0x000000008fe00000, 0x000000008fe00000| Complete 
| 255|0x000000008ff00000, 0x0000000090000000, 0x0000000090000000|100%| E|CS|TAMS 0x000000008ff00000, 0x000000008ff00000| Complete 

Card table byte_map: [0x0000011efe240000,0x0000011efe640000] _byte_map_base: 0x0000011efde40000

Marking Bits (Prev, Next): (CMBitMap*) 0x0000011ef98fe5b0, (CMBitMap*) 0x0000011ef98fe578
 Prev Bits: [0x0000011e91000000, 0x0000011e93000000)
 Next Bits: [0x0000011e8f000000, 0x0000011e91000000)

Polling page: 0x0000011ef7ee0000

Metaspace:

Usage:
  Non-class:     96.39 MB capacity,    94.62 MB ( 98%) used,     1.44 MB (  1%) free+waste,   336.00 KB ( <1%) overhead. 
      Class:     14.78 MB capacity,    13.81 MB ( 93%) used,   850.11 KB (  6%) free+waste,   147.81 KB ( <1%) overhead. 
       Both:    111.17 MB capacity,   108.42 MB ( 98%) used,     2.27 MB (  2%) free+waste,   483.81 KB ( <1%) overhead. 

Virtual space:
  Non-class space:       98.00 MB reserved,      96.42 MB ( 98%) committed 
      Class space:        1.00 GB reserved,      14.88 MB (  1%) committed 
             Both:        1.10 GB reserved,     111.29 MB ( 10%) committed 

Chunk freelists:
   Non-Class:  27.00 KB
       Class:  1.00 KB
        Both:  28.00 KB

MaxMetaspaceSize: 17179869184.00 GB
CompressedClassSpaceSize: 1.00 GB
Initial GC threshold: 20.80 MB
Current GC threshold: 177.36 MB
CDS: off

CodeHeap 'non-profiled nmethods': size=120000Kb used=12631Kb max_used=12631Kb free=107368Kb
 bounds [0x0000011e87ad0000, 0x0000011e88730000, 0x0000011e8f000000]
CodeHeap 'profiled nmethods': size=120000Kb used=40022Kb max_used=40022Kb free=79977Kb
 bounds [0x0000011e805a0000, 0x0000011e82cc0000, 0x0000011e87ad0000]
CodeHeap 'non-nmethods': size=5760Kb used=2451Kb max_used=2539Kb free=3308Kb
 bounds [0x0000011e80000000, 0x0000011e80280000, 0x0000011e805a0000]
 total_blobs=18669 nmethods=17695 adapters=885
 compilation: enabled
              stopped_count=0, restarted_count=0
 full_count=0

Compilation events (20 events):
Event: 530.493 Thread 0x0000011e950dd800 nmethod 17829 0x0000011e82c84a90 code [0x0000011e82c84c40, 0x0000011e82c84dd8]
Event: 530.493 Thread 0x0000011e950dd800 17835       2       com.android.tools.r8.graph.W::hashCode (11 bytes)
Event: 530.493 Thread 0x0000011e950dd800 nmethod 17835 0x0000011e82c84e90 code [0x0000011e82c85040, 0x0000011e82c85138]
Event: 530.493 Thread 0x0000011e950dd800 17838       2       com.android.tools.r8.graph.f1$$Lambda$1373/0x0000000100eb9840::apply (8 bytes)
Event: 530.494 Thread 0x0000011e950dd800 nmethod 17838 0x0000011e82c85210 code [0x0000011e82c853c0, 0x0000011e82c854f8]
Event: 530.494 Thread 0x0000011e950dd800 17830       2       com.android.tools.r8.graph.K2::b (25 bytes)
Event: 530.494 Thread 0x0000011e950dd800 nmethod 17830 0x0000011e82c85610 code [0x0000011e82c857c0, 0x0000011e82c85958]
Event: 530.494 Thread 0x0000011e950dd800 17823       2       java.util.function.Function$$Lambda$1379/0x0000000100ebac40::get$Lambda (10 bytes)
Event: 530.494 Thread 0x0000011e950dd800 nmethod 17823 0x0000011e82c85a10 code [0x0000011e82c85bc0, 0x0000011e82c85db8]
Event: 530.494 Thread 0x0000011e950dd800 17600       1       com.android.tools.r8.graph.j1$g::O0 (5 bytes)
Event: 530.494 Thread 0x0000011e950dd800 nmethod 17600 0x0000011e88723490 code [0x0000011e88723640, 0x0000011e887236f8]
Event: 530.494 Thread 0x0000011e950dd800 17602       1       com.android.tools.r8.internal.fJ::b (5 bytes)
Event: 530.494 Thread 0x0000011e950dd800 nmethod 17602 0x0000011e88723790 code [0x0000011e88723940, 0x0000011e887239f8]
Event: 530.494 Thread 0x0000011e950dd800 17603       1       com.android.tools.r8.internal.fJ::a (5 bytes)
Event: 530.494 Thread 0x0000011e950dd800 nmethod 17603 0x0000011e88723a90 code [0x0000011e88723c40, 0x0000011e88723cf8]
Event: 530.495 Thread 0x0000011e950dd800 17601       1       com.android.tools.r8.internal.fJ::b (6 bytes)
Event: 530.495 Thread 0x0000011e950dd800 nmethod 17601 0x0000011e88723d90 code [0x0000011e88723f40, 0x0000011e88724038]
Event: 530.495 Thread 0x0000011e950dd800 17836       2       com.android.tools.r8.dex.j$$Lambda$1297/0x0000000100e3c040::get (8 bytes)
Event: 530.495 Thread 0x0000011e950dd800 nmethod 17836 0x0000011e82c85e90 code [0x0000011e82c86040, 0x0000011e82c86168]
Event: 530.495 Thread 0x0000011e950dd800 17843       3       com.android.tools.r8.internal.Yg::d (61 bytes)

GC Heap History (20 events):
Event: 489.378 GC heap before
{Heap before GC invocations=26 (full 0):
 garbage-first heap   total 262144K, used 130720K [0x0000000080000000, 0x0000000100000000)
  region size 1024K, 14 young (14336K), 12 survivors (12288K)
 Metaspace       used 103493K, capacity 106010K, committed 106156K, reserved 1140736K
  class space    used 13093K, capacity 14014K, committed 14080K, reserved 1048576K
}
Event: 489.409 GC heap after
{Heap after GC invocations=27 (full 0):
 garbage-first heap   total 262144K, used 127661K [0x0000000080000000, 0x0000000100000000)
  region size 1024K, 1 young (1024K), 1 survivors (1024K)
 Metaspace       used 103493K, capacity 106010K, committed 106156K, reserved 1140736K
  class space    used 13093K, capacity 14014K, committed 14080K, reserved 1048576K
}
Event: 491.768 GC heap before
{Heap before GC invocations=28 (full 0):
 garbage-first heap   total 262144K, used 169645K [0x0000000080000000, 0x0000000100000000)
  region size 1024K, 43 young (44032K), 1 survivors (1024K)
 Metaspace       used 103560K, capacity 106050K, committed 106412K, reserved 1142784K
  class space    used 13044K, capacity 13926K, committed 14080K, reserved 1048576K
}
Event: 491.774 GC heap after
{Heap after GC invocations=29 (full 0):
 garbage-first heap   total 262144K, used 124928K [0x0000000080000000, 0x0000000100000000)
  region size 1024K, 6 young (6144K), 6 survivors (6144K)
 Metaspace       used 103560K, capacity 106050K, committed 106412K, reserved 1142784K
  class space    used 13044K, capacity 13926K, committed 14080K, reserved 1048576K
}
Event: 527.645 GC heap before
{Heap before GC invocations=29 (full 0):
 garbage-first heap   total 262144K, used 175104K [0x0000000080000000, 0x0000000100000000)
  region size 1024K, 56 young (57344K), 6 survivors (6144K)
 Metaspace       used 103782K, capacity 106236K, committed 106668K, reserved 1142784K
  class space    used 13050K, capacity 13936K, committed 14080K, reserved 1048576K
}
Event: 527.659 GC heap after
{Heap after GC invocations=30 (full 0):
 garbage-first heap   total 262144K, used 123180K [0x0000000080000000, 0x0000000100000000)
  region size 1024K, 3 young (3072K), 3 survivors (3072K)
 Metaspace       used 103782K, capacity 106236K, committed 106668K, reserved 1142784K
  class space    used 13050K, capacity 13936K, committed 14080K, reserved 1048576K
}
Event: 528.450 GC heap before
{Heap before GC invocations=31 (full 0):
 garbage-first heap   total 262144K, used 174380K [0x0000000080000000, 0x0000000100000000)
  region size 1024K, 62 young (63488K), 3 survivors (3072K)
 Metaspace       used 105206K, capacity 107718K, committed 107820K, reserved 1142784K
  class space    used 13217K, capacity 14139K, committed 14208K, reserved 1048576K
}
Event: 528.462 GC heap after
{Heap after GC invocations=32 (full 0):
 garbage-first heap   total 262144K, used 120483K [0x0000000080000000, 0x0000000100000000)
  region size 1024K, 8 young (8192K), 8 survivors (8192K)
 Metaspace       used 105206K, capacity 107718K, committed 107820K, reserved 1142784K
  class space    used 13217K, capacity 14139K, committed 14208K, reserved 1048576K
}
Event: 528.476 GC heap before
{Heap before GC invocations=32 (full 0):
 garbage-first heap   total 262144K, used 123555K [0x0000000080000000, 0x0000000100000000)
  region size 1024K, 12 young (12288K), 8 survivors (8192K)
 Metaspace       used 105208K, capacity 107718K, committed 107820K, reserved 1142784K
  class space    used 13217K, capacity 14139K, committed 14208K, reserved 1048576K
}
Event: 528.490 GC heap after
{Heap after GC invocations=33 (full 0):
 garbage-first heap   total 262144K, used 110905K [0x0000000080000000, 0x0000000100000000)
  region size 1024K, 1 young (1024K), 1 survivors (1024K)
 Metaspace       used 105208K, capacity 107718K, committed 107820K, reserved 1142784K
  class space    used 13217K, capacity 14139K, committed 14208K, reserved 1048576K
}
Event: 528.711 GC heap before
{Heap before GC invocations=33 (full 0):
 garbage-first heap   total 262144K, used 181561K [0x0000000080000000, 0x0000000100000000)
  region size 1024K, 70 young (71680K), 1 survivors (1024K)
 Metaspace       used 105208K, capacity 107718K, committed 107820K, reserved 1142784K
  class space    used 13217K, capacity 14139K, committed 14208K, reserved 1048576K
}
Event: 528.716 GC heap after
{Heap after GC invocations=34 (full 0):
 garbage-first heap   total 262144K, used 111527K [0x0000000080000000, 0x0000000100000000)
  region size 1024K, 2 young (2048K), 2 survivors (2048K)
 Metaspace       used 105208K, capacity 107718K, committed 107820K, reserved 1142784K
  class space    used 13217K, capacity 14139K, committed 14208K, reserved 1048576K
}
Event: 529.227 GC heap before
{Heap before GC invocations=34 (full 0):
 garbage-first heap   total 262144K, used 188327K [0x0000000080000000, 0x0000000100000000)
  region size 1024K, 77 young (78848K), 2 survivors (2048K)
 Metaspace       used 105245K, capacity 107790K, committed 108076K, reserved 1142784K
  class space    used 13218K, capacity 14140K, committed 14208K, reserved 1048576K
}
Event: 529.230 GC heap after
{Heap after GC invocations=35 (full 0):
 garbage-first heap   total 262144K, used 111060K [0x0000000080000000, 0x0000000100000000)
  region size 1024K, 3 young (3072K), 3 survivors (3072K)
 Metaspace       used 105245K, capacity 107790K, committed 108076K, reserved 1142784K
  class space    used 13218K, capacity 14140K, committed 14208K, reserved 1048576K
}
Event: 529.461 GC heap before
{Heap before GC invocations=35 (full 0):
 garbage-first heap   total 262144K, used 136660K [0x0000000080000000, 0x0000000100000000)
  region size 1024K, 21 young (21504K), 3 survivors (3072K)
 Metaspace       used 105608K, capacity 108221K, committed 108332K, reserved 1142784K
  class space    used 13257K, capacity 14188K, committed 14208K, reserved 1048576K
}
Event: 529.468 GC heap after
{Heap after GC invocations=36 (full 0):
 garbage-first heap   total 262144K, used 123680K [0x0000000080000000, 0x0000000100000000)
  region size 1024K, 7 young (7168K), 7 survivors (7168K)
 Metaspace       used 105608K, capacity 108221K, committed 108332K, reserved 1142784K
  class space    used 13257K, capacity 14188K, committed 14208K, reserved 1048576K
}
Event: 530.154 GC heap before
{Heap before GC invocations=37 (full 0):
 garbage-first heap   total 262144K, used 215840K [0x0000000080000000, 0x0000000100000000)
  region size 1024K, 67 young (68608K), 7 survivors (7168K)
 Metaspace       used 108617K, capacity 111244K, committed 111404K, reserved 1146880K
  class space    used 13657K, capacity 14601K, committed 14720K, reserved 1048576K
}
Event: 530.172 GC heap after
{Heap after GC invocations=38 (full 0):
 garbage-first heap   total 262144K, used 154877K [0x0000000080000000, 0x0000000100000000)
  region size 1024K, 9 young (9216K), 9 survivors (9216K)
 Metaspace       used 108617K, capacity 111244K, committed 111404K, reserved 1146880K
  class space    used 13657K, capacity 14601K, committed 14720K, reserved 1048576K
}
Event: 530.196 GC heap before
{Heap before GC invocations=38 (full 0):
 garbage-first heap   total 262144K, used 158973K [0x0000000080000000, 0x0000000100000000)
  region size 1024K, 12 young (12288K), 9 survivors (9216K)
 Metaspace       used 108617K, capacity 111244K, committed 111404K, reserved 1146880K
  class space    used 13657K, capacity 14601K, committed 14720K, reserved 1048576K
}
Event: 530.216 GC heap after
{Heap after GC invocations=39 (full 0):
 garbage-first heap   total 262144K, used 156517K [0x0000000080000000, 0x0000000100000000)
  region size 1024K, 2 young (2048K), 2 survivors (2048K)
 Metaspace       used 108617K, capacity 111244K, committed 111404K, reserved 1146880K
  class space    used 13657K, capacity 14601K, committed 14720K, reserved 1048576K
}

Deoptimization events (20 events):
Event: 530.260 Thread 0x0000011e9d130000 Uncommon trap: trap_request=0xffffffde fr.pc=0x0000011e887124e8 relative=0x0000000000000b08
Event: 530.260 Thread 0x0000011e9d128000 Uncommon trap: trap_request=0xffffffde fr.pc=0x0000011e887124e8 relative=0x0000000000000b08
Event: 530.260 Thread 0x0000011e9d130000 Uncommon trap: reason=class_check action=maybe_recompile pc=0x0000011e887124e8 method=com.android.tools.r8.dex.j.a(ILjava/util/function/Supplier;)Ljava/lang/Object; @ 31 c2
Event: 530.260 Thread 0x0000011e9d128000 Uncommon trap: reason=class_check action=maybe_recompile pc=0x0000011e887124e8 method=com.android.tools.r8.dex.j.a(ILjava/util/function/Supplier;)Ljava/lang/Object; @ 31 c2
Event: 530.260 Thread 0x0000011e9d130000 DEOPT PACKING pc=0x0000011e887124e8 sp=0x00000008dd8fe730
Event: 530.260 Thread 0x0000011e9d128000 DEOPT PACKING pc=0x0000011e887124e8 sp=0x00000008dd6fece0
Event: 530.260 Thread 0x0000011e9d130000 DEOPT UNPACKING pc=0x0000011e8004a1af sp=0x00000008dd8fe730 mode 2
Event: 530.260 Thread 0x0000011e9d128000 DEOPT UNPACKING pc=0x0000011e8004a1af sp=0x00000008dd6fece0 mode 2
Event: 530.260 Thread 0x0000011e9ff3d000 Uncommon trap: trap_request=0xffffffde fr.pc=0x0000011e887124e8 relative=0x0000000000000b08
Event: 530.260 Thread 0x0000011e9ff3d000 Uncommon trap: reason=class_check action=maybe_recompile pc=0x0000011e887124e8 method=com.android.tools.r8.dex.j.a(ILjava/util/function/Supplier;)Ljava/lang/Object; @ 31 c2
Event: 530.260 Thread 0x0000011e9ff3d000 DEOPT PACKING pc=0x0000011e887124e8 sp=0x00000008dddfea60
Event: 530.260 Thread 0x0000011e9ff3d000 DEOPT UNPACKING pc=0x0000011e8004a1af sp=0x00000008dddfea60 mode 2
Event: 530.260 Thread 0x0000011e9d12e800 Uncommon trap: trap_request=0xffffffde fr.pc=0x0000011e887124e8 relative=0x0000000000000b08
Event: 530.260 Thread 0x0000011e9d12e800 Uncommon trap: reason=class_check action=maybe_recompile pc=0x0000011e887124e8 method=com.android.tools.r8.dex.j.a(ILjava/util/function/Supplier;)Ljava/lang/Object; @ 31 c2
Event: 530.260 Thread 0x0000011e9d12e800 DEOPT PACKING pc=0x0000011e887124e8 sp=0x00000008dd9fefd0
Event: 530.260 Thread 0x0000011e9d12e800 DEOPT UNPACKING pc=0x0000011e8004a1af sp=0x00000008dd9fefd0 mode 2
Event: 530.467 Thread 0x0000011e9ff3d000 Uncommon trap: trap_request=0xffffff4d fr.pc=0x0000011e88061714 relative=0x0000000000000354
Event: 530.467 Thread 0x0000011e9ff3d000 Uncommon trap: reason=unstable_if action=reinterpret pc=0x0000011e88061714 method=java.util.concurrent.ConcurrentLinkedQueue.offer(Ljava/lang/Object;)Z @ 42 c2
Event: 530.467 Thread 0x0000011e9ff3d000 DEOPT PACKING pc=0x0000011e88061714 sp=0x00000008dddfeab0
Event: 530.467 Thread 0x0000011e9ff3d000 DEOPT UNPACKING pc=0x0000011e8004a1af sp=0x00000008dddfea08 mode 2

Classes redefined (0 events):
No events

Internal exceptions (20 events):
Event: 492.277 Thread 0x0000011e9d0dc000 Exception <a 'sun/nio/fs/WindowsException'{0x000000008eab1970}> (0x000000008eab1970) thrown at [./src/hotspot/share/prims/jni.cpp, line 615]
Event: 492.284 Thread 0x0000011e9d0dc000 Exception <a 'java/lang/reflect/InvocationTargetException'{0x000000008eabc8f0}> (0x000000008eabc8f0) thrown at [./src/hotspot/share/runtime/reflection.cpp, line 1247]
Event: 492.299 Thread 0x0000011e98f14000 Exception <a 'sun/nio/fs/WindowsException'{0x000000008e86a180}> (0x000000008e86a180) thrown at [./src/hotspot/share/prims/jni.cpp, line 615]
Event: 492.299 Thread 0x0000011e98f14000 Exception <a 'sun/nio/fs/WindowsException'{0x000000008e86a200}> (0x000000008e86a200) thrown at [./src/hotspot/share/prims/jni.cpp, line 615]
Event: 492.299 Thread 0x0000011e98f14000 Exception <a 'sun/nio/fs/WindowsException'{0x000000008e86bb68}> (0x000000008e86bb68) thrown at [./src/hotspot/share/prims/jni.cpp, line 615]
Event: 527.644 Thread 0x0000011e98f14000 Exception <a 'sun/nio/fs/WindowsException'{0x000000008c8fb5d8}> (0x000000008c8fb5d8) thrown at [./src/hotspot/share/prims/jni.cpp, line 615]
Event: 527.698 Thread 0x0000011e98f14000 Implicit null exception at 0x0000011e8850c17e to 0x0000011e8850c290
Event: 527.816 Thread 0x0000011e98f14000 Exception <a 'sun/nio/fs/WindowsException'{0x000000008f4191a8}> (0x000000008f4191a8) thrown at [./src/hotspot/share/prims/jni.cpp, line 615]
Event: 527.824 Thread 0x0000011e98f14000 Exception <a 'sun/nio/fs/WindowsException'{0x000000008f4b5d90}> (0x000000008f4b5d90) thrown at [./src/hotspot/share/prims/jni.cpp, line 615]
Event: 527.824 Thread 0x0000011e98f14000 Exception <a 'sun/nio/fs/WindowsException'{0x000000008f4b7108}> (0x000000008f4b7108) thrown at [./src/hotspot/share/prims/jni.cpp, line 615]
Event: 527.824 Thread 0x0000011e98f14000 Exception <a 'sun/nio/fs/WindowsException'{0x000000008f4b84d0}> (0x000000008f4b84d0) thrown at [./src/hotspot/share/prims/jni.cpp, line 615]
Event: 527.824 Thread 0x0000011e98f14000 Exception <a 'sun/nio/fs/WindowsException'{0x000000008f4b9898}> (0x000000008f4b9898) thrown at [./src/hotspot/share/prims/jni.cpp, line 615]
Event: 529.646 Thread 0x0000011e9d124000 Exception <a 'sun/nio/fs/WindowsException'{0x000000008fb79ef0}> (0x000000008fb79ef0) thrown at [./src/hotspot/share/prims/jni.cpp, line 615]
Event: 529.862 Thread 0x0000011e9d124000 Exception <a 'java/lang/NoSuchMethodError'{0x000000008f3170e8}: 'java.lang.Object java.lang.invoke.DirectMethodHandle$Holder.invokeStaticInit(java.lang.Object, java.lang.Object, java.lang.Object, java.lang.Object, java.lang.Object, java.lang.Object, java.lang.Object, java.lang.Object, java.lang.Object, java.lang.Object, java.lang.Object, java.lang.Object, java.lang.Object, java.lang.Object, java.lang.Object, java.lang.Object, java.lang.Object, java.lang.Object, int, java.lang.Object, java.lang.Object)'> (0
Event: 530.230 Thread 0x0000011e9d12e800 Exception <a 'java/lang/IncompatibleClassChangeError'{0x000000008feb72b8}: Found class java.lang.Object, but interface was expected> (0x000000008feb72b8) thrown at [./src/hotspot/share/interpreter/linkResolver.cpp, line 839]
Event: 530.268 Thread 0x0000011e9d128000 Exception <a 'java/lang/NoSuchMethodError'{0x000000008faa4238}: 'java.lang.Object java.lang.invoke.DirectMethodHandle$Holder.newInvokeSpecial(java.lang.Object, int)'> (0x000000008faa4238) thrown at [./src/hotspot/share/interpreter/linkResolver.cpp, line 773]
Event: 530.351 Thread 0x0000011e9d131000 Exception <a 'java/lang/IncompatibleClassChangeError'{0x000000008fa947c8}: Found class java.lang.Object, but interface was expected> (0x000000008fa947c8) thrown at [./src/hotspot/share/interpreter/linkResolver.cpp, line 839]
Event: 530.351 Thread 0x0000011e9d129000 Exception <a 'java/lang/IncompatibleClassChangeError'{0x000000008f7cff30}: Found class java.lang.Object, but interface was expected> (0x000000008f7cff30) thrown at [./src/hotspot/share/interpreter/linkResolver.cpp, line 839]
Event: 530.352 Thread 0x0000011e9d131000 Exception <a 'java/lang/IncompatibleClassChangeError'{0x000000008f7debd0}: Found class java.lang.Object, but interface was expected> (0x000000008f7debd0) thrown at [./src/hotspot/share/interpreter/linkResolver.cpp, line 839]
Event: 530.352 Thread 0x0000011e9d130000 Exception <a 'java/lang/IncompatibleClassChangeError'{0x000000008f7c71e8}: Found class java.lang.Object, but interface was expected> (0x000000008f7c71e8) thrown at [./src/hotspot/share/interpreter/linkResolver.cpp, line 839]

Events (20 events):
Event: 530.377 loading class com/android/tools/r8/internal/O0
Event: 530.377 loading class com/android/tools/r8/internal/O0 done
Event: 530.378 loading class com/android/tools/r8/internal/LH
Event: 530.378 loading class com/android/tools/r8/internal/LH done
Event: 530.378 loading class com/android/tools/r8/internal/IH
Event: 530.378 loading class com/android/tools/r8/internal/IH done
Event: 530.379 loading class com/android/tools/r8/internal/UG
Event: 530.379 loading class com/android/tools/r8/internal/UG done
Event: 530.379 loading class com/android/tools/r8/internal/RH
Event: 530.379 loading class com/android/tools/r8/internal/RH done
Event: 530.380 loading class com/android/tools/r8/internal/ZG
Event: 530.380 loading class com/android/tools/r8/internal/ZG done
Event: 530.380 loading class com/android/tools/r8/graph/W0
Event: 530.380 loading class com/android/tools/r8/graph/W0 done
Event: 530.381 loading class com/android/tools/r8/graph/N2
Event: 530.381 loading class com/android/tools/r8/graph/N2 done
Event: 530.381 loading class com/android/tools/r8/internal/XG
Event: 530.381 loading class com/android/tools/r8/internal/XG done
Event: 530.381 loading class com/android/tools/r8/internal/cH
Event: 530.381 loading class com/android/tools/r8/internal/cH done


Dynamic libraries:
0x00007ff7d4100000 - 0x00007ff7d410a000 	C:\Program Files\Android\Android Studio\jre\bin\java.exe
0x00007ffbac610000 - 0x00007ffbac808000 	C:\WINDOWS\SYSTEM32\ntdll.dll
0x00007ffbabda0000 - 0x00007ffbabe5f000 	C:\WINDOWS\System32\KERNEL32.DLL
0x00007ffbaa380000 - 0x00007ffbaa652000 	C:\WINDOWS\System32\KERNELBASE.dll
0x00007ffba9e70000 - 0x00007ffba9f70000 	C:\WINDOWS\System32\ucrtbase.dll
0x00007ffb81360000 - 0x00007ffb81377000 	C:\Program Files\Android\Android Studio\jre\bin\VCRUNTIME140.dll
0x00007ffb81560000 - 0x00007ffb81579000 	C:\Program Files\Android\Android Studio\jre\bin\jli.dll
0x00007ffbab090000 - 0x00007ffbab22d000 	C:\WINDOWS\System32\USER32.dll
0x00007ffb95ab0000 - 0x00007ffb95d4a000 	C:\WINDOWS\WinSxS\amd64_microsoft.windows.common-controls_6595b64144ccf1df_6.0.19041.1110_none_60b5254171f9507e\COMCTL32.dll
0x00007ffba9e40000 - 0x00007ffba9e62000 	C:\WINDOWS\System32\win32u.dll
0x00007ffbaa7c0000 - 0x00007ffbaa85e000 	C:\WINDOWS\System32\msvcrt.dll
0x00007ffbaabf0000 - 0x00007ffbaac1b000 	C:\WINDOWS\System32\GDI32.dll
0x00007ffbaa270000 - 0x00007ffbaa37f000 	C:\WINDOWS\System32\gdi32full.dll
0x00007ffba9d10000 - 0x00007ffba9dad000 	C:\WINDOWS\System32\msvcp_win.dll
0x00007ffbab570000 - 0x00007ffbab5a2000 	C:\WINDOWS\System32\IMM32.DLL
0x00007ffb70070000 - 0x00007ffb7010d000 	C:\Program Files\Android\Android Studio\jre\bin\msvcp140.dll
0x00007ffb4e120000 - 0x00007ffb4ec05000 	C:\Program Files\Android\Android Studio\jre\bin\server\jvm.dll
0x00007ffbaa980000 - 0x00007ffbaaa2e000 	C:\WINDOWS\System32\ADVAPI32.dll
0x00007ffbab5b0000 - 0x00007ffbab64c000 	C:\WINDOWS\System32\sechost.dll
0x00007ffbaaac0000 - 0x00007ffbaabe5000 	C:\WINDOWS\System32\RPCRT4.dll
0x00007ffbab750000 - 0x00007ffbab758000 	C:\WINDOWS\System32\PSAPI.DLL
0x00007ffba59c0000 - 0x00007ffba59c9000 	C:\WINDOWS\SYSTEM32\WSOCK32.dll
0x00007ffba3c50000 - 0x00007ffba3c5a000 	C:\WINDOWS\SYSTEM32\VERSION.dll
0x00007ffbab7c0000 - 0x00007ffbab82b000 	C:\WINDOWS\System32\WS2_32.dll
0x00007ffb97d50000 - 0x00007ffb97d77000 	C:\WINDOWS\SYSTEM32\WINMM.dll
0x00007ffba7bd0000 - 0x00007ffba7be2000 	C:\WINDOWS\SYSTEM32\kernel.appcore.dll
0x00007ffb92c10000 - 0x00007ffb92c21000 	C:\Program Files\Android\Android Studio\jre\bin\verify.dll
0x00007ffb97810000 - 0x00007ffb979f4000 	C:\WINDOWS\SYSTEM32\DBGHELP.DLL
0x00007ffb97230000 - 0x00007ffb9725c000 	C:\WINDOWS\SYSTEM32\dbgcore.DLL
0x00007ffba9db0000 - 0x00007ffba9e32000 	C:\WINDOWS\System32\bcryptPrimitives.dll
0x00007ffb85300000 - 0x00007ffb85329000 	C:\Program Files\Android\Android Studio\jre\bin\java.dll
0x00007ffb9cba0000 - 0x00007ffb9cbab000 	C:\Program Files\Android\Android Studio\jre\bin\jimage.dll
0x00007ffb928c0000 - 0x00007ffb928d8000 	C:\Program Files\Android\Android Studio\jre\bin\zip.dll
0x00007ffbabe80000 - 0x00007ffbac5c3000 	C:\WINDOWS\System32\SHELL32.dll
0x00007ffba7dd0000 - 0x00007ffba8562000 	C:\WINDOWS\SYSTEM32\windows.storage.dll
0x00007ffbaba40000 - 0x00007ffbabd94000 	C:\WINDOWS\System32\combase.dll
0x00007ffba9770000 - 0x00007ffba97a0000 	C:\WINDOWS\SYSTEM32\Wldp.dll
0x00007ffbaa660000 - 0x00007ffbaa70d000 	C:\WINDOWS\System32\SHCORE.dll
0x00007ffbab290000 - 0x00007ffbab2e5000 	C:\WINDOWS\System32\shlwapi.dll
0x00007ffba9c50000 - 0x00007ffba9c6f000 	C:\WINDOWS\SYSTEM32\profapi.dll
0x00007ffb92750000 - 0x00007ffb9276a000 	C:\Program Files\Android\Android Studio\jre\bin\net.dll
0x00007ffba2df0000 - 0x00007ffba2efc000 	C:\WINDOWS\SYSTEM32\WINHTTP.dll
0x00007ffba94d0000 - 0x00007ffba953a000 	C:\WINDOWS\system32\mswsock.dll
0x00007ffb906d0000 - 0x00007ffb906e4000 	C:\Program Files\Android\Android Studio\jre\bin\nio.dll
0x00007ffb902f0000 - 0x00007ffb90317000 	C:\Users\user\.gradle\native\e1d6ef7f7dcc3fd88c89a11ec53ec762bb8ba0a96d01ffa2cd45eb1d1d8dd5c5\windows-amd64\native-platform.dll
0x00007ffb55560000 - 0x00007ffb556a4000 	C:\Users\user\.gradle\native\5664cfc778a61ccfe75a443a1ab52a65af34e5dc3c78e0209fed803814484fcb\windows-amd64\native-platform-file-events.dll
0x00007ffb9aa60000 - 0x00007ffb9aa6a000 	C:\Program Files\Android\Android Studio\jre\bin\management.dll
0x00007ffb99800000 - 0x00007ffb9980d000 	C:\Program Files\Android\Android Studio\jre\bin\management_ext.dll
0x00007ffba96c0000 - 0x00007ffba96d8000 	C:\WINDOWS\SYSTEM32\CRYPTSP.dll
0x00007ffba8d80000 - 0x00007ffba8db4000 	C:\WINDOWS\system32\rsaenh.dll
0x00007ffba9f70000 - 0x00007ffba9f97000 	C:\WINDOWS\System32\bcrypt.dll
0x00007ffba9bd0000 - 0x00007ffba9bfe000 	C:\WINDOWS\SYSTEM32\USERENV.dll
0x00007ffba96e0000 - 0x00007ffba96ec000 	C:\WINDOWS\SYSTEM32\CRYPTBASE.dll
0x00007ffba9170000 - 0x00007ffba91ab000 	C:\WINDOWS\SYSTEM32\IPHLPAPI.DLL
0x00007ffbab660000 - 0x00007ffbab668000 	C:\WINDOWS\System32\NSI.dll
0x00007ffba4160000 - 0x00007ffba4177000 	C:\WINDOWS\SYSTEM32\dhcpcsvc6.DLL
0x00007ffba40f0000 - 0x00007ffba410d000 	C:\WINDOWS\SYSTEM32\dhcpcsvc.DLL
0x00007ffba91c0000 - 0x00007ffba928a000 	C:\WINDOWS\SYSTEM32\DNSAPI.dll
0x00007ffba8ea0000 - 0x00007ffba8ed3000 	C:\WINDOWS\SYSTEM32\ntmarta.dll
0x00007ffb90730000 - 0x00007ffb9074e000 	C:\Users\user\AppData\Local\Temp\native-platform5522392415023409962dir\native-platform.dll
0x00007ffb7f760000 - 0x00007ffb7f777000 	C:\WINDOWS\system32\napinsp.dll
0x00007ffb7ec20000 - 0x00007ffb7ec3b000 	C:\WINDOWS\system32\pnrpnsp.dll
0x00007ffba5700000 - 0x00007ffba571d000 	C:\WINDOWS\system32\NLAapi.dll
0x00007ffb9ab60000 - 0x00007ffb9ab75000 	C:\WINDOWS\system32\wshbth.dll
0x00007ffb7e630000 - 0x00007ffb7e642000 	C:\WINDOWS\System32\winrnr.dll
0x00007ffba1d00000 - 0x00007ffba1d0a000 	C:\Windows\System32\rasadhlp.dll
0x00007ffba0c10000 - 0x00007ffba0c90000 	C:\WINDOWS\System32\fwpuclnt.dll

dbghelp: loaded successfully - version: 4.0.5 - missing functions: none
symbol engine: initialized successfully - sym options: 0x614 - pdb path: .;C:\Program Files\Android\Android Studio\jre\bin;C:\WINDOWS\SYSTEM32;C:\WINDOWS\WinSxS\amd64_microsoft.windows.common-controls_6595b64144ccf1df_6.0.19041.1110_none_60b5254171f9507e;C:\Program Files\Android\Android Studio\jre\bin\server;C:\Users\user\.gradle\native\e1d6ef7f7dcc3fd88c89a11ec53ec762bb8ba0a96d01ffa2cd45eb1d1d8dd5c5\windows-amd64;C:\Users\user\.gradle\native\5664cfc778a61ccfe75a443a1ab52a65af34e5dc3c78e0209fed803814484fcb\windows-amd64;C:\Users\user\AppData\Local\Temp\native-platform5522392415023409962dir

VM Arguments:
jvm_args: --add-opens=java.base/java.util=ALL-UNNAMED --add-opens=java.base/java.lang=ALL-UNNAMED --add-opens=java.base/java.lang.invoke=ALL-UNNAMED --add-opens=java.base/java.util=ALL-UNNAMED --add-opens=java.prefs/java.util.prefs=ALL-UNNAMED --add-opens=java.prefs/java.util.prefs=ALL-UNNAMED --add-opens=java.base/java.nio.charset=ALL-UNNAMED --add-opens=java.base/java.net=ALL-UNNAMED --add-opens=java.base/java.util.concurrent.atomic=ALL-UNNAMED -Xmx2048m -Dfile.encoding=UTF-8 -Duser.country=RU -Duser.language=ru -Duser.variant 
java_command: org.gradle.launcher.daemon.bootstrap.GradleDaemon 7.3.3
java_class_path (initial): C:\Users\user\.gradle\wrapper\dists\gradle-7.3.3-bin\6a41zxkdtcxs8rphpq6y0069z\gradle-7.3.3\lib\gradle-launcher-7.3.3.jar
Launcher Type: SUN_STANDARD

[Global flags]
     intx CICompilerCount                          = 4                                         {product} {ergonomic}
     uint ConcGCThreads                            = 2                                         {product} {ergonomic}
     uint G1ConcRefinementThreads                  = 8                                         {product} {ergonomic}
   size_t G1HeapRegionSize                         = 1048576                                   {product} {ergonomic}
    uintx GCDrainStackTargetSize                   = 64                                        {product} {ergonomic}
   size_t InitialHeapSize                          = 268435456                                 {product} {ergonomic}
   size_t MarkStackSize                            = 4194304                                   {product} {ergonomic}
   size_t MaxHeapSize                              = 2147483648                                {product} {command line}
   size_t MaxNewSize                               = 1287651328                                {product} {ergonomic}
   size_t MinHeapDeltaBytes                        = 1048576                                   {product} {ergonomic}
    uintx NonNMethodCodeHeapSize                   = 5836300                                {pd product} {ergonomic}
    uintx NonProfiledCodeHeapSize                  = 122910970                              {pd product} {ergonomic}
    uintx ProfiledCodeHeapSize                     = 122910970                              {pd product} {ergonomic}
    uintx ReservedCodeCacheSize                    = 251658240                              {pd product} {ergonomic}
     bool SegmentedCodeCache                       = true                                      {product} {ergonomic}
     bool UseCompressedClassPointers               = true                                 {lp64_product} {ergonomic}
     bool UseCompressedOops                        = true                                 {lp64_product} {ergonomic}
     bool UseG1GC                                  = true                                      {product} {ergonomic}
     bool UseLargePagesIndividualAllocation        = false                                  {pd product} {ergonomic}

Logging:
Log output configuration:
 #0: stdout all=warning uptime,level,tags
 #1: stderr all=off uptime,level,tags

Environment Variables:
PATH=C:\WINDOWS\system32;C:\WINDOWS;C:\WINDOWS\System32\Wbem;C:\WINDOWS\System32\WindowsPowerShell\v1.0\;C:\WINDOWS\System32\OpenSSH\;C:\Program Files\Git\cmd;C:\Program Files (x86)\NVIDIA Corporation\PhysX\Common;C:\Program Files\NVIDIA Corporation\NVIDIA NvDLISR;C:\Users\user\AppData\Local\Microsoft\WindowsApps;C:\Users\user\AppData\Local\GitHubDesktop\bin;C:\ProgramData\user\GitHubDesktop\bin
USERNAME=user
OS=Windows_NT
PROCESSOR_IDENTIFIER=Intel64 Family 6 Model 60 Stepping 3, GenuineIntel



---------------  S Y S T E M  ---------------

OS: Windows 10 , 64 bit Build 19041 (10.0.19041.2251)
OS uptime: 9 days 2:51 hours

CPU:total 8 (initial active 8) (4 cores per cpu, 2 threads per core) family 6 model 60 stepping 3 microcode 0x27, cmov, cx8, fxsr, mmx, sse, sse2, sse3, ssse3, sse4.1, sse4.2, popcnt, avx, avx2, aes, clmul, erms, lzcnt, ht, tsc, tscinvbit, bmi1, bmi2, fma

Memory: 4k page, system-wide physical 16272M (2177M free)
TotalPageFile size 16272M (AvailPageFile size 5M)
current process WorkingSet (physical memory assigned to process): 616M, peak: 618M
current process commit charge ("private bytes"): 657M, peak: 659M

vm_info: OpenJDK 64-Bit Server VM (11.0.12+7-b1504.28-7817840) for windows-amd64 JRE (11.0.12+7-b1504.28-7817840), built on Oct 13 2021 22:12:33 by "builder" with MS VC++ 14.0 (VS2015)

END.
