#
# There is insufficient memory for the Java Runtime Environment to continue.
# Native memory allocation (malloc) failed to allocate 124576 bytes for Chunk::new
# Possible reasons:
#   The system is out of physical RAM or swap space
#   The process is running with CompressedOops enabled, and the Java Heap may be blocking the growth of the native heap
# Possible solutions:
#   Reduce memory load on the system
#   Increase physical memory or swap space
#   Check if swap backing store is full
#   Decrease Java heap size (-Xmx/-Xms)
#   Decrease number of Java threads
#   Decrease Java thread stack sizes (-Xss)
#   Set larger code cache with -XX:ReservedCodeCacheSize=
#   JVM is running with Unscaled Compressed Oops mode in which the Java heap is
#     placed in the first 4GB address space. The Java Heap base address is the
#     maximum limit for the native heap growth. Please use -XX:HeapBaseMinAddress
#     to set the Java Heap base and to place the Java Heap above 4GB virtual address.
# This output file may be truncated or incomplete.
#
#  Out of Memory Error (./src/hotspot/share/memory/arena.cpp:197), pid=4784, tid=15532
#
# JRE version: OpenJDK Runtime Environment (11.0.12+7) (build 11.0.12+7-b1504.28-7817840)
# Java VM: OpenJDK 64-Bit Server VM (11.0.12+7-b1504.28-7817840, mixed mode, tiered, compressed oops, g1 gc, windows-amd64)
# No core dump will be written. Minidumps are not enabled by default on client versions of Windows
#

---------------  S U M M A R Y ------------

Command Line: --add-opens=java.base/java.util=ALL-UNNAMED --add-opens=java.base/java.lang=ALL-UNNAMED --add-opens=java.base/java.lang.invoke=ALL-UNNAMED --add-opens=java.base/java.util=ALL-UNNAMED --add-opens=java.prefs/java.util.prefs=ALL-UNNAMED --add-opens=java.prefs/java.util.prefs=ALL-UNNAMED --add-opens=java.base/java.nio.charset=ALL-UNNAMED --add-opens=java.base/java.net=ALL-UNNAMED --add-opens=java.base/java.util.concurrent.atomic=ALL-UNNAMED -Xmx2048m -Dfile.encoding=UTF-8 -Duser.country=RU -Duser.language=ru -Duser.variant org.gradle.launcher.daemon.bootstrap.GradleDaemon 7.3.3

Host: Intel(R) Core(TM) i7-4720HQ CPU @ 2.60GHz, 8 cores, 15G,  Windows 10 , 64 bit Build 19041 (10.0.19041.2364)
Time: Tue Jan 31 10:55:34 2023 RTZ 2 (зима) elapsed time: 12.827277 seconds (0d 0h 0m 12s)

---------------  T H R E A D  ---------------

Current thread (0x00000192f174b800):  JavaThread "C2 CompilerThread0" daemon [_thread_in_native, id=15532, stack(0x0000003174100000,0x0000003174200000)]


Current CompileTask:
C2:  12827 2739       4       org.gradle.internal.logging.text.AbstractLineChoppingStyledTextOutput$1::execute (9 bytes)

Stack: [0x0000003174100000,0x0000003174200000]
Native frames: (J=compiled Java code, j=interpreted, Vv=VM code, C=native code)
V  [jvm.dll+0x5fbcea]
V  [jvm.dll+0x731905]
V  [jvm.dll+0x732f1d]
V  [jvm.dll+0x7335d3]
V  [jvm.dll+0x247bf8]
V  [jvm.dll+0xc018c]
V  [jvm.dll+0xc06cc]
V  [jvm.dll+0x2bcc04]
V  [jvm.dll+0x5113a8]
V  [jvm.dll+0x201b42]
V  [jvm.dll+0x1ff71f]
V  [jvm.dll+0x18868c]
V  [jvm.dll+0x20e0d7]
V  [jvm.dll+0x20c901]
V  [jvm.dll+0x6f9b7f]
V  [jvm.dll+0x6f26a5]
V  [jvm.dll+0x5fabf6]
C  [ucrtbase.dll+0x21bb2]
C  [KERNEL32.DLL+0x17614]
C  [ntdll.dll+0x526a1]


---------------  P R O C E S S  ---------------

Threads class SMR info:
_java_thread_list=0x00000192f53bd550, length=32, elements={
0x00000192d4a2e800, 0x00000192f16cd800, 0x00000192f16d8000, 0x00000192f16f6800,
0x00000192f16f7800, 0x00000192f16f8800, 0x00000192f174b800, 0x00000192f1754800,
0x00000192f176b800, 0x00000192f18b8800, 0x00000192f31c4000, 0x00000192f197c000,
0x00000192f1980800, 0x00000192f4c19800, 0x00000192f48b6800, 0x00000192f4780800,
0x00000192f2bbe000, 0x00000192f4673000, 0x00000192f4670800, 0x00000192f4671800,
0x00000192f4672000, 0x00000192f4aba000, 0x00000192f4ab7000, 0x00000192f4ab9800,
0x00000192f4abb000, 0x00000192f4abc000, 0x00000192f4abc800, 0x00000192f4ab8800,
0x00000192f4abd800, 0x00000192f4ab7800, 0x00000192f2409000, 0x00000192f3e15800
}

Java Threads: ( => current thread )
  0x00000192d4a2e800 JavaThread "main" [_thread_blocked, id=4576, stack(0x0000003173500000,0x0000003173600000)]
  0x00000192f16cd800 JavaThread "Reference Handler" daemon [_thread_blocked, id=18004, stack(0x0000003173c00000,0x0000003173d00000)]
  0x00000192f16d8000 JavaThread "Finalizer" daemon [_thread_blocked, id=9344, stack(0x0000003173d00000,0x0000003173e00000)]
  0x00000192f16f6800 JavaThread "Signal Dispatcher" daemon [_thread_blocked, id=8244, stack(0x0000003173e00000,0x0000003173f00000)]
  0x00000192f16f7800 JavaThread "Attach Listener" daemon [_thread_blocked, id=10128, stack(0x0000003173f00000,0x0000003174000000)]
  0x00000192f16f8800 JavaThread "Service Thread" daemon [_thread_blocked, id=12388, stack(0x0000003174000000,0x0000003174100000)]
=>0x00000192f174b800 JavaThread "C2 CompilerThread0" daemon [_thread_in_native, id=15532, stack(0x0000003174100000,0x0000003174200000)]
  0x00000192f1754800 JavaThread "C1 CompilerThread0" daemon [_thread_blocked, id=15012, stack(0x0000003174200000,0x0000003174300000)]
  0x00000192f176b800 JavaThread "Sweeper thread" daemon [_thread_blocked, id=13768, stack(0x0000003174300000,0x0000003174400000)]
  0x00000192f18b8800 JavaThread "Common-Cleaner" daemon [_thread_blocked, id=13924, stack(0x0000003174400000,0x0000003174500000)]
  0x00000192f31c4000 JavaThread "Daemon health stats" [_thread_blocked, id=3024, stack(0x0000003174d00000,0x0000003174e00000)]
  0x00000192f197c000 JavaThread "Incoming local TCP Connector on port 52425" [_thread_in_native, id=20136, stack(0x0000003174600000,0x0000003174700000)]
  0x00000192f1980800 JavaThread "Daemon periodic checks" [_thread_blocked, id=5388, stack(0x0000003174700000,0x0000003174800000)]
  0x00000192f4c19800 JavaThread "Daemon" [_thread_blocked, id=4820, stack(0x0000003174e00000,0x0000003174f00000)]
  0x00000192f48b6800 JavaThread "Handler for socket connection from /127.0.0.1:52425 to /127.0.0.1:52426" [_thread_in_native, id=7200, stack(0x0000003174f00000,0x0000003175000000)]
  0x00000192f4780800 JavaThread "Cancel handler" [_thread_blocked, id=6864, stack(0x0000003175000000,0x0000003175100000)]
  0x00000192f2bbe000 JavaThread "Daemon worker" [_thread_in_vm, id=7264, stack(0x0000003175100000,0x0000003175200000)]
  0x00000192f4673000 JavaThread "Asynchronous log dispatcher for DefaultDaemonConnection: socket connection from /127.0.0.1:52425 to /127.0.0.1:52426" [_thread_blocked, id=19176, stack(0x0000003175200000,0x0000003175300000)]
  0x00000192f4670800 JavaThread "Stdin handler" [_thread_blocked, id=15728, stack(0x0000003175300000,0x0000003175400000)]
  0x00000192f4671800 JavaThread "Daemon client event forwarder" [_thread_blocked, id=14244, stack(0x0000003175400000,0x0000003175500000)]
  0x00000192f4672000 JavaThread "Cache worker for journal cache (C:\Users\user\.gradle\caches\journal-1)" [_thread_blocked, id=8708, stack(0x0000003175500000,0x0000003175600000)]
  0x00000192f4aba000 JavaThread "File lock request listener" [_thread_in_native, id=12348, stack(0x0000003175600000,0x0000003175700000)]
  0x00000192f4ab7000 JavaThread "Cache worker for file hash cache (C:\Users\user\.gradle\caches\7.3.3\fileHashes)" [_thread_blocked, id=9444, stack(0x0000003175700000,0x0000003175800000)]
  0x00000192f4ab9800 JavaThread "Cache worker for file hash cache (C:\Users\user\AndroidStudioProjects\WorkTPP7\.gradle\7.3.3\fileHashes)" [_thread_blocked, id=13936, stack(0x0000003175c00000,0x0000003175d00000)]
  0x00000192f4abb000 JavaThread "File watcher server" daemon [_thread_in_native, id=18912, stack(0x0000003175d00000,0x0000003175e00000)]
  0x00000192f4abc000 JavaThread "File watcher consumer" daemon [_thread_blocked, id=16112, stack(0x0000003175e00000,0x0000003175f00000)]
  0x00000192f4abc800 JavaThread "Cache worker for checksums cache (C:\Users\user\AndroidStudioProjects\WorkTPP7\.gradle\7.3.3\checksums)" [_thread_blocked, id=3716, stack(0x0000003175b00000,0x0000003175c00000)]
  0x00000192f4ab8800 JavaThread "Cache worker for cache directory md-supplier (C:\Users\user\.gradle\caches\7.3.3\md-supplier)" [_thread_blocked, id=12588, stack(0x0000003175f00000,0x0000003176000000)]
  0x00000192f4abd800 JavaThread "Cache worker for cache directory md-rule (C:\Users\user\.gradle\caches\7.3.3\md-rule)" [_thread_blocked, id=18484, stack(0x0000003176000000,0x0000003176100000)]
  0x00000192f4ab7800 JavaThread "Cache worker for execution history cache (C:\Users\user\.gradle\caches\7.3.3\executionHistory)" [_thread_blocked, id=8040, stack(0x0000003176100000,0x0000003176200000)]
  0x00000192f2409000 JavaThread "C2 CompilerThread1" daemon [_thread_in_native, id=15860, stack(0x0000003176200000,0x0000003176300000)]
  0x00000192f3e15800 JavaThread "C2 CompilerThread2" daemon [_thread_in_native, id=16568, stack(0x0000003176300000,0x0000003176400000)]

Other Threads:
  0x00000192f16cb800 VMThread "VM Thread" [stack: 0x0000003173b00000,0x0000003173c00000] [id=624]
  0x00000192f18d5800 WatcherThread [stack: 0x0000003174500000,0x0000003174600000] [id=6748]
  0x00000192d4a45000 GCTaskThread "GC Thread#0" [stack: 0x0000003173600000,0x0000003173700000] [id=19964]
  0x00000192f2317000 GCTaskThread "GC Thread#1" [stack: 0x0000003174800000,0x0000003174900000] [id=9928]
  0x00000192f23e8000 GCTaskThread "GC Thread#2" [stack: 0x0000003174900000,0x0000003174a00000] [id=3732]
  0x00000192f217f000 GCTaskThread "GC Thread#3" [stack: 0x0000003174a00000,0x0000003174b00000] [id=10972]
  0x00000192f27cc000 GCTaskThread "GC Thread#4" [stack: 0x0000003174b00000,0x0000003174c00000] [id=18856]
  0x00000192f248b000 GCTaskThread "GC Thread#5" [stack: 0x0000003174c00000,0x0000003174d00000] [id=2700]
  0x00000192f3c69000 GCTaskThread "GC Thread#6" [stack: 0x0000003175800000,0x0000003175900000] [id=19880]
  0x00000192f3c6a000 GCTaskThread "GC Thread#7" [stack: 0x0000003175900000,0x0000003175a00000] [id=18612]
  0x00000192d4a79800 ConcurrentGCThread "G1 Main Marker" [stack: 0x0000003173700000,0x0000003173800000] [id=13184]
  0x00000192d4a7a800 ConcurrentGCThread "G1 Conc#0" [stack: 0x0000003173800000,0x0000003173900000] [id=17220]
  0x00000192f4142800 ConcurrentGCThread "G1 Conc#1" [stack: 0x0000003175a00000,0x0000003175b00000] [id=19260]
  0x00000192f0d1d000 ConcurrentGCThread "G1 Refine#0" [stack: 0x0000003173900000,0x0000003173a00000] [id=8028]
  0x00000192f0d1e000 ConcurrentGCThread "G1 Young RemSet Sampling" [stack: 0x0000003173a00000,0x0000003173b00000] [id=7904]

Threads with active compile tasks:
C2 CompilerThread0  12863 2739       4       org.gradle.internal.logging.text.AbstractLineChoppingStyledTextOutput$1::execute (9 bytes)
C1 CompilerThread0  12863 2802       3       java.util.stream.ReferencePipeline$Head::forEach (26 bytes)
C2 CompilerThread1  12863 2740       4       org.gradle.internal.logging.text.AbstractLineChoppingStyledTextOutput$1::execute (140 bytes)
C2 CompilerThread2  12863 2750       4       org.gradle.internal.logging.text.AbstractLineChoppingStyledTextOutput::doAppend (43 bytes)

VM state:not at safepoint (normal execution)

VM Mutex/Monitor currently owned by a thread:  ([mutex/lock_event])
[0x00000192d4a2aef0] CodeCache_lock - owner thread: 0x00000192f1754800

OutOfMemory and StackOverflow Exception counts:
OutOfMemoryError java_heap_errors=4
LinkageErrors=49

Heap address: 0x0000000080000000, size: 2048 MB, Compressed Oops mode: 32-bit
Narrow klass base: 0x0000000000000000, Narrow klass shift: 3
Compressed class space size: 1073741824 Address: 0x0000000100000000

Heap:
 garbage-first heap   total 262144K, used 63403K [0x0000000080000000, 0x0000000100000000)
  region size 1024K, 47 young (48128K), 3 survivors (3072K)
 Metaspace       used 32611K, capacity 33442K, committed 33664K, reserved 1079296K
  class space    used 4352K, capacity 4633K, committed 4736K, reserved 1048576K
Heap Regions: E=young(eden), S=young(survivor), O=old, HS=humongous(starts), HC=humongous(continues), CS=collection set, F=free, A=archive, TAMS=top-at-mark-start (previous, next)
|   0|0x0000000080000000, 0x0000000080100000, 0x0000000080100000|100%| O|  |TAMS 0x0000000080000000, 0x0000000080000000| Untracked 
|   1|0x0000000080100000, 0x0000000080200000, 0x0000000080200000|100%| O|  |TAMS 0x0000000080100000, 0x0000000080100000| Untracked 
|   2|0x0000000080200000, 0x0000000080300000, 0x0000000080300000|100%| O|  |TAMS 0x0000000080200000, 0x0000000080200000| Untracked 
|   3|0x0000000080300000, 0x0000000080400000, 0x0000000080400000|100%|HS|  |TAMS 0x0000000080400000, 0x0000000080300000| Complete 
|   4|0x0000000080400000, 0x0000000080500000, 0x0000000080500000|100%|HC|  |TAMS 0x0000000080500000, 0x0000000080400000| Complete 
|   5|0x0000000080500000, 0x0000000080600000, 0x0000000080600000|100%|HC|  |TAMS 0x0000000080600000, 0x0000000080500000| Complete 
|   6|0x0000000080600000, 0x0000000080700000, 0x0000000080700000|100%| O|  |TAMS 0x0000000080700000, 0x0000000080600000| Untracked 
|   7|0x0000000080700000, 0x0000000080800000, 0x0000000080800000|100%| O|  |TAMS 0x0000000080800000, 0x0000000080700000| Untracked 
|   8|0x0000000080800000, 0x0000000080900000, 0x0000000080900000|100%| O|  |TAMS 0x0000000080900000, 0x0000000080800000| Untracked 
|   9|0x0000000080900000, 0x0000000080a00000, 0x0000000080a00000|100%| O|  |TAMS 0x0000000080913000, 0x0000000080900000| Untracked 
|  10|0x0000000080a00000, 0x0000000080b00000, 0x0000000080b00000|100%| O|  |TAMS 0x0000000080a00000, 0x0000000080a00000| Untracked 
|  11|0x0000000080b00000, 0x0000000080c00000, 0x0000000080c00000|100%| O|  |TAMS 0x0000000080b00000, 0x0000000080b00000| Untracked 
|  12|0x0000000080c00000, 0x0000000080d00000, 0x0000000080d00000|100%| O|  |TAMS 0x0000000080c00000, 0x0000000080c00000| Untracked 
|  13|0x0000000080d00000, 0x0000000080e00000, 0x0000000080e00000|100%| O|  |TAMS 0x0000000080d00000, 0x0000000080d00000| Untracked 
|  14|0x0000000080e00000, 0x0000000080f00000, 0x0000000080f00000|100%| O|  |TAMS 0x0000000080e00000, 0x0000000080e00000| Untracked 
|  15|0x0000000080f00000, 0x0000000081000000, 0x0000000081000000|100%| O|  |TAMS 0x0000000080f00000, 0x0000000080f00000| Untracked 
|  16|0x0000000081000000, 0x0000000081020000, 0x0000000081100000| 12%| O|  |TAMS 0x0000000081000000, 0x0000000081000000| Untracked 
|  17|0x0000000081100000, 0x0000000081100000, 0x0000000081200000|  0%| F|  |TAMS 0x0000000081100000, 0x0000000081100000| Untracked 
|  18|0x0000000081200000, 0x0000000081200000, 0x0000000081300000|  0%| F|  |TAMS 0x0000000081200000, 0x0000000081200000| Untracked 
|  19|0x0000000081300000, 0x0000000081300000, 0x0000000081400000|  0%| F|  |TAMS 0x0000000081300000, 0x0000000081300000| Untracked 
|  20|0x0000000081400000, 0x0000000081400000, 0x0000000081500000|  0%| F|  |TAMS 0x0000000081400000, 0x0000000081400000| Untracked 
|  21|0x0000000081500000, 0x0000000081500000, 0x0000000081600000|  0%| F|  |TAMS 0x0000000081500000, 0x0000000081500000| Untracked 
|  22|0x0000000081600000, 0x0000000081600000, 0x0000000081700000|  0%| F|  |TAMS 0x0000000081600000, 0x0000000081600000| Untracked 
|  23|0x0000000081700000, 0x0000000081700000, 0x0000000081800000|  0%| F|  |TAMS 0x0000000081700000, 0x0000000081700000| Untracked 
|  24|0x0000000081800000, 0x0000000081800000, 0x0000000081900000|  0%| F|  |TAMS 0x0000000081800000, 0x0000000081800000| Untracked 
|  25|0x0000000081900000, 0x0000000081900000, 0x0000000081a00000|  0%| F|  |TAMS 0x0000000081900000, 0x0000000081900000| Untracked 
|  26|0x0000000081a00000, 0x0000000081a00000, 0x0000000081b00000|  0%| F|  |TAMS 0x0000000081a00000, 0x0000000081a00000| Untracked 
|  27|0x0000000081b00000, 0x0000000081b00000, 0x0000000081c00000|  0%| F|  |TAMS 0x0000000081b00000, 0x0000000081b00000| Untracked 
|  28|0x0000000081c00000, 0x0000000081c00000, 0x0000000081d00000|  0%| F|  |TAMS 0x0000000081c00000, 0x0000000081c00000| Untracked 
|  29|0x0000000081d00000, 0x0000000081d00000, 0x0000000081e00000|  0%| F|  |TAMS 0x0000000081d00000, 0x0000000081d00000| Untracked 
|  30|0x0000000081e00000, 0x0000000081e00000, 0x0000000081f00000|  0%| F|  |TAMS 0x0000000081e00000, 0x0000000081e00000| Untracked 
|  31|0x0000000081f00000, 0x0000000081f00000, 0x0000000082000000|  0%| F|  |TAMS 0x0000000081f00000, 0x0000000081f00000| Untracked 
|  32|0x0000000082000000, 0x0000000082000000, 0x0000000082100000|  0%| F|  |TAMS 0x0000000082000000, 0x0000000082000000| Untracked 
|  33|0x0000000082100000, 0x0000000082100000, 0x0000000082200000|  0%| F|  |TAMS 0x0000000082100000, 0x0000000082100000| Untracked 
|  34|0x0000000082200000, 0x0000000082200000, 0x0000000082300000|  0%| F|  |TAMS 0x0000000082200000, 0x0000000082200000| Untracked 
|  35|0x0000000082300000, 0x0000000082300000, 0x0000000082400000|  0%| F|  |TAMS 0x0000000082300000, 0x0000000082300000| Untracked 
|  36|0x0000000082400000, 0x0000000082400000, 0x0000000082500000|  0%| F|  |TAMS 0x0000000082400000, 0x0000000082400000| Untracked 
|  37|0x0000000082500000, 0x0000000082500000, 0x0000000082600000|  0%| F|  |TAMS 0x0000000082500000, 0x0000000082500000| Untracked 
|  38|0x0000000082600000, 0x0000000082600000, 0x0000000082700000|  0%| F|  |TAMS 0x0000000082600000, 0x0000000082600000| Untracked 
|  39|0x0000000082700000, 0x0000000082700000, 0x0000000082800000|  0%| F|  |TAMS 0x0000000082700000, 0x0000000082700000| Untracked 
|  40|0x0000000082800000, 0x0000000082800000, 0x0000000082900000|  0%| F|  |TAMS 0x0000000082800000, 0x0000000082800000| Untracked 
|  41|0x0000000082900000, 0x0000000082900000, 0x0000000082a00000|  0%| F|  |TAMS 0x0000000082900000, 0x0000000082900000| Untracked 
|  42|0x0000000082a00000, 0x0000000082a00000, 0x0000000082b00000|  0%| F|  |TAMS 0x0000000082a00000, 0x0000000082a00000| Untracked 
|  43|0x0000000082b00000, 0x0000000082b00000, 0x0000000082c00000|  0%| F|  |TAMS 0x0000000082b00000, 0x0000000082b00000| Untracked 
|  44|0x0000000082c00000, 0x0000000082c00000, 0x0000000082d00000|  0%| F|  |TAMS 0x0000000082c00000, 0x0000000082c00000| Untracked 
|  45|0x0000000082d00000, 0x0000000082d00000, 0x0000000082e00000|  0%| F|  |TAMS 0x0000000082d00000, 0x0000000082d00000| Untracked 
|  46|0x0000000082e00000, 0x0000000082e00000, 0x0000000082f00000|  0%| F|  |TAMS 0x0000000082e00000, 0x0000000082e00000| Untracked 
|  47|0x0000000082f00000, 0x0000000082f00000, 0x0000000083000000|  0%| F|  |TAMS 0x0000000082f00000, 0x0000000082f00000| Untracked 
|  48|0x0000000083000000, 0x0000000083000000, 0x0000000083100000|  0%| F|  |TAMS 0x0000000083000000, 0x0000000083000000| Untracked 
|  49|0x0000000083100000, 0x0000000083100000, 0x0000000083200000|  0%| F|  |TAMS 0x0000000083100000, 0x0000000083100000| Untracked 
|  50|0x0000000083200000, 0x0000000083200000, 0x0000000083300000|  0%| F|  |TAMS 0x0000000083200000, 0x0000000083200000| Untracked 
|  51|0x0000000083300000, 0x0000000083300000, 0x0000000083400000|  0%| F|  |TAMS 0x0000000083300000, 0x0000000083300000| Untracked 
|  52|0x0000000083400000, 0x0000000083400000, 0x0000000083500000|  0%| F|  |TAMS 0x0000000083400000, 0x0000000083400000| Untracked 
|  53|0x0000000083500000, 0x0000000083500000, 0x0000000083600000|  0%| F|  |TAMS 0x0000000083500000, 0x0000000083500000| Untracked 
|  54|0x0000000083600000, 0x0000000083600000, 0x0000000083700000|  0%| F|  |TAMS 0x0000000083600000, 0x0000000083600000| Untracked 
|  55|0x0000000083700000, 0x0000000083700000, 0x0000000083800000|  0%| F|  |TAMS 0x0000000083700000, 0x0000000083700000| Untracked 
|  56|0x0000000083800000, 0x0000000083800000, 0x0000000083900000|  0%| F|  |TAMS 0x0000000083800000, 0x0000000083800000| Untracked 
|  57|0x0000000083900000, 0x0000000083900000, 0x0000000083a00000|  0%| F|  |TAMS 0x0000000083900000, 0x0000000083900000| Untracked 
|  58|0x0000000083a00000, 0x0000000083a00000, 0x0000000083b00000|  0%| F|  |TAMS 0x0000000083a00000, 0x0000000083a00000| Untracked 
|  59|0x0000000083b00000, 0x0000000083b00000, 0x0000000083c00000|  0%| F|  |TAMS 0x0000000083b00000, 0x0000000083b00000| Untracked 
|  60|0x0000000083c00000, 0x0000000083c00000, 0x0000000083d00000|  0%| F|  |TAMS 0x0000000083c00000, 0x0000000083c00000| Untracked 
|  61|0x0000000083d00000, 0x0000000083d00000, 0x0000000083e00000|  0%| F|  |TAMS 0x0000000083d00000, 0x0000000083d00000| Untracked 
|  62|0x0000000083e00000, 0x0000000083e00000, 0x0000000083f00000|  0%| F|  |TAMS 0x0000000083e00000, 0x0000000083e00000| Untracked 
|  63|0x0000000083f00000, 0x0000000083f00000, 0x0000000084000000|  0%| F|  |TAMS 0x0000000083f00000, 0x0000000083f00000| Untracked 
|  64|0x0000000084000000, 0x0000000084000000, 0x0000000084100000|  0%| F|  |TAMS 0x0000000084000000, 0x0000000084000000| Untracked 
|  65|0x0000000084100000, 0x0000000084100000, 0x0000000084200000|  0%| F|  |TAMS 0x0000000084100000, 0x0000000084100000| Untracked 
|  66|0x0000000084200000, 0x0000000084200000, 0x0000000084300000|  0%| F|  |TAMS 0x0000000084200000, 0x0000000084200000| Untracked 
|  67|0x0000000084300000, 0x0000000084300000, 0x0000000084400000|  0%| F|  |TAMS 0x0000000084300000, 0x0000000084300000| Untracked 
|  68|0x0000000084400000, 0x0000000084400000, 0x0000000084500000|  0%| F|  |TAMS 0x0000000084400000, 0x0000000084400000| Untracked 
|  69|0x0000000084500000, 0x0000000084500000, 0x0000000084600000|  0%| F|  |TAMS 0x0000000084500000, 0x0000000084500000| Untracked 
|  70|0x0000000084600000, 0x0000000084600000, 0x0000000084700000|  0%| F|  |TAMS 0x0000000084600000, 0x0000000084600000| Untracked 
|  71|0x0000000084700000, 0x0000000084700000, 0x0000000084800000|  0%| F|  |TAMS 0x0000000084700000, 0x0000000084700000| Untracked 
|  72|0x0000000084800000, 0x0000000084800000, 0x0000000084900000|  0%| F|  |TAMS 0x0000000084800000, 0x0000000084800000| Untracked 
|  73|0x0000000084900000, 0x0000000084900000, 0x0000000084a00000|  0%| F|  |TAMS 0x0000000084900000, 0x0000000084900000| Untracked 
|  74|0x0000000084a00000, 0x0000000084a00000, 0x0000000084b00000|  0%| F|  |TAMS 0x0000000084a00000, 0x0000000084a00000| Untracked 
|  75|0x0000000084b00000, 0x0000000084b00000, 0x0000000084c00000|  0%| F|  |TAMS 0x0000000084b00000, 0x0000000084b00000| Untracked 
|  76|0x0000000084c00000, 0x0000000084c00000, 0x0000000084d00000|  0%| F|  |TAMS 0x0000000084c00000, 0x0000000084c00000| Untracked 
|  77|0x0000000084d00000, 0x0000000084d00000, 0x0000000084e00000|  0%| F|  |TAMS 0x0000000084d00000, 0x0000000084d00000| Untracked 
|  78|0x0000000084e00000, 0x0000000084e00000, 0x0000000084f00000|  0%| F|  |TAMS 0x0000000084e00000, 0x0000000084e00000| Untracked 
|  79|0x0000000084f00000, 0x0000000084f00000, 0x0000000085000000|  0%| F|  |TAMS 0x0000000084f00000, 0x0000000084f00000| Untracked 
|  80|0x0000000085000000, 0x0000000085000000, 0x0000000085100000|  0%| F|  |TAMS 0x0000000085000000, 0x0000000085000000| Untracked 
|  81|0x0000000085100000, 0x0000000085100000, 0x0000000085200000|  0%| F|  |TAMS 0x0000000085100000, 0x0000000085100000| Untracked 
|  82|0x0000000085200000, 0x0000000085200000, 0x0000000085300000|  0%| F|  |TAMS 0x0000000085200000, 0x0000000085200000| Untracked 
|  83|0x0000000085300000, 0x0000000085300000, 0x0000000085400000|  0%| F|  |TAMS 0x0000000085300000, 0x0000000085300000| Untracked 
|  84|0x0000000085400000, 0x0000000085400000, 0x0000000085500000|  0%| F|  |TAMS 0x0000000085400000, 0x0000000085400000| Untracked 
|  85|0x0000000085500000, 0x0000000085500000, 0x0000000085600000|  0%| F|  |TAMS 0x0000000085500000, 0x0000000085500000| Untracked 
|  86|0x0000000085600000, 0x0000000085600000, 0x0000000085700000|  0%| F|  |TAMS 0x0000000085600000, 0x0000000085600000| Untracked 
|  87|0x0000000085700000, 0x0000000085700000, 0x0000000085800000|  0%| F|  |TAMS 0x0000000085700000, 0x0000000085700000| Untracked 
|  88|0x0000000085800000, 0x0000000085800000, 0x0000000085900000|  0%| F|  |TAMS 0x0000000085800000, 0x0000000085800000| Untracked 
|  89|0x0000000085900000, 0x0000000085900000, 0x0000000085a00000|  0%| F|  |TAMS 0x0000000085900000, 0x0000000085900000| Untracked 
|  90|0x0000000085a00000, 0x0000000085a00000, 0x0000000085b00000|  0%| F|  |TAMS 0x0000000085a00000, 0x0000000085a00000| Untracked 
|  91|0x0000000085b00000, 0x0000000085b00000, 0x0000000085c00000|  0%| F|  |TAMS 0x0000000085b00000, 0x0000000085b00000| Untracked 
|  92|0x0000000085c00000, 0x0000000085c00000, 0x0000000085d00000|  0%| F|  |TAMS 0x0000000085c00000, 0x0000000085c00000| Untracked 
|  93|0x0000000085d00000, 0x0000000085d00000, 0x0000000085e00000|  0%| F|  |TAMS 0x0000000085d00000, 0x0000000085d00000| Untracked 
|  94|0x0000000085e00000, 0x0000000085e00000, 0x0000000085f00000|  0%| F|  |TAMS 0x0000000085e00000, 0x0000000085e00000| Untracked 
|  95|0x0000000085f00000, 0x0000000085f00000, 0x0000000086000000|  0%| F|  |TAMS 0x0000000085f00000, 0x0000000085f00000| Untracked 
|  96|0x0000000086000000, 0x0000000086000000, 0x0000000086100000|  0%| F|  |TAMS 0x0000000086000000, 0x0000000086000000| Untracked 
|  97|0x0000000086100000, 0x0000000086100000, 0x0000000086200000|  0%| F|  |TAMS 0x0000000086100000, 0x0000000086100000| Untracked 
|  98|0x0000000086200000, 0x0000000086200000, 0x0000000086300000|  0%| F|  |TAMS 0x0000000086200000, 0x0000000086200000| Untracked 
|  99|0x0000000086300000, 0x0000000086300000, 0x0000000086400000|  0%| F|  |TAMS 0x0000000086300000, 0x0000000086300000| Untracked 
| 100|0x0000000086400000, 0x0000000086400000, 0x0000000086500000|  0%| F|  |TAMS 0x0000000086400000, 0x0000000086400000| Untracked 
| 101|0x0000000086500000, 0x0000000086500000, 0x0000000086600000|  0%| F|  |TAMS 0x0000000086500000, 0x0000000086500000| Untracked 
| 102|0x0000000086600000, 0x0000000086600000, 0x0000000086700000|  0%| F|  |TAMS 0x0000000086600000, 0x0000000086600000| Untracked 
| 103|0x0000000086700000, 0x0000000086700000, 0x0000000086800000|  0%| F|  |TAMS 0x0000000086700000, 0x0000000086700000| Untracked 
| 104|0x0000000086800000, 0x0000000086800000, 0x0000000086900000|  0%| F|  |TAMS 0x0000000086800000, 0x0000000086800000| Untracked 
| 105|0x0000000086900000, 0x0000000086900000, 0x0000000086a00000|  0%| F|  |TAMS 0x0000000086900000, 0x0000000086900000| Untracked 
| 106|0x0000000086a00000, 0x0000000086a00000, 0x0000000086b00000|  0%| F|  |TAMS 0x0000000086a00000, 0x0000000086a00000| Untracked 
| 107|0x0000000086b00000, 0x0000000086b00000, 0x0000000086c00000|  0%| F|  |TAMS 0x0000000086b00000, 0x0000000086b00000| Untracked 
| 108|0x0000000086c00000, 0x0000000086c00000, 0x0000000086d00000|  0%| F|  |TAMS 0x0000000086c00000, 0x0000000086c00000| Untracked 
| 109|0x0000000086d00000, 0x0000000086d00000, 0x0000000086e00000|  0%| F|  |TAMS 0x0000000086d00000, 0x0000000086d00000| Untracked 
| 110|0x0000000086e00000, 0x0000000086e00000, 0x0000000086f00000|  0%| F|  |TAMS 0x0000000086e00000, 0x0000000086e00000| Untracked 
| 111|0x0000000086f00000, 0x0000000086f00000, 0x0000000087000000|  0%| F|  |TAMS 0x0000000086f00000, 0x0000000086f00000| Untracked 
| 112|0x0000000087000000, 0x0000000087000000, 0x0000000087100000|  0%| F|  |TAMS 0x0000000087000000, 0x0000000087000000| Untracked 
| 113|0x0000000087100000, 0x0000000087100000, 0x0000000087200000|  0%| F|  |TAMS 0x0000000087100000, 0x0000000087100000| Untracked 
| 114|0x0000000087200000, 0x0000000087200000, 0x0000000087300000|  0%| F|  |TAMS 0x0000000087200000, 0x0000000087200000| Untracked 
| 115|0x0000000087300000, 0x0000000087300000, 0x0000000087400000|  0%| F|  |TAMS 0x0000000087300000, 0x0000000087300000| Untracked 
| 116|0x0000000087400000, 0x0000000087400000, 0x0000000087500000|  0%| F|  |TAMS 0x0000000087400000, 0x0000000087400000| Untracked 
| 117|0x0000000087500000, 0x0000000087500000, 0x0000000087600000|  0%| F|  |TAMS 0x0000000087500000, 0x0000000087500000| Untracked 
| 118|0x0000000087600000, 0x0000000087600000, 0x0000000087700000|  0%| F|  |TAMS 0x0000000087600000, 0x0000000087600000| Untracked 
| 119|0x0000000087700000, 0x0000000087700000, 0x0000000087800000|  0%| F|  |TAMS 0x0000000087700000, 0x0000000087700000| Untracked 
| 120|0x0000000087800000, 0x0000000087800000, 0x0000000087900000|  0%| F|  |TAMS 0x0000000087800000, 0x0000000087800000| Untracked 
| 121|0x0000000087900000, 0x0000000087900000, 0x0000000087a00000|  0%| F|  |TAMS 0x0000000087900000, 0x0000000087900000| Untracked 
| 122|0x0000000087a00000, 0x0000000087a00000, 0x0000000087b00000|  0%| F|  |TAMS 0x0000000087a00000, 0x0000000087a00000| Untracked 
| 123|0x0000000087b00000, 0x0000000087b00000, 0x0000000087c00000|  0%| F|  |TAMS 0x0000000087b00000, 0x0000000087b00000| Untracked 
| 124|0x0000000087c00000, 0x0000000087c00000, 0x0000000087d00000|  0%| F|  |TAMS 0x0000000087c00000, 0x0000000087c00000| Untracked 
| 125|0x0000000087d00000, 0x0000000087d00000, 0x0000000087e00000|  0%| F|  |TAMS 0x0000000087d00000, 0x0000000087d00000| Untracked 
| 126|0x0000000087e00000, 0x0000000087e00000, 0x0000000087f00000|  0%| F|  |TAMS 0x0000000087e00000, 0x0000000087e00000| Untracked 
| 127|0x0000000087f00000, 0x0000000087f00000, 0x0000000088000000|  0%| F|  |TAMS 0x0000000087f00000, 0x0000000087f00000| Untracked 
| 128|0x0000000088000000, 0x0000000088000000, 0x0000000088100000|  0%| F|  |TAMS 0x0000000088000000, 0x0000000088000000| Untracked 
| 129|0x0000000088100000, 0x0000000088100000, 0x0000000088200000|  0%| F|  |TAMS 0x0000000088100000, 0x0000000088100000| Untracked 
| 130|0x0000000088200000, 0x0000000088200000, 0x0000000088300000|  0%| F|  |TAMS 0x0000000088200000, 0x0000000088200000| Untracked 
| 131|0x0000000088300000, 0x0000000088300000, 0x0000000088400000|  0%| F|  |TAMS 0x0000000088300000, 0x0000000088300000| Untracked 
| 132|0x0000000088400000, 0x0000000088400000, 0x0000000088500000|  0%| F|  |TAMS 0x0000000088400000, 0x0000000088400000| Untracked 
| 133|0x0000000088500000, 0x0000000088500000, 0x0000000088600000|  0%| F|  |TAMS 0x0000000088500000, 0x0000000088500000| Untracked 
| 134|0x0000000088600000, 0x0000000088600000, 0x0000000088700000|  0%| F|  |TAMS 0x0000000088600000, 0x0000000088600000| Untracked 
| 135|0x0000000088700000, 0x0000000088700000, 0x0000000088800000|  0%| F|  |TAMS 0x0000000088700000, 0x0000000088700000| Untracked 
| 136|0x0000000088800000, 0x0000000088800000, 0x0000000088900000|  0%| F|  |TAMS 0x0000000088800000, 0x0000000088800000| Untracked 
| 137|0x0000000088900000, 0x0000000088900000, 0x0000000088a00000|  0%| F|  |TAMS 0x0000000088900000, 0x0000000088900000| Untracked 
| 138|0x0000000088a00000, 0x0000000088a00000, 0x0000000088b00000|  0%| F|  |TAMS 0x0000000088a00000, 0x0000000088a00000| Untracked 
| 139|0x0000000088b00000, 0x0000000088b00000, 0x0000000088c00000|  0%| F|  |TAMS 0x0000000088b00000, 0x0000000088b00000| Untracked 
| 140|0x0000000088c00000, 0x0000000088c00000, 0x0000000088d00000|  0%| F|  |TAMS 0x0000000088c00000, 0x0000000088c00000| Untracked 
| 141|0x0000000088d00000, 0x0000000088d00000, 0x0000000088e00000|  0%| F|  |TAMS 0x0000000088d00000, 0x0000000088d00000| Untracked 
| 142|0x0000000088e00000, 0x0000000088e00000, 0x0000000088f00000|  0%| F|  |TAMS 0x0000000088e00000, 0x0000000088e00000| Untracked 
| 143|0x0000000088f00000, 0x0000000088f00000, 0x0000000089000000|  0%| F|  |TAMS 0x0000000088f00000, 0x0000000088f00000| Untracked 
| 144|0x0000000089000000, 0x0000000089000000, 0x0000000089100000|  0%| F|  |TAMS 0x0000000089000000, 0x0000000089000000| Untracked 
| 145|0x0000000089100000, 0x0000000089100000, 0x0000000089200000|  0%| F|  |TAMS 0x0000000089100000, 0x0000000089100000| Untracked 
| 146|0x0000000089200000, 0x0000000089200000, 0x0000000089300000|  0%| F|  |TAMS 0x0000000089200000, 0x0000000089200000| Untracked 
| 147|0x0000000089300000, 0x0000000089300000, 0x0000000089400000|  0%| F|  |TAMS 0x0000000089300000, 0x0000000089300000| Untracked 
| 148|0x0000000089400000, 0x0000000089400000, 0x0000000089500000|  0%| F|  |TAMS 0x0000000089400000, 0x0000000089400000| Untracked 
| 149|0x0000000089500000, 0x0000000089500000, 0x0000000089600000|  0%| F|  |TAMS 0x0000000089500000, 0x0000000089500000| Untracked 
| 150|0x0000000089600000, 0x0000000089600000, 0x0000000089700000|  0%| F|  |TAMS 0x0000000089600000, 0x0000000089600000| Untracked 
| 151|0x0000000089700000, 0x0000000089700000, 0x0000000089800000|  0%| F|  |TAMS 0x0000000089700000, 0x0000000089700000| Untracked 
| 152|0x0000000089800000, 0x0000000089800000, 0x0000000089900000|  0%| F|  |TAMS 0x0000000089800000, 0x0000000089800000| Untracked 
| 153|0x0000000089900000, 0x0000000089900000, 0x0000000089a00000|  0%| F|  |TAMS 0x0000000089900000, 0x0000000089900000| Untracked 
| 154|0x0000000089a00000, 0x0000000089a00000, 0x0000000089b00000|  0%| F|  |TAMS 0x0000000089a00000, 0x0000000089a00000| Untracked 
| 155|0x0000000089b00000, 0x0000000089b00000, 0x0000000089c00000|  0%| F|  |TAMS 0x0000000089b00000, 0x0000000089b00000| Untracked 
| 156|0x0000000089c00000, 0x0000000089c00000, 0x0000000089d00000|  0%| F|  |TAMS 0x0000000089c00000, 0x0000000089c00000| Untracked 
| 157|0x0000000089d00000, 0x0000000089d00000, 0x0000000089e00000|  0%| F|  |TAMS 0x0000000089d00000, 0x0000000089d00000| Untracked 
| 158|0x0000000089e00000, 0x0000000089e00000, 0x0000000089f00000|  0%| F|  |TAMS 0x0000000089e00000, 0x0000000089e00000| Untracked 
| 159|0x0000000089f00000, 0x0000000089f00000, 0x000000008a000000|  0%| F|  |TAMS 0x0000000089f00000, 0x0000000089f00000| Untracked 
| 160|0x000000008a000000, 0x000000008a000000, 0x000000008a100000|  0%| F|  |TAMS 0x000000008a000000, 0x000000008a000000| Untracked 
| 161|0x000000008a100000, 0x000000008a100000, 0x000000008a200000|  0%| F|  |TAMS 0x000000008a100000, 0x000000008a100000| Untracked 
| 162|0x000000008a200000, 0x000000008a200000, 0x000000008a300000|  0%| F|  |TAMS 0x000000008a200000, 0x000000008a200000| Untracked 
| 163|0x000000008a300000, 0x000000008a300000, 0x000000008a400000|  0%| F|  |TAMS 0x000000008a300000, 0x000000008a300000| Untracked 
| 164|0x000000008a400000, 0x000000008a400000, 0x000000008a500000|  0%| F|  |TAMS 0x000000008a400000, 0x000000008a400000| Untracked 
| 165|0x000000008a500000, 0x000000008a500000, 0x000000008a600000|  0%| F|  |TAMS 0x000000008a500000, 0x000000008a500000| Untracked 
| 166|0x000000008a600000, 0x000000008a600000, 0x000000008a700000|  0%| F|  |TAMS 0x000000008a600000, 0x000000008a600000| Untracked 
| 167|0x000000008a700000, 0x000000008a700000, 0x000000008a800000|  0%| F|  |TAMS 0x000000008a700000, 0x000000008a700000| Untracked 
| 168|0x000000008a800000, 0x000000008a800000, 0x000000008a900000|  0%| F|  |TAMS 0x000000008a800000, 0x000000008a800000| Untracked 
| 169|0x000000008a900000, 0x000000008a900000, 0x000000008aa00000|  0%| F|  |TAMS 0x000000008a900000, 0x000000008a900000| Untracked 
| 170|0x000000008aa00000, 0x000000008aa00000, 0x000000008ab00000|  0%| F|  |TAMS 0x000000008aa00000, 0x000000008aa00000| Untracked 
| 171|0x000000008ab00000, 0x000000008ab00000, 0x000000008ac00000|  0%| F|  |TAMS 0x000000008ab00000, 0x000000008ab00000| Untracked 
| 172|0x000000008ac00000, 0x000000008ac00000, 0x000000008ad00000|  0%| F|  |TAMS 0x000000008ac00000, 0x000000008ac00000| Untracked 
| 173|0x000000008ad00000, 0x000000008ad00000, 0x000000008ae00000|  0%| F|  |TAMS 0x000000008ad00000, 0x000000008ad00000| Untracked 
| 174|0x000000008ae00000, 0x000000008ae00000, 0x000000008af00000|  0%| F|  |TAMS 0x000000008ae00000, 0x000000008ae00000| Untracked 
| 175|0x000000008af00000, 0x000000008af00000, 0x000000008b000000|  0%| F|  |TAMS 0x000000008af00000, 0x000000008af00000| Untracked 
| 176|0x000000008b000000, 0x000000008b000000, 0x000000008b100000|  0%| F|  |TAMS 0x000000008b000000, 0x000000008b000000| Untracked 
| 177|0x000000008b100000, 0x000000008b100000, 0x000000008b200000|  0%| F|  |TAMS 0x000000008b100000, 0x000000008b100000| Untracked 
| 178|0x000000008b200000, 0x000000008b200000, 0x000000008b300000|  0%| F|  |TAMS 0x000000008b200000, 0x000000008b200000| Untracked 
| 179|0x000000008b300000, 0x000000008b300000, 0x000000008b400000|  0%| F|  |TAMS 0x000000008b300000, 0x000000008b300000| Untracked 
| 180|0x000000008b400000, 0x000000008b400000, 0x000000008b500000|  0%| F|  |TAMS 0x000000008b400000, 0x000000008b400000| Untracked 
| 181|0x000000008b500000, 0x000000008b500000, 0x000000008b600000|  0%| F|  |TAMS 0x000000008b500000, 0x000000008b500000| Untracked 
| 182|0x000000008b600000, 0x000000008b600000, 0x000000008b700000|  0%| F|  |TAMS 0x000000008b600000, 0x000000008b600000| Untracked 
| 183|0x000000008b700000, 0x000000008b700000, 0x000000008b800000|  0%| F|  |TAMS 0x000000008b700000, 0x000000008b700000| Untracked 
| 184|0x000000008b800000, 0x000000008b800000, 0x000000008b900000|  0%| F|  |TAMS 0x000000008b800000, 0x000000008b800000| Untracked 
| 185|0x000000008b900000, 0x000000008b900000, 0x000000008ba00000|  0%| F|  |TAMS 0x000000008b900000, 0x000000008b900000| Untracked 
| 186|0x000000008ba00000, 0x000000008ba00000, 0x000000008bb00000|  0%| F|  |TAMS 0x000000008ba00000, 0x000000008ba00000| Untracked 
| 187|0x000000008bb00000, 0x000000008bb00000, 0x000000008bc00000|  0%| F|  |TAMS 0x000000008bb00000, 0x000000008bb00000| Untracked 
| 188|0x000000008bc00000, 0x000000008bc00000, 0x000000008bd00000|  0%| F|  |TAMS 0x000000008bc00000, 0x000000008bc00000| Untracked 
| 189|0x000000008bd00000, 0x000000008bdcafc8, 0x000000008be00000| 79%| S|CS|TAMS 0x000000008bd00000, 0x000000008bd00000| Complete 
| 190|0x000000008be00000, 0x000000008bf00000, 0x000000008bf00000|100%| S|CS|TAMS 0x000000008be00000, 0x000000008be00000| Complete 
| 191|0x000000008bf00000, 0x000000008c000000, 0x000000008c000000|100%| S|CS|TAMS 0x000000008bf00000, 0x000000008bf00000| Complete 
| 192|0x000000008c000000, 0x000000008c000000, 0x000000008c100000|  0%| F|  |TAMS 0x000000008c000000, 0x000000008c000000| Untracked 
| 193|0x000000008c100000, 0x000000008c100000, 0x000000008c200000|  0%| F|  |TAMS 0x000000008c100000, 0x000000008c100000| Untracked 
| 194|0x000000008c200000, 0x000000008c200000, 0x000000008c300000|  0%| F|  |TAMS 0x000000008c200000, 0x000000008c200000| Untracked 
| 195|0x000000008c300000, 0x000000008c300000, 0x000000008c400000|  0%| F|  |TAMS 0x000000008c300000, 0x000000008c300000| Untracked 
| 196|0x000000008c400000, 0x000000008c400000, 0x000000008c500000|  0%| F|  |TAMS 0x000000008c400000, 0x000000008c400000| Untracked 
| 197|0x000000008c500000, 0x000000008c500000, 0x000000008c600000|  0%| F|  |TAMS 0x000000008c500000, 0x000000008c500000| Untracked 
| 198|0x000000008c600000, 0x000000008c600000, 0x000000008c700000|  0%| F|  |TAMS 0x000000008c600000, 0x000000008c600000| Untracked 
| 199|0x000000008c700000, 0x000000008c700000, 0x000000008c800000|  0%| F|  |TAMS 0x000000008c700000, 0x000000008c700000| Untracked 
| 200|0x000000008c800000, 0x000000008c800000, 0x000000008c900000|  0%| F|  |TAMS 0x000000008c800000, 0x000000008c800000| Untracked 
| 201|0x000000008c900000, 0x000000008c900000, 0x000000008ca00000|  0%| F|  |TAMS 0x000000008c900000, 0x000000008c900000| Untracked 
| 202|0x000000008ca00000, 0x000000008ca00000, 0x000000008cb00000|  0%| F|  |TAMS 0x000000008ca00000, 0x000000008ca00000| Untracked 
| 203|0x000000008cb00000, 0x000000008cb00000, 0x000000008cc00000|  0%| F|  |TAMS 0x000000008cb00000, 0x000000008cb00000| Untracked 
| 204|0x000000008cc00000, 0x000000008cc00000, 0x000000008cd00000|  0%| F|  |TAMS 0x000000008cc00000, 0x000000008cc00000| Untracked 
| 205|0x000000008cd00000, 0x000000008cd00000, 0x000000008ce00000|  0%| F|  |TAMS 0x000000008cd00000, 0x000000008cd00000| Untracked 
| 206|0x000000008ce00000, 0x000000008ce00000, 0x000000008cf00000|  0%| F|  |TAMS 0x000000008ce00000, 0x000000008ce00000| Untracked 
| 207|0x000000008cf00000, 0x000000008cf00000, 0x000000008d000000|  0%| F|  |TAMS 0x000000008cf00000, 0x000000008cf00000| Untracked 
| 208|0x000000008d000000, 0x000000008d000000, 0x000000008d100000|  0%| F|  |TAMS 0x000000008d000000, 0x000000008d000000| Untracked 
| 209|0x000000008d100000, 0x000000008d100000, 0x000000008d200000|  0%| F|  |TAMS 0x000000008d100000, 0x000000008d100000| Untracked 
| 210|0x000000008d200000, 0x000000008d200000, 0x000000008d300000|  0%| F|  |TAMS 0x000000008d200000, 0x000000008d200000| Untracked 
| 211|0x000000008d300000, 0x000000008d380800, 0x000000008d400000| 50%| E|  |TAMS 0x000000008d300000, 0x000000008d300000| Complete 
| 212|0x000000008d400000, 0x000000008d500000, 0x000000008d500000|100%| E|CS|TAMS 0x000000008d400000, 0x000000008d400000| Complete 
| 213|0x000000008d500000, 0x000000008d600000, 0x000000008d600000|100%| E|CS|TAMS 0x000000008d500000, 0x000000008d500000| Complete 
| 214|0x000000008d600000, 0x000000008d700000, 0x000000008d700000|100%| E|CS|TAMS 0x000000008d600000, 0x000000008d600000| Complete 
| 215|0x000000008d700000, 0x000000008d800000, 0x000000008d800000|100%| E|CS|TAMS 0x000000008d700000, 0x000000008d700000| Complete 
| 216|0x000000008d800000, 0x000000008d900000, 0x000000008d900000|100%| E|CS|TAMS 0x000000008d800000, 0x000000008d800000| Complete 
| 217|0x000000008d900000, 0x000000008da00000, 0x000000008da00000|100%| E|CS|TAMS 0x000000008d900000, 0x000000008d900000| Complete 
| 218|0x000000008da00000, 0x000000008db00000, 0x000000008db00000|100%| E|CS|TAMS 0x000000008da00000, 0x000000008da00000| Complete 
| 219|0x000000008db00000, 0x000000008dc00000, 0x000000008dc00000|100%| E|CS|TAMS 0x000000008db00000, 0x000000008db00000| Complete 
| 220|0x000000008dc00000, 0x000000008dd00000, 0x000000008dd00000|100%| E|CS|TAMS 0x000000008dc00000, 0x000000008dc00000| Complete 
| 221|0x000000008dd00000, 0x000000008de00000, 0x000000008de00000|100%| E|CS|TAMS 0x000000008dd00000, 0x000000008dd00000| Complete 
| 222|0x000000008de00000, 0x000000008df00000, 0x000000008df00000|100%| E|CS|TAMS 0x000000008de00000, 0x000000008de00000| Complete 
| 223|0x000000008df00000, 0x000000008e000000, 0x000000008e000000|100%| E|CS|TAMS 0x000000008df00000, 0x000000008df00000| Complete 
| 224|0x000000008e000000, 0x000000008e100000, 0x000000008e100000|100%| E|CS|TAMS 0x000000008e000000, 0x000000008e000000| Complete 
| 225|0x000000008e100000, 0x000000008e200000, 0x000000008e200000|100%| E|CS|TAMS 0x000000008e100000, 0x000000008e100000| Complete 
| 226|0x000000008e200000, 0x000000008e300000, 0x000000008e300000|100%| E|CS|TAMS 0x000000008e200000, 0x000000008e200000| Complete 
| 227|0x000000008e300000, 0x000000008e400000, 0x000000008e400000|100%| E|CS|TAMS 0x000000008e300000, 0x000000008e300000| Complete 
| 228|0x000000008e400000, 0x000000008e500000, 0x000000008e500000|100%| E|CS|TAMS 0x000000008e400000, 0x000000008e400000| Complete 
| 229|0x000000008e500000, 0x000000008e600000, 0x000000008e600000|100%| E|CS|TAMS 0x000000008e500000, 0x000000008e500000| Complete 
| 230|0x000000008e600000, 0x000000008e700000, 0x000000008e700000|100%| E|CS|TAMS 0x000000008e600000, 0x000000008e600000| Complete 
| 231|0x000000008e700000, 0x000000008e800000, 0x000000008e800000|100%| E|CS|TAMS 0x000000008e700000, 0x000000008e700000| Complete 
| 232|0x000000008e800000, 0x000000008e900000, 0x000000008e900000|100%| E|CS|TAMS 0x000000008e800000, 0x000000008e800000| Complete 
| 233|0x000000008e900000, 0x000000008ea00000, 0x000000008ea00000|100%| E|CS|TAMS 0x000000008e900000, 0x000000008e900000| Complete 
| 234|0x000000008ea00000, 0x000000008eb00000, 0x000000008eb00000|100%| E|CS|TAMS 0x000000008ea00000, 0x000000008ea00000| Complete 
| 235|0x000000008eb00000, 0x000000008ec00000, 0x000000008ec00000|100%| E|CS|TAMS 0x000000008eb00000, 0x000000008eb00000| Complete 
| 236|0x000000008ec00000, 0x000000008ed00000, 0x000000008ed00000|100%| E|CS|TAMS 0x000000008ec00000, 0x000000008ec00000| Complete 
| 237|0x000000008ed00000, 0x000000008ee00000, 0x000000008ee00000|100%| E|CS|TAMS 0x000000008ed00000, 0x000000008ed00000| Complete 
| 238|0x000000008ee00000, 0x000000008ef00000, 0x000000008ef00000|100%| E|CS|TAMS 0x000000008ee00000, 0x000000008ee00000| Complete 
| 239|0x000000008ef00000, 0x000000008f000000, 0x000000008f000000|100%| E|CS|TAMS 0x000000008ef00000, 0x000000008ef00000| Complete 
| 240|0x000000008f000000, 0x000000008f100000, 0x000000008f100000|100%| E|CS|TAMS 0x000000008f000000, 0x000000008f000000| Complete 
| 241|0x000000008f100000, 0x000000008f200000, 0x000000008f200000|100%| E|CS|TAMS 0x000000008f100000, 0x000000008f100000| Complete 
| 242|0x000000008f200000, 0x000000008f300000, 0x000000008f300000|100%| E|CS|TAMS 0x000000008f200000, 0x000000008f200000| Complete 
| 243|0x000000008f300000, 0x000000008f400000, 0x000000008f400000|100%| E|CS|TAMS 0x000000008f300000, 0x000000008f300000| Complete 
| 244|0x000000008f400000, 0x000000008f500000, 0x000000008f500000|100%| E|CS|TAMS 0x000000008f400000, 0x000000008f400000| Complete 
| 245|0x000000008f500000, 0x000000008f600000, 0x000000008f600000|100%| E|CS|TAMS 0x000000008f500000, 0x000000008f500000| Complete 
| 246|0x000000008f600000, 0x000000008f700000, 0x000000008f700000|100%| E|CS|TAMS 0x000000008f600000, 0x000000008f600000| Complete 
| 247|0x000000008f700000, 0x000000008f800000, 0x000000008f800000|100%| E|CS|TAMS 0x000000008f700000, 0x000000008f700000| Complete 
| 248|0x000000008f800000, 0x000000008f900000, 0x000000008f900000|100%| E|CS|TAMS 0x000000008f800000, 0x000000008f800000| Complete 
| 249|0x000000008f900000, 0x000000008fa00000, 0x000000008fa00000|100%| E|CS|TAMS 0x000000008f900000, 0x000000008f900000| Complete 
| 250|0x000000008fa00000, 0x000000008fb00000, 0x000000008fb00000|100%| E|CS|TAMS 0x000000008fa00000, 0x000000008fa00000| Complete 
| 251|0x000000008fb00000, 0x000000008fc00000, 0x000000008fc00000|100%| E|CS|TAMS 0x000000008fb00000, 0x000000008fb00000| Complete 
| 252|0x000000008fc00000, 0x000000008fd00000, 0x000000008fd00000|100%| E|CS|TAMS 0x000000008fc00000, 0x000000008fc00000| Complete 
| 253|0x000000008fd00000, 0x000000008fe00000, 0x000000008fe00000|100%| E|CS|TAMS 0x000000008fd00000, 0x000000008fd00000| Complete 
| 254|0x000000008fe00000, 0x000000008ff00000, 0x000000008ff00000|100%| E|CS|TAMS 0x000000008fe00000, 0x000000008fe00000| Complete 
| 255|0x000000008ff00000, 0x0000000090000000, 0x0000000090000000|100%| E|CS|TAMS 0x000000008ff00000, 0x000000008ff00000| Complete 

Card table byte_map: [0x00000192e9b90000,0x00000192e9f90000] _byte_map_base: 0x00000192e9790000

Marking Bits (Prev, Next): (CMBitMap*) 0x00000192d4a708b0, (CMBitMap*) 0x00000192d4a70878
 Prev Bits: [0x00000192ec390000, 0x00000192ee390000)
 Next Bits: [0x00000192ea390000, 0x00000192ec390000)

Polling page: 0x00000192d4b10000

Metaspace:

Usage:
  Non-class:     28.14 MB capacity,    27.63 MB ( 98%) used,   451.38 KB (  2%) free+waste,    71.38 KB ( <1%) overhead. 
      Class:      4.56 MB capacity,     4.26 MB ( 93%) used,   272.84 KB (  6%) free+waste,    35.75 KB ( <1%) overhead. 
       Both:     32.69 MB capacity,    31.88 MB ( 98%) used,   724.21 KB (  2%) free+waste,   107.13 KB ( <1%) overhead. 

Virtual space:
  Non-class space:       30.00 MB reserved,      28.25 MB ( 94%) committed 
      Class space:        1.00 GB reserved,       4.63 MB ( <1%) committed 
             Both:        1.03 GB reserved,      32.88 MB (  3%) committed 

Chunk freelists:
   Non-Class:  53.00 KB
       Class:  6.00 KB
        Both:  59.00 KB

MaxMetaspaceSize: 17179869184.00 GB
CompressedClassSpaceSize: 1.00 GB
Initial GC threshold: 20.80 MB
Current GC threshold: 35.00 MB
CDS: off

CodeHeap 'non-profiled nmethods': size=120000Kb used=1525Kb max_used=1525Kb free=118474Kb
 bounds [0x00000192e17f0000, 0x00000192e1a60000, 0x00000192e8d20000]
CodeHeap 'profiled nmethods': size=120000Kb used=5880Kb max_used=5880Kb free=114119Kb
 bounds [0x00000192da2c0000, 0x00000192da880000, 0x00000192e17f0000]
CodeHeap 'non-nmethods': size=5760Kb used=1239Kb max_used=1280Kb free=4520Kb
 bounds [0x00000192d9d20000, 0x00000192d9f90000, 0x00000192da2c0000]
 total_blobs=3306 nmethods=2794 adapters=424
 compilation: enabled
              stopped_count=0, restarted_count=0
 full_count=0

Compilation events (20 events):
Event: 12.821 Thread 0x00000192f1754800 2735       3       java.lang.CharacterDataLatin1::isOtherUppercase (18 bytes)
Event: 12.821 Thread 0x00000192f1754800 nmethod 2735 0x00000192da861c90 code [0x00000192da861e60, 0x00000192da862058]
Event: 12.821 Thread 0x00000192f1754800 2736       3       java.lang.CharacterDataLatin1::getPropertiesEx (11 bytes)
Event: 12.821 Thread 0x00000192f1754800 nmethod 2736 0x00000192da862190 code [0x00000192da862340, 0x00000192da862478]
Event: 12.822 Thread 0x00000192f174b800 2737       4       java.lang.StringBuilder::append (8 bytes)
Event: 12.822 Thread 0x00000192f1754800 2738       3       java.io.PrintWriter::ensureOpen (18 bytes)
Event: 12.822 Thread 0x00000192f1754800 nmethod 2738 0x00000192da862590 code [0x00000192da862760, 0x00000192da862968]
Event: 12.822 Thread 0x00000192f174b800 nmethod 2737 0x00000192e1968810 code [0x00000192e19689a0, 0x00000192e1968a28]
Event: 12.823 Thread 0x00000192f174b800 2739       4       org.gradle.internal.logging.text.AbstractLineChoppingStyledTextOutput$1::execute (9 bytes)
Event: 12.823 Thread 0x00000192f1754800 2742       3       java.lang.StringBuilder::append (6 bytes)
Event: 12.823 Thread 0x00000192f1754800 nmethod 2742 0x00000192da862a10 code [0x00000192da862be0, 0x00000192da862d88]
Event: 12.824 Thread 0x00000192f1754800 2746       2       org.gradle.internal.logging.text.AbstractLineChoppingStyledTextOutput::doAppend (43 bytes)
Event: 12.824 Thread 0x00000192f1754800 nmethod 2746 0x00000192da862e90 code [0x00000192da863060, 0x00000192da863328]
Event: 12.824 Thread 0x00000192f1754800 2749       3       org.gradle.internal.logging.text.AbstractStyledTextOutput::style (20 bytes)
Event: 12.824 Thread 0x00000192f1754800 nmethod 2749 0x00000192da863490 code [0x00000192da863660, 0x00000192da8638c8]
Event: 12.825 Thread 0x00000192f2409000 2740       4       org.gradle.internal.logging.text.AbstractLineChoppingStyledTextOutput$1::execute (140 bytes)
Event: 12.825 Thread 0x00000192f3e15800 2741       4       org.gradle.internal.logging.text.AbstractLineChoppingStyledTextOutput$2::execute (77 bytes)
Event: 12.825 Thread 0x00000192f1754800 2751       3       org.gradle.internal.dispatch.ReflectionDispatch::dispatch (9 bytes)
Event: 12.825 Thread 0x00000192f1754800 nmethod 2751 0x00000192da863990 code [0x00000192da863b60, 0x00000192da863d88]
Event: 12.825 Thread 0x00000192f1754800 2752   !   3       org.gradle.internal.dispatch.ReflectionDispatch::dispatch (42 bytes)

GC Heap History (6 events):
Event: 1.148 GC heap before
{Heap before GC invocations=0 (full 0):
 garbage-first heap   total 262144K, used 29696K [0x0000000080000000, 0x0000000100000000)
  region size 1024K, 24 young (24576K), 0 survivors (0K)
 Metaspace       used 10235K, capacity 10501K, committed 10624K, reserved 1058816K
  class space    used 1072K, capacity 1139K, committed 1152K, reserved 1048576K
}
Event: 1.152 GC heap after
{Heap after GC invocations=1 (full 0):
 garbage-first heap   total 262144K, used 9292K [0x0000000080000000, 0x0000000100000000)
  region size 1024K, 3 young (3072K), 3 survivors (3072K)
 Metaspace       used 10235K, capacity 10501K, committed 10624K, reserved 1058816K
  class space    used 1072K, capacity 1139K, committed 1152K, reserved 1048576K
}
Event: 2.841 GC heap before
{Heap before GC invocations=1 (full 0):
 garbage-first heap   total 262144K, used 112716K [0x0000000080000000, 0x0000000100000000)
  region size 1024K, 104 young (106496K), 3 survivors (3072K)
 Metaspace       used 20645K, capacity 21085K, committed 21248K, reserved 1067008K
  class space    used 2543K, capacity 2712K, committed 2816K, reserved 1048576K
}
Event: 2.851 GC heap after
{Heap after GC invocations=2 (full 0):
 garbage-first heap   total 262144K, used 16768K [0x0000000080000000, 0x0000000100000000)
  region size 1024K, 11 young (11264K), 11 survivors (11264K)
 Metaspace       used 20645K, capacity 21085K, committed 21248K, reserved 1067008K
  class space    used 2543K, capacity 2712K, committed 2816K, reserved 1048576K
}
Event: 10.400 GC heap before
{Heap before GC invocations=3 (full 0):
 garbage-first heap   total 262144K, used 81280K [0x0000000080000000, 0x0000000100000000)
  region size 1024K, 75 young (76800K), 11 survivors (11264K)
 Metaspace       used 27370K, capacity 27997K, committed 28160K, reserved 1073152K
  class space    used 3591K, capacity 3815K, committed 3840K, reserved 1048576K
}
Event: 10.408 GC heap after
{Heap after GC invocations=4 (full 0):
 garbage-first heap   total 262144K, used 19371K [0x0000000080000000, 0x0000000100000000)
  region size 1024K, 3 young (3072K), 3 survivors (3072K)
 Metaspace       used 27370K, capacity 27997K, committed 28160K, reserved 1073152K
  class space    used 3591K, capacity 3815K, committed 3840K, reserved 1048576K
}

Deoptimization events (20 events):
Event: 3.596 Thread 0x00000192f2bbe000 DEOPT PACKING pc=0x00000192e189a034 sp=0x00000031751fc660
Event: 3.596 Thread 0x00000192f2bbe000 DEOPT UNPACKING pc=0x00000192d9d6a1af sp=0x00000031751fc5e0 mode 2
Event: 10.881 Thread 0x00000192f2bbe000 Uncommon trap: trap_request=0xffffff4d fr.pc=0x00000192e18d8fcc relative=0x000000000000020c
Event: 10.881 Thread 0x00000192f2bbe000 Uncommon trap: reason=unstable_if action=reinterpret pc=0x00000192e18d8fcc method=java.util.HashMap.hash(Ljava/lang/Object;)I @ 1 c2
Event: 10.881 Thread 0x00000192f2bbe000 DEOPT PACKING pc=0x00000192e18d8fcc sp=0x00000031751f8aa0
Event: 10.881 Thread 0x00000192f2bbe000 DEOPT UNPACKING pc=0x00000192d9d6a1af sp=0x00000031751f89d8 mode 2
Event: 10.881 Thread 0x00000192f2bbe000 Uncommon trap: trap_request=0xffffff4d fr.pc=0x00000192e18f2bac relative=0x000000000000008c
Event: 10.881 Thread 0x00000192f2bbe000 Uncommon trap: reason=unstable_if action=reinterpret pc=0x00000192e18f2bac method=java.util.HashMap.hash(Ljava/lang/Object;)I @ 1 c2
Event: 10.881 Thread 0x00000192f2bbe000 DEOPT PACKING pc=0x00000192e18f2bac sp=0x00000031751f8810
Event: 10.881 Thread 0x00000192f2bbe000 DEOPT UNPACKING pc=0x00000192d9d6a1af sp=0x00000031751f87a8 mode 2
Event: 11.476 Thread 0x00000192f2bbe000 DEOPT PACKING pc=0x00000192da6bcf79 sp=0x00000031751f8b50
Event: 11.476 Thread 0x00000192f2bbe000 DEOPT UNPACKING pc=0x00000192d9d6a95e sp=0x00000031751f8098 mode 0
Event: 11.600 Thread 0x00000192f2bbe000 Uncommon trap: trap_request=0xffffff4d fr.pc=0x00000192e1942164 relative=0x00000000000001a4
Event: 11.600 Thread 0x00000192f2bbe000 Uncommon trap: reason=unstable_if action=reinterpret pc=0x00000192e1942164 method=java.util.regex.Pattern$BmpCharProperty.match(Ljava/util/regex/Matcher;ILjava/lang/CharSequence;)Z @ 39 c2
Event: 11.600 Thread 0x00000192f2bbe000 DEOPT PACKING pc=0x00000192e1942164 sp=0x00000031751f9460
Event: 11.600 Thread 0x00000192f2bbe000 DEOPT UNPACKING pc=0x00000192d9d6a1af sp=0x00000031751f9410 mode 2
Event: 11.649 Thread 0x00000192f2bbe000 Uncommon trap: trap_request=0xffffff4d fr.pc=0x00000192e18ea3d0 relative=0x00000000000001f0
Event: 11.649 Thread 0x00000192f2bbe000 Uncommon trap: reason=unstable_if action=reinterpret pc=0x00000192e18ea3d0 method=java.util.HashMap.putVal(ILjava/lang/Object;Ljava/lang/Object;ZZ)Ljava/lang/Object; @ 162 c2
Event: 11.649 Thread 0x00000192f2bbe000 DEOPT PACKING pc=0x00000192e18ea3d0 sp=0x00000031751fa510
Event: 11.649 Thread 0x00000192f2bbe000 DEOPT UNPACKING pc=0x00000192d9d6a1af sp=0x00000031751fa490 mode 2

Classes redefined (0 events):
No events

Internal exceptions (20 events):
Event: 10.390 Thread 0x00000192f2bbe000 Exception <a 'java/lang/NoSuchMethodError'{0x000000008c1dadd0}: 'java.lang.Object java.lang.invoke.DirectMethodHandle$Holder.invokeSpecialIFC(java.lang.Object, java.lang.Object, java.lang.Object, java.lang.Object)'> (0x000000008c1dadd0) thrown at [./src/hotspot/share/interpreter/linkResolver.cpp, line 773]
Event: 10.397 Thread 0x00000192f2bbe000 Exception <a 'java/lang/NoSuchMethodError'{0x000000008c0b6298}: 'java.lang.Object java.lang.invoke.DirectMethodHandle$Holder.invokeSpecial(java.lang.Object, java.lang.Object, java.lang.Object, java.lang.Object, java.lang.Object, java.lang.Object, java.lang.Object, java.lang.Object, java.lang.Object, java.lang.Object, java.lang.Object, java.lang.Object, java.lang.Object)'> (0x000000008c0b6298) thrown at [./src/hotspot/share/interpreter/linkResolver.cpp, line 773]
Event: 10.398 Thread 0x00000192f2bbe000 Exception <a 'java/lang/NoSuchMethodError'{0x000000008c0c70f8}: 'java.lang.Object java.lang.invoke.DirectMethodHandle$Holder.invokeSpecial(java.lang.Object, java.lang.Object, java.lang.Object, java.lang.Object, java.lang.Object, java.lang.Object, java.lang.Object, java.lang.Object, java.lang.Object, java.lang.Object, java.lang.Object, java.lang.Object)'> (0x000000008c0c70f8) thrown at [./src/hotspot/share/interpreter/linkResolver.cpp, line 773]
Event: 10.399 Thread 0x00000192f2bbe000 Exception <a 'java/lang/NoSuchMethodError'{0x000000008c0cc220}: 'java.lang.Object java.lang.invoke.Invokers$Holder.linkToTargetMethod(java.lang.Object, java.lang.Object, java.lang.Object, java.lang.Object, java.lang.Object, java.lang.Object, java.lang.Object, java.lang.Object, java.lang.Object, java.lang.Object, java.lang.Object)'> (0x000000008c0cc220) thrown at [./src/hotspot/share/interpreter/linkResolver.cpp, line 773]
Event: 10.519 Thread 0x00000192f2bbe000 Exception <a 'java/lang/NoSuchMethodError'{0x000000008fe2bcc0}: 'java.lang.Object java.lang.invoke.DirectMethodHandle$Holder.invokeSpecial(java.lang.Object, java.lang.Object, java.lang.Object, java.lang.Object, java.lang.Object, java.lang.Object, java.lang.Object, java.lang.Object, java.lang.Object, java.lang.Object, java.lang.Object, java.lang.Object, java.lang.Object, java.lang.Object)'> (0x000000008fe2bcc0) thrown at [./src/hotspot/share/interpreter/linkResolver.cpp, line 773]
Event: 10.519 Thread 0x00000192f2bbe000 Exception <a 'java/lang/NoSuchMethodError'{0x000000008fe3d400}: 'java.lang.Object java.lang.invoke.Invokers$Holder.linkToTargetMethod(java.lang.Object, java.lang.Object, java.lang.Object, java.lang.Object, java.lang.Object, java.lang.Object, java.lang.Object, java.lang.Object, java.lang.Object, java.lang.Object, java.lang.Object, java.lang.Object)'> (0x000000008fe3d400) thrown at [./src/hotspot/share/interpreter/linkResolver.cpp, line 773]
Event: 10.527 Thread 0x00000192f2bbe000 Exception <a 'java/lang/NoSuchMethodError'{0x000000008fda2098}: 'java.lang.Object java.lang.invoke.DirectMethodHandle$Holder.invokeStaticInit(java.lang.Object, java.lang.Object, java.lang.Object, java.lang.Object)'> (0x000000008fda2098) thrown at [./src/hotspot/share/interpreter/linkResolver.cpp, line 773]
Event: 10.881 Thread 0x00000192f2bbe000 Implicit null exception at 0x00000192e18d8df5 to 0x00000192e18d8fbc
Event: 10.881 Thread 0x00000192f2bbe000 Implicit null exception at 0x00000192e18f2b2f to 0x00000192e18f2b9d
Event: 11.269 Thread 0x00000192f2bbe000 Exception <a 'java/lang/NoSuchMethodError'{0x000000008eccc510}: 'java.lang.Object java.lang.invoke.Invokers$Holder.linkToTargetMethod(java.lang.Object, java.lang.Object, java.lang.Object, java.lang.Object, java.lang.Object, java.lang.Object, java.lang.Object, java.lang.Object)'> (0x000000008eccc510) thrown at [./src/hotspot/share/interpreter/linkResolver.cpp, line 773]
Event: 11.273 Thread 0x00000192f2bbe000 Exception <a 'java/lang/NoSuchMethodError'{0x000000008eb18fb8}: 'java.lang.Object java.lang.invoke.Invokers$Holder.linkToTargetMethod(java.lang.Object, java.lang.Object, java.lang.Object, java.lang.Object, java.lang.Object, java.lang.Object, java.lang.Object)'> (0x000000008eb18fb8) thrown at [./src/hotspot/share/interpreter/linkResolver.cpp, line 773]
Event: 11.275 Thread 0x00000192f2bbe000 Exception <a 'java/lang/IncompatibleClassChangeError'{0x000000008eb57810}: Found class java.lang.Object, but interface was expected> (0x000000008eb57810) thrown at [./src/hotspot/share/interpreter/linkResolver.cpp, line 839]
Event: 12.745 Thread 0x00000192f2bbe000 Exception <a 'java/lang/NoSuchMethodError'{0x000000008d749010}: 'void java.lang.invoke.DirectMethodHandle$Holder.invokeStaticInit(java.lang.Object, java.lang.Object, java.lang.Object)'> (0x000000008d749010) thrown at [./src/hotspot/share/interpreter/linkResolver.cpp, line 773]
Event: 12.746 Thread 0x00000192f2bbe000 Exception <a 'java/lang/NoSuchMethodError'{0x000000008d750268}: 'void java.lang.invoke.DirectMethodHandle$Holder.invokeStaticInit(java.lang.Object, java.lang.Object, java.lang.Object, java.lang.Object)'> (0x000000008d750268) thrown at [./src/hotspot/share/interpreter/linkResolver.cpp, line 773]
Event: 12.748 Thread 0x00000192f2bbe000 Exception <a 'java/lang/NoSuchMethodError'{0x000000008d7728c0}: 'void java.lang.invoke.DirectMethodHandle$Holder.invokeStaticInit(java.lang.Object, java.lang.Object, java.lang.Object, java.lang.Object, java.lang.Object)'> (0x000000008d7728c0) thrown at [./src/hotspot/share/interpreter/linkResolver.cpp, line 773]
Event: 12.783 Thread 0x00000192f2bbe000 Exception <a 'java/lang/NoSuchMethodError'{0x000000008d7d1248}: 'int java.lang.invoke.DirectMethodHandle$Holder.invokeStaticInit(java.lang.Object, java.lang.Object, java.lang.Object, java.lang.Object)'> (0x000000008d7d1248) thrown at [./src/hotspot/share/interpreter/linkResolver.cpp, line 773]
Event: 12.801 Thread 0x00000192f2bbe000 Exception <a 'java/lang/OutOfMemoryError'{0x000000008d6e4050}> (0x000000008d6e4050) thrown at [./src/hotspot/share/prims/jni.cpp, line 636]
Event: 12.801 Thread 0x00000192f2bbe000 Exception <a 'java/lang/OutOfMemoryError'{0x000000008d6e4050}> (0x000000008d6e4050) thrown at [./src/hotspot/share/prims/jvm.cpp, line 1310]
Event: 12.801 Thread 0x00000192f2bbe000 Exception <a 'java/lang/OutOfMemoryError'{0x000000008d6e4050}> (0x000000008d6e4050) thrown at [./src/hotspot/share/oops/instanceKlass.cpp, line 1029]
Event: 12.801 Thread 0x00000192f2bbe000 Exception <a 'java/lang/OutOfMemoryError'{0x000000008d6e4050}> (0x000000008d6e4050) thrown at [./src/hotspot/share/oops/instanceKlass.cpp, line 1029]

Events (20 events):
Event: 12.819 loading class org/gradle/internal/logging/text/BufferingStyledTextOutput$ChangeStyleAction
Event: 12.819 loading class org/gradle/internal/logging/text/BufferingStyledTextOutput$ChangeStyleAction done
Event: 12.820 loading class org/gradle/internal/logging/text/AbstractStyledTextOutput$StyleOverrideTextOutput
Event: 12.820 loading class org/gradle/internal/logging/text/AbstractStyledTextOutput$StyleOverrideTextOutput done
Event: 12.820 Executing VM operation: Deoptimize
Event: 12.820 Executing VM operation: Deoptimize done
Event: 12.820 loading class org/gradle/internal/logging/text/StyledTextOutput
Event: 12.820 loading class org/gradle/internal/logging/text/StyledTextOutput done
Event: 12.821 loading class org/gradle/internal/exceptions/StyledException
Event: 12.821 loading class org/gradle/internal/exceptions/StyledException done
Event: 12.821 loading class java/lang/Throwable$WrappedPrintWriter
Event: 12.821 loading class java/lang/Throwable$PrintStreamOrWriter
Event: 12.821 loading class java/lang/Throwable$PrintStreamOrWriter done
Event: 12.821 loading class java/lang/Throwable$WrappedPrintWriter done
Event: 12.822 loading class org/gradle/internal/logging/events/StyledTextOutputEvent$Span
Event: 12.822 loading class org/gradle/internal/logging/events/StyledTextOutputEvent$Span done
Event: 12.822 loading class org/gradle/internal/logging/events/operations/StyledTextBuildOperationProgressDetails$Span
Event: 12.822 loading class org/gradle/internal/logging/events/operations/StyledTextBuildOperationProgressDetails$Span done
Event: 12.824 Thread 0x00000192f2409000 Thread added: 0x00000192f2409000
Event: 12.825 Thread 0x00000192f3e15800 Thread added: 0x00000192f3e15800


Dynamic libraries:
0x00007ff7c61e0000 - 0x00007ff7c61ea000 	C:\Program Files\Android\Android Studio\jre\bin\java.exe
0x00007ffbeeaf0000 - 0x00007ffbeece8000 	C:\WINDOWS\SYSTEM32\ntdll.dll
0x00007ffbee950000 - 0x00007ffbeea0f000 	C:\WINDOWS\System32\KERNEL32.DLL
0x00007ffbec3f0000 - 0x00007ffbec6c2000 	C:\WINDOWS\System32\KERNELBASE.dll
0x00007ffbec830000 - 0x00007ffbec930000 	C:\WINDOWS\System32\ucrtbase.dll
0x00007ffbe6140000 - 0x00007ffbe6159000 	C:\Program Files\Android\Android Studio\jre\bin\jli.dll
0x00007ffbe6160000 - 0x00007ffbe6177000 	C:\Program Files\Android\Android Studio\jre\bin\VCRUNTIME140.dll
0x00007ffbecc90000 - 0x00007ffbece31000 	C:\WINDOWS\System32\USER32.dll
0x00007ffbd93d0000 - 0x00007ffbd966a000 	C:\WINDOWS\WinSxS\amd64_microsoft.windows.common-controls_6595b64144ccf1df_6.0.19041.1110_none_60b5254171f9507e\COMCTL32.dll
0x00007ffbec2f0000 - 0x00007ffbec312000 	C:\WINDOWS\System32\win32u.dll
0x00007ffbeea10000 - 0x00007ffbeeaae000 	C:\WINDOWS\System32\msvcrt.dll
0x00007ffbed4f0000 - 0x00007ffbed51b000 	C:\WINDOWS\System32\GDI32.dll
0x00007ffbec1e0000 - 0x00007ffbec2ef000 	C:\WINDOWS\System32\gdi32full.dll
0x00007ffbec320000 - 0x00007ffbec3bd000 	C:\WINDOWS\System32\msvcp_win.dll
0x00007ffbedd60000 - 0x00007ffbedd92000 	C:\WINDOWS\System32\IMM32.DLL
0x00007ffbc2a50000 - 0x00007ffbc2aed000 	C:\Program Files\Android\Android Studio\jre\bin\msvcp140.dll
0x00007ffb8dd90000 - 0x00007ffb8e875000 	C:\Program Files\Android\Android Studio\jre\bin\server\jvm.dll
0x00007ffbede60000 - 0x00007ffbedf0e000 	C:\WINDOWS\System32\ADVAPI32.dll
0x00007ffbed3f0000 - 0x00007ffbed48c000 	C:\WINDOWS\System32\sechost.dll
0x00007ffbece40000 - 0x00007ffbecf65000 	C:\WINDOWS\System32\RPCRT4.dll
0x00007ffbedf10000 - 0x00007ffbedf18000 	C:\WINDOWS\System32\PSAPI.DLL
0x00007ffbd6110000 - 0x00007ffbd6137000 	C:\WINDOWS\SYSTEM32\WINMM.dll
0x00007ffbe7c30000 - 0x00007ffbe7c39000 	C:\WINDOWS\SYSTEM32\WSOCK32.dll
0x00007ffbe4eb0000 - 0x00007ffbe4eba000 	C:\WINDOWS\SYSTEM32\VERSION.dll
0x00007ffbed520000 - 0x00007ffbed58b000 	C:\WINDOWS\System32\WS2_32.dll
0x00007ffbea0a0000 - 0x00007ffbea0b2000 	C:\WINDOWS\SYSTEM32\kernel.appcore.dll
0x00007ffbe7bd0000 - 0x00007ffbe7be1000 	C:\Program Files\Android\Android Studio\jre\bin\verify.dll
0x00007ffbd5680000 - 0x00007ffbd5864000 	C:\WINDOWS\SYSTEM32\DBGHELP.DLL
0x00007ffbd4b70000 - 0x00007ffbd4ba5000 	C:\WINDOWS\SYSTEM32\dbgcore.DLL
0x00007ffbecaa0000 - 0x00007ffbecb22000 	C:\WINDOWS\System32\bcryptPrimitives.dll
0x00007ffbe4130000 - 0x00007ffbe4159000 	C:\Program Files\Android\Android Studio\jre\bin\java.dll
0x00007ffbe7c20000 - 0x00007ffbe7c2b000 	C:\Program Files\Android\Android Studio\jre\bin\jimage.dll
0x00007ffbe6780000 - 0x00007ffbe6798000 	C:\Program Files\Android\Android Studio\jre\bin\zip.dll
0x00007ffbedf20000 - 0x00007ffbee664000 	C:\WINDOWS\System32\SHELL32.dll
0x00007ffbea2a0000 - 0x00007ffbeaa32000 	C:\WINDOWS\SYSTEM32\windows.storage.dll
0x00007ffbed590000 - 0x00007ffbed8e5000 	C:\WINDOWS\System32\combase.dll
0x00007ffbebc40000 - 0x00007ffbebc70000 	C:\WINDOWS\SYSTEM32\Wldp.dll
0x00007ffbecb30000 - 0x00007ffbecbdd000 	C:\WINDOWS\System32\SHCORE.dll
0x00007ffbed1e0000 - 0x00007ffbed235000 	C:\WINDOWS\System32\shlwapi.dll
0x00007ffbec120000 - 0x00007ffbec13f000 	C:\WINDOWS\SYSTEM32\profapi.dll
0x00007ffbc7e90000 - 0x00007ffbc7eaa000 	C:\Program Files\Android\Android Studio\jre\bin\net.dll
0x00007ffbe3750000 - 0x00007ffbe385c000 	C:\WINDOWS\SYSTEM32\WINHTTP.dll
0x00007ffbeb9a0000 - 0x00007ffbeba0a000 	C:\WINDOWS\system32\mswsock.dll
0x00007ffbc6570000 - 0x00007ffbc6584000 	C:\Program Files\Android\Android Studio\jre\bin\nio.dll
0x00007ffbe41d0000 - 0x00007ffbe41f7000 	C:\Users\user\.gradle\native\e1d6ef7f7dcc3fd88c89a11ec53ec762bb8ba0a96d01ffa2cd45eb1d1d8dd5c5\windows-amd64\native-platform.dll
0x00007ffb994d0000 - 0x00007ffb99614000 	C:\Users\user\.gradle\native\5664cfc778a61ccfe75a443a1ab52a65af34e5dc3c78e0209fed803814484fcb\windows-amd64\native-platform-file-events.dll
0x00007ffbe6d50000 - 0x00007ffbe6d5a000 	C:\Program Files\Android\Android Studio\jre\bin\management.dll
0x00007ffbe6250000 - 0x00007ffbe625d000 	C:\Program Files\Android\Android Studio\jre\bin\management_ext.dll
0x00007ffbebb90000 - 0x00007ffbebba8000 	C:\WINDOWS\SYSTEM32\CRYPTSP.dll
0x00007ffbeb250000 - 0x00007ffbeb284000 	C:\WINDOWS\system32\rsaenh.dll
0x00007ffbec3c0000 - 0x00007ffbec3e7000 	C:\WINDOWS\System32\bcrypt.dll
0x00007ffbec0a0000 - 0x00007ffbec0ce000 	C:\WINDOWS\SYSTEM32\USERENV.dll
0x00007ffbebbb0000 - 0x00007ffbebbbc000 	C:\WINDOWS\SYSTEM32\CRYPTBASE.dll
0x00007ffbeb640000 - 0x00007ffbeb67b000 	C:\WINDOWS\SYSTEM32\IPHLPAPI.DLL
0x00007ffbed1d0000 - 0x00007ffbed1d8000 	C:\WINDOWS\System32\NSI.dll
0x00007ffbe5950000 - 0x00007ffbe5967000 	C:\WINDOWS\SYSTEM32\dhcpcsvc6.DLL
0x00007ffbe58f0000 - 0x00007ffbe590d000 	C:\WINDOWS\SYSTEM32\dhcpcsvc.DLL
0x00007ffbeb690000 - 0x00007ffbeb75a000 	C:\WINDOWS\SYSTEM32\DNSAPI.dll

dbghelp: loaded successfully - version: 4.0.5 - missing functions: none
symbol engine: initialized successfully - sym options: 0x614 - pdb path: .;C:\Program Files\Android\Android Studio\jre\bin;C:\WINDOWS\SYSTEM32;C:\WINDOWS\WinSxS\amd64_microsoft.windows.common-controls_6595b64144ccf1df_6.0.19041.1110_none_60b5254171f9507e;C:\Program Files\Android\Android Studio\jre\bin\server;C:\Users\user\.gradle\native\e1d6ef7f7dcc3fd88c89a11ec53ec762bb8ba0a96d01ffa2cd45eb1d1d8dd5c5\windows-amd64;C:\Users\user\.gradle\native\5664cfc778a61ccfe75a443a1ab52a65af34e5dc3c78e0209fed803814484fcb\windows-amd64

VM Arguments:
jvm_args: --add-opens=java.base/java.util=ALL-UNNAMED --add-opens=java.base/java.lang=ALL-UNNAMED --add-opens=java.base/java.lang.invoke=ALL-UNNAMED --add-opens=java.base/java.util=ALL-UNNAMED --add-opens=java.prefs/java.util.prefs=ALL-UNNAMED --add-opens=java.prefs/java.util.prefs=ALL-UNNAMED --add-opens=java.base/java.nio.charset=ALL-UNNAMED --add-opens=java.base/java.net=ALL-UNNAMED --add-opens=java.base/java.util.concurrent.atomic=ALL-UNNAMED -Xmx2048m -Dfile.encoding=UTF-8 -Duser.country=RU -Duser.language=ru -Duser.variant 
java_command: org.gradle.launcher.daemon.bootstrap.GradleDaemon 7.3.3
java_class_path (initial): C:\Users\user\.gradle\wrapper\dists\gradle-7.3.3-bin\6a41zxkdtcxs8rphpq6y0069z\gradle-7.3.3\lib\gradle-launcher-7.3.3.jar
Launcher Type: SUN_STANDARD

[Global flags]
     intx CICompilerCount                          = 4                                         {product} {ergonomic}
     uint ConcGCThreads                            = 2                                         {product} {ergonomic}
     uint G1ConcRefinementThreads                  = 8                                         {product} {ergonomic}
   size_t G1HeapRegionSize                         = 1048576                                   {product} {ergonomic}
    uintx GCDrainStackTargetSize                   = 64                                        {product} {ergonomic}
   size_t InitialHeapSize                          = 268435456                                 {product} {ergonomic}
   size_t MarkStackSize                            = 4194304                                   {product} {ergonomic}
   size_t MaxHeapSize                              = 2147483648                                {product} {command line}
   size_t MaxNewSize                               = 1287651328                                {product} {ergonomic}
   size_t MinHeapDeltaBytes                        = 1048576                                   {product} {ergonomic}
    uintx NonNMethodCodeHeapSize                   = 5836300                                {pd product} {ergonomic}
    uintx NonProfiledCodeHeapSize                  = 122910970                              {pd product} {ergonomic}
    uintx ProfiledCodeHeapSize                     = 122910970                              {pd product} {ergonomic}
    uintx ReservedCodeCacheSize                    = 251658240                              {pd product} {ergonomic}
     bool SegmentedCodeCache                       = true                                      {product} {ergonomic}
     bool UseCompressedClassPointers               = true                                 {lp64_product} {ergonomic}
     bool UseCompressedOops                        = true                                 {lp64_product} {ergonomic}
     bool UseG1GC                                  = true                                      {product} {ergonomic}
     bool UseLargePagesIndividualAllocation        = false                                  {pd product} {ergonomic}

Logging:
Log output configuration:
 #0: stdout all=warning uptime,level,tags
 #1: stderr all=off uptime,level,tags

Environment Variables:
PATH=C:\WINDOWS\system32;C:\WINDOWS;C:\WINDOWS\System32\Wbem;C:\WINDOWS\System32\WindowsPowerShell\v1.0\;C:\WINDOWS\System32\OpenSSH\;C:\Program Files\Git\cmd;C:\Program Files (x86)\NVIDIA Corporation\PhysX\Common;C:\Program Files\NVIDIA Corporation\NVIDIA NvDLISR;C:\Users\user\AppData\Local\Microsoft\WindowsApps;C:\Users\user\AppData\Local\GitHubDesktop\bin;C:\ProgramData\user\GitHubDesktop\bin
USERNAME=user
OS=Windows_NT
PROCESSOR_IDENTIFIER=Intel64 Family 6 Model 60 Stepping 3, GenuineIntel



---------------  S Y S T E M  ---------------

OS: Windows 10 , 64 bit Build 19041 (10.0.19041.2364)
OS uptime: 17 days 10:40 hours

CPU:total 8 (initial active 8) (4 cores per cpu, 2 threads per core) family 6 model 60 stepping 3 microcode 0x27, cmov, cx8, fxsr, mmx, sse, sse2, sse3, ssse3, sse4.1, sse4.2, popcnt, avx, avx2, aes, clmul, erms, lzcnt, ht, tsc, tscinvbit, bmi1, bmi2, fma

Memory: 4k page, system-wide physical 16272M (2484M free)
TotalPageFile size 16272M (AvailPageFile size 53M)
current process WorkingSet (physical memory assigned to process): 249M, peak: 257M
current process commit charge ("private bytes"): 416M, peak: 435M

vm_info: OpenJDK 64-Bit Server VM (11.0.12+7-b1504.28-7817840) for windows-amd64 JRE (11.0.12+7-b1504.28-7817840), built on Oct 13 2021 22:12:33 by "builder" with MS VC++ 14.0 (VS2015)

END.
