#
# There is insufficient memory for the Java Runtime Environment to continue.
# Native memory allocation (mmap) failed to map 268435456 bytes for Failed to commit area from 0x0000000701a00000 to 0x0000000711a00000 of length 268435456.
# Possible reasons:
#   The system is out of physical RAM or swap space
#   The process is running with CompressedOops enabled, and the Java Heap may be blocking the growth of the native heap
# Possible solutions:
#   Reduce memory load on the system
#   Increase physical memory or swap space
#   Check if swap backing store is full
#   Decrease Java heap size (-Xmx/-Xms)
#   Decrease number of Java threads
#   Decrease Java thread stack sizes (-Xss)
#   Set larger code cache with -XX:ReservedCodeCacheSize=
# This output file may be truncated or incomplete.
#
#  Out of Memory Error (./src/hotspot/os/windows/os_windows.cpp:3521), pid=15932, tid=15268
#
# JRE version:  (11.0.12+7) (build )
# Java VM: OpenJDK 64-Bit Server VM (11.0.12+7-b1504.28-7817840, mixed mode, sharing, tiered, compressed oops, g1 gc, windows-amd64)
# No core dump will be written. Minidumps are not enabled by default on client versions of Windows
#

---------------  S U M M A R Y ------------

Command Line: org.jetbrains.kotlin.cli.jvm.K2JVMCompiler @C:\Users\user\AndroidStudioProjects\WorkTPP7\app\build\20221212_1128625317985012250.compiler.options

Host: Intel(R) Core(TM) i7-4720HQ CPU @ 2.60GHz, 8 cores, 15G,  Windows 10 , 64 bit Build 19041 (10.0.19041.2251)
Time: Mon Dec 12 16:34:44 2022 RTZ 2 (зима) elapsed time: 0.024060 seconds (0d 0h 0m 0s)

---------------  T H R E A D  ---------------

Current thread (0x00000248e38fc000):  JavaThread "Unknown thread" [_thread_in_vm, id=15268, stack(0x000000e517000000,0x000000e517100000)]

Stack: [0x000000e517000000,0x000000e517100000]
Native frames: (J=compiled Java code, j=interpreted, Vv=VM code, C=native code)
V  [jvm.dll+0x5fbcea]
V  [jvm.dll+0x731905]
V  [jvm.dll+0x732f1d]
V  [jvm.dll+0x7335d3]
V  [jvm.dll+0x247bf8]
V  [jvm.dll+0x5f90b4]
V  [jvm.dll+0x5edc85]
V  [jvm.dll+0x305aeb]
V  [jvm.dll+0x305a5a]
V  [jvm.dll+0x305932]
V  [jvm.dll+0x30a896]
V  [jvm.dll+0x353803]
V  [jvm.dll+0x353f06]
V  [jvm.dll+0x353903]
V  [jvm.dll+0x2e0678]
V  [jvm.dll+0x2e1827]
V  [jvm.dll+0x710037]
V  [jvm.dll+0x71182c]
V  [jvm.dll+0x360da9]
V  [jvm.dll+0x6f390e]
V  [jvm.dll+0x3c9723]
V  [jvm.dll+0x3cb9b1]
C  [jli.dll+0x536b]
C  [ucrtbase.dll+0x21bb2]
C  [KERNEL32.DLL+0x174b4]
C  [ntdll.dll+0x526a1]


---------------  P R O C E S S  ---------------

Threads class SMR info:
_java_thread_list=0x00000248e1ef2900, length=0, elements={
}

Java Threads: ( => current thread )

Other Threads:
  0x00000248e3912000 GCTaskThread "GC Thread#0" [stack: 0x000000e517100000,0x000000e517200000] [id=4200]
  0x00000248e396f000 ConcurrentGCThread "G1 Main Marker" [stack: 0x000000e517200000,0x000000e517300000] [id=2672]
  0x00000248e3970000 ConcurrentGCThread "G1 Conc#0" [stack: 0x000000e517300000,0x000000e517400000] [id=9464]

[error occurred during error reporting (printing all threads), id 0xc0000005, EXCEPTION_ACCESS_VIOLATION (0xc0000005) at pc=0x00007ffb4e410be7]

VM state:not at safepoint (not fully initialized)

VM Mutex/Monitor currently owned by a thread:  ([mutex/lock_event])
[0x00000248e38f6ed0] Heap_lock - owner thread: 0x00000248e38fc000

Heap address: 0x0000000701a00000, size: 4070 MB, Compressed Oops mode: Non-zero based: 0x0000000701a00000
Narrow klass base: 0x0000000000000000, Narrow klass shift: 0

GC Heap History (0 events):
No events

Deoptimization events (0 events):
No events

Classes redefined (0 events):
No events

Internal exceptions (0 events):
No events

Events (1 events):
Event: 0.016 Loaded shared library C:\Program Files\Android\Android Studio\jre\bin\zip.dll


Dynamic libraries:
0x00007ff7d4100000 - 0x00007ff7d410a000 	C:\Program Files\Android\Android Studio\jre\bin\java.exe
0x00007ffbac610000 - 0x00007ffbac808000 	C:\WINDOWS\SYSTEM32\ntdll.dll
0x00007ffbabda0000 - 0x00007ffbabe5f000 	C:\WINDOWS\System32\KERNEL32.DLL
0x00007ffbaa380000 - 0x00007ffbaa652000 	C:\WINDOWS\System32\KERNELBASE.dll
0x00007ffba9e70000 - 0x00007ffba9f70000 	C:\WINDOWS\System32\ucrtbase.dll
0x00007ffb81360000 - 0x00007ffb81377000 	C:\Program Files\Android\Android Studio\jre\bin\VCRUNTIME140.dll
0x00007ffb81560000 - 0x00007ffb81579000 	C:\Program Files\Android\Android Studio\jre\bin\jli.dll
0x00007ffbab090000 - 0x00007ffbab22d000 	C:\WINDOWS\System32\USER32.dll
0x00007ffb95ab0000 - 0x00007ffb95d4a000 	C:\WINDOWS\WinSxS\amd64_microsoft.windows.common-controls_6595b64144ccf1df_6.0.19041.1110_none_60b5254171f9507e\COMCTL32.dll
0x00007ffba9e40000 - 0x00007ffba9e62000 	C:\WINDOWS\System32\win32u.dll
0x00007ffbaa7c0000 - 0x00007ffbaa85e000 	C:\WINDOWS\System32\msvcrt.dll
0x00007ffbaabf0000 - 0x00007ffbaac1b000 	C:\WINDOWS\System32\GDI32.dll
0x00007ffbaa270000 - 0x00007ffbaa37f000 	C:\WINDOWS\System32\gdi32full.dll
0x00007ffba9d10000 - 0x00007ffba9dad000 	C:\WINDOWS\System32\msvcp_win.dll
0x00007ffbab570000 - 0x00007ffbab5a2000 	C:\WINDOWS\System32\IMM32.DLL
0x00007ffb70070000 - 0x00007ffb7010d000 	C:\Program Files\Android\Android Studio\jre\bin\msvcp140.dll
0x00007ffb4e120000 - 0x00007ffb4ec05000 	C:\Program Files\Android\Android Studio\jre\bin\server\jvm.dll
0x00007ffbaa980000 - 0x00007ffbaaa2e000 	C:\WINDOWS\System32\ADVAPI32.dll
0x00007ffbab5b0000 - 0x00007ffbab64c000 	C:\WINDOWS\System32\sechost.dll
0x00007ffbaaac0000 - 0x00007ffbaabe5000 	C:\WINDOWS\System32\RPCRT4.dll
0x00007ffbab750000 - 0x00007ffbab758000 	C:\WINDOWS\System32\PSAPI.DLL
0x00007ffba59c0000 - 0x00007ffba59c9000 	C:\WINDOWS\SYSTEM32\WSOCK32.dll
0x00007ffbab7c0000 - 0x00007ffbab82b000 	C:\WINDOWS\System32\WS2_32.dll
0x00007ffb97d50000 - 0x00007ffb97d77000 	C:\WINDOWS\SYSTEM32\WINMM.dll
0x00007ffba3c50000 - 0x00007ffba3c5a000 	C:\WINDOWS\SYSTEM32\VERSION.dll
0x00007ffba7bd0000 - 0x00007ffba7be2000 	C:\WINDOWS\SYSTEM32\kernel.appcore.dll
0x00007ffb92c10000 - 0x00007ffb92c21000 	C:\Program Files\Android\Android Studio\jre\bin\verify.dll
0x00007ffb97810000 - 0x00007ffb979f4000 	C:\WINDOWS\SYSTEM32\DBGHELP.DLL
0x00007ffb97230000 - 0x00007ffb9725c000 	C:\WINDOWS\SYSTEM32\dbgcore.DLL
0x00007ffba9db0000 - 0x00007ffba9e32000 	C:\WINDOWS\System32\bcryptPrimitives.dll
0x00007ffb85300000 - 0x00007ffb85329000 	C:\Program Files\Android\Android Studio\jre\bin\java.dll
0x00007ffb9cba0000 - 0x00007ffb9cbab000 	C:\Program Files\Android\Android Studio\jre\bin\jimage.dll
0x00007ffb928c0000 - 0x00007ffb928d8000 	C:\Program Files\Android\Android Studio\jre\bin\zip.dll

dbghelp: loaded successfully - version: 4.0.5 - missing functions: none
symbol engine: initialized successfully - sym options: 0x614 - pdb path: .;C:\Program Files\Android\Android Studio\jre\bin;C:\WINDOWS\SYSTEM32;C:\WINDOWS\WinSxS\amd64_microsoft.windows.common-controls_6595b64144ccf1df_6.0.19041.1110_none_60b5254171f9507e;C:\Program Files\Android\Android Studio\jre\bin\server

VM Arguments:
java_command: org.jetbrains.kotlin.cli.jvm.K2JVMCompiler @C:\Users\user\AndroidStudioProjects\WorkTPP7\app\build\20221212_1128625317985012250.compiler.options
java_class_path (initial): C:\Users\user\.gradle\caches\modules-2\files-2.1\org.jetbrains.kotlin\kotlin-compiler-embeddable\1.6.10\88f2073f4020cdb83132cfe940ceb9a60aba54ea\kotlin-compiler-embeddable-1.6.10.jar;C:\Users\user\.gradle\caches\modules-2\files-2.1\org.jetbrains.kotlin\kotlin-reflect\1.6.10\1cbe9c92c12a94eea200d23c2bbaedaf3daf5132\kotlin-reflect-1.6.10.jar;C:\Users\user\.gradle\caches\modules-2\files-2.1\org.jetbrains.kotlin\kotlin-stdlib\1.6.10\b8af3fe6f1ca88526914929add63cf5e7c5049af\kotlin-stdlib-1.6.10.jar;C:\Users\user\.gradle\caches\modules-2\files-2.1\org.jetbrains.kotlin\kotlin-script-runtime\1.6.10\d0a7ff2e2500ef497ed0214ae40ad3c8387a6164\kotlin-script-runtime-1.6.10.jar;C:\Users\user\.gradle\caches\modules-2\files-2.1\org.jetbrains.kotlin\kotlin-daemon-embeddable\1.6.10\a56d79bcbea411fa6058e4ecffc2de73e742bd2a\kotlin-daemon-embeddable-1.6.10.jar;C:\Users\user\.gradle\caches\modules-2\files-2.1\org.jetbrains.intellij.deps\trove4j\1.0.20181211\216c2e14b070f334479d800987affe4054cd563f\trove4j-1.0.20181211.jar;C:\Users\user\.gradle\caches\modules-2\files-2.1\net.java.dev.jna\jna\5.6.0\330f2244e9030119ab3030fc3fededc86713d9cc\jna-5.6.0.jar;C:\Users\user\.gradle\caches\modules-2\files-2.1\org.jetbrains\annotations\13.0\919f0dfe192fb4e063e7dacadee7f8bb9a2672a9\annotations-13.0.jar;C:\Users\user\.gradle\caches\modules-2\files-2.1\org.jetbrains.kotlin\kotlin-stdlib-common\1.6.10\c118700e3a33c8a0d9adc920e9dec0831171925\kotlin-stdlib-common-1.6.10.jar
Launcher Type: SUN_STANDARD

[Global flags]
     intx CICompilerCount                          = 4                                         {product} {ergonomic}
     uint ConcGCThreads                            = 2                                         {product} {ergonomic}
     uint G1ConcRefinementThreads                  = 8                                         {product} {ergonomic}
   size_t G1HeapRegionSize                         = 1048576                                   {product} {ergonomic}
    uintx GCDrainStackTargetSize                   = 64                                        {product} {ergonomic}
   size_t InitialHeapSize                          = 268435456                                 {product} {ergonomic}
   size_t MarkStackSize                            = 4194304                                   {product} {ergonomic}
   size_t MaxHeapSize                              = 4267704320                                {product} {ergonomic}
   size_t MinHeapDeltaBytes                        = 1048576                                   {product} {ergonomic}
    uintx NonNMethodCodeHeapSize                   = 5836300                                {pd product} {ergonomic}
    uintx NonProfiledCodeHeapSize                  = 122910970                              {pd product} {ergonomic}
    uintx ProfiledCodeHeapSize                     = 122910970                              {pd product} {ergonomic}
    uintx ReservedCodeCacheSize                    = 251658240                              {pd product} {ergonomic}
     bool SegmentedCodeCache                       = true                                      {product} {ergonomic}
     bool UseCompressedClassPointers               = true                                 {lp64_product} {ergonomic}
     bool UseCompressedOops                        = true                                 {lp64_product} {ergonomic}
     bool UseG1GC                                  = true                                      {product} {ergonomic}
     bool UseLargePagesIndividualAllocation        = false                                  {pd product} {ergonomic}

Logging:
Log output configuration:
 #0: stdout all=warning uptime,level,tags
 #1: stderr all=off uptime,level,tags

Environment Variables:
PATH=C:\WINDOWS\system32;C:\WINDOWS;C:\WINDOWS\System32\Wbem;C:\WINDOWS\System32\WindowsPowerShell\v1.0\;C:\WINDOWS\System32\OpenSSH\;C:\Program Files\Git\cmd;C:\Program Files (x86)\NVIDIA Corporation\PhysX\Common;C:\Program Files\NVIDIA Corporation\NVIDIA NvDLISR;C:\Users\user\AppData\Local\Microsoft\WindowsApps;C:\Users\user\AppData\Local\GitHubDesktop\bin;C:\ProgramData\user\GitHubDesktop\bin
USERNAME=user
OS=Windows_NT
PROCESSOR_IDENTIFIER=Intel64 Family 6 Model 60 Stepping 3, GenuineIntel



---------------  S Y S T E M  ---------------

OS: Windows 10 , 64 bit Build 19041 (10.0.19041.2251)
OS uptime: 9 days 2:44 hours

CPU:total 8 (initial active 8) (4 cores per cpu, 2 threads per core) family 6 model 60 stepping 3 microcode 0x27, cmov, cx8, fxsr, mmx, sse, sse2, sse3, ssse3, sse4.1, sse4.2, popcnt, avx, avx2, aes, clmul, erms, lzcnt, ht, tsc, tscinvbit, bmi1, bmi2, fma

Memory: 4k page, system-wide physical 16272M (2630M free)
TotalPageFile size 16272M (AvailPageFile size 117M)
current process WorkingSet (physical memory assigned to process): 10M, peak: 10M
current process commit charge ("private bytes"): 60M, peak: 316M

vm_info: OpenJDK 64-Bit Server VM (11.0.12+7-b1504.28-7817840) for windows-amd64 JRE (11.0.12+7-b1504.28-7817840), built on Oct 13 2021 22:12:33 by "builder" with MS VC++ 14.0 (VS2015)

END.
